#
# There is insufficient memory for the Java Runtime Environment to continue.
# Native memory allocation (malloc) failed to allocate 1756976 bytes for Chunk::new
# Possible reasons:
#   The system is out of physical RAM or swap space
#   The process is running with CompressedOops enabled, and the Java Heap may be blocking the growth of the native heap
# Possible solutions:
#   Reduce memory load on the system
#   Increase physical memory or swap space
#   Check if swap backing store is full
#   Decrease Java heap size (-Xmx/-Xms)
#   Decrease number of Java threads
#   Decrease Java thread stack sizes (-Xss)
#   Set larger code cache with -XX:ReservedCodeCacheSize=
#   JVM is running with Unscaled Compressed Oops mode in which the Java heap is
#     placed in the first 4GB address space. The Java Heap base address is the
#     maximum limit for the native heap growth. Please use -XX:HeapBaseMinAddress
#     to set the Java Heap base and to place the Java Heap above 4GB virtual address.
# This output file may be truncated or incomplete.
#
#  Out of Memory Error (arena.cpp:168), pid=7612, tid=1376
#
# JRE version: Java(TM) SE Runtime Environment (21.0.6+8) (build 21.0.6+8-LTS-188)
# Java VM: Java HotSpot(TM) 64-Bit Server VM (21.0.6+8-LTS-188, mixed mode, sharing, tiered, compressed oops, compressed class ptrs, g1 gc, windows-amd64)
# No core dump will be written. Minidumps are not enabled by default on client versions of Windows
#

---------------  S U M M A R Y ------------

Command Line: --add-opens=java.base/java.lang=ALL-UNNAMED --add-opens=java.base/java.lang.invoke=ALL-UNNAMED --add-opens=java.base/java.util=ALL-UNNAMED --add-opens=java.prefs/java.util.prefs=ALL-UNNAMED --add-exports=jdk.compiler/com.sun.tools.javac.api=ALL-UNNAMED --add-exports=jdk.compiler/com.sun.tools.javac.util=ALL-UNNAMED --add-opens=java.base/java.util=ALL-UNNAMED --add-opens=java.prefs/java.util.prefs=ALL-UNNAMED --add-opens=java.base/java.nio.charset=ALL-UNNAMED --add-opens=java.base/java.net=ALL-UNNAMED --add-opens=java.base/java.util.concurrent.atomic=ALL-UNNAMED --add-opens=java.xml/javax.xml.namespace=ALL-UNNAMED -XX:MaxMetaspaceSize=384m -XX:+HeapDumpOnOutOfMemoryError -Xms256m -Xmx512m -Dfile.encoding=UTF-8 -Duser.country=RU -Duser.language=ru -Duser.variant -javaagent:C:\Users\Usser\.gradle\wrapper\dists\gradle-8.12.1-bin\eumc4uhoysa37zql93vfjkxy0\gradle-8.12.1\lib\agents\gradle-instrumentation-agent-8.12.1.jar org.gradle.launcher.daemon.bootstrap.GradleDaemon 8.12.1

Host: Intel(R) Core(TM) i3-7100 CPU @ 3.90GHz, 4 cores, 7G,  Windows 10 , 64 bit Build 19041 (10.0.19041.5438)
Time: Wed Apr  2 03:55:28 2025  Windows 10 , 64 bit Build 19041 (10.0.19041.5438) elapsed time: 13.087587 seconds (0d 0h 0m 13s)

---------------  T H R E A D  ---------------

Current thread (0x0000020da9827610):  JavaThread "C2 CompilerThread0" daemon [_thread_in_native, id=1376, stack(0x000000a159100000,0x000000a159200000) (1024K)]


Current CompileTask:
C2:  13087 4028       4       java.net.URLClassLoader$1::run (5 bytes)

Stack: [0x000000a159100000,0x000000a159200000]
Native frames: (J=compiled Java code, j=interpreted, Vv=VM code, C=native code)
V  [jvm.dll+0x6ca6d9]
V  [jvm.dll+0x854f51]
V  [jvm.dll+0x85747e]
V  [jvm.dll+0x857b53]
V  [jvm.dll+0x27dcc6]
V  [jvm.dll+0xc4c2d]
V  [jvm.dll+0xc5163]
V  [jvm.dll+0x3b5122]
V  [jvm.dll+0x381855]
V  [jvm.dll+0x380cca]
V  [jvm.dll+0x246920]
V  [jvm.dll+0x245eff]
V  [jvm.dll+0x1c6d2e]
V  [jvm.dll+0x2554f9]
V  [jvm.dll+0x253a8a]
V  [jvm.dll+0x3ee576]
V  [jvm.dll+0x7ff2fb]
V  [jvm.dll+0x6c8dbd]
C  [ucrtbase.dll+0x21bb2]
C  [KERNEL32.DLL+0x17374]
C  [ntdll.dll+0x4cc91]


---------------  P R O C E S S  ---------------

Threads class SMR info:
_java_thread_list=0x0000020dc70f2c40, length=30, elements={
0x0000020d8f47d790, 0x0000020da9819ed0, 0x0000020da981aad0, 0x0000020da981c890,
0x0000020da981d2e0, 0x0000020da981e090, 0x0000020da981fa20, 0x0000020da9827610,
0x0000020da982aaa0, 0x0000020da9a2c920, 0x0000020da9bdda20, 0x0000020dc462b200,
0x0000020dc46c57c0, 0x0000020dc48a03e0, 0x0000020dc483a8f0, 0x0000020dc483b320,
0x0000020dc489b0e0, 0x0000020dc489b740, 0x0000020dc4884ce0, 0x0000020dc4523730,
0x0000020dc45241b0, 0x0000020dc4525bf0, 0x0000020dc4525560, 0x0000020dc4527630,
0x0000020dc4526280, 0x0000020dc4526910, 0x0000020dc4526fa0, 0x0000020dc4524ed0,
0x0000020dc4774df0, 0x0000020da982b170
}

Java Threads: ( => current thread )
  0x0000020d8f47d790 JavaThread "main"                              [_thread_blocked, id=9724, stack(0x000000a158300000,0x000000a158400000) (1024K)]
  0x0000020da9819ed0 JavaThread "Reference Handler"          daemon [_thread_blocked, id=7788, stack(0x000000a158b00000,0x000000a158c00000) (1024K)]
  0x0000020da981aad0 JavaThread "Finalizer"                  daemon [_thread_blocked, id=7468, stack(0x000000a158c00000,0x000000a158d00000) (1024K)]
  0x0000020da981c890 JavaThread "Signal Dispatcher"          daemon [_thread_blocked, id=13608, stack(0x000000a158d00000,0x000000a158e00000) (1024K)]
  0x0000020da981d2e0 JavaThread "Attach Listener"            daemon [_thread_blocked, id=13296, stack(0x000000a158e00000,0x000000a158f00000) (1024K)]
  0x0000020da981e090 JavaThread "Service Thread"             daemon [_thread_blocked, id=6548, stack(0x000000a158f00000,0x000000a159000000) (1024K)]
  0x0000020da981fa20 JavaThread "Monitor Deflation Thread"   daemon [_thread_blocked, id=516, stack(0x000000a159000000,0x000000a159100000) (1024K)]
=>0x0000020da9827610 JavaThread "C2 CompilerThread0"         daemon [_thread_in_native, id=1376, stack(0x000000a159100000,0x000000a159200000) (1024K)]
  0x0000020da982aaa0 JavaThread "C1 CompilerThread0"         daemon [_thread_blocked, id=12200, stack(0x000000a159200000,0x000000a159300000) (1024K)]
  0x0000020da9a2c920 JavaThread "Common-Cleaner"             daemon [_thread_blocked, id=2144, stack(0x000000a159300000,0x000000a159400000) (1024K)]
  0x0000020da9bdda20 JavaThread "Notification Thread"        daemon [_thread_blocked, id=15128, stack(0x000000a159400000,0x000000a159500000) (1024K)]
  0x0000020dc462b200 JavaThread "Daemon health stats"               [_thread_blocked, id=7852, stack(0x000000a159500000,0x000000a159600000) (1024K)]
  0x0000020dc46c57c0 JavaThread "Incoming local TCP Connector on port 59480"        [_thread_in_native, id=8992, stack(0x000000a159900000,0x000000a159a00000) (1024K)]
  0x0000020dc48a03e0 JavaThread "Daemon periodic checks"            [_thread_blocked, id=10520, stack(0x000000a159a00000,0x000000a159b00000) (1024K)]
  0x0000020dc483a8f0 JavaThread "Daemon"                            [_thread_blocked, id=13552, stack(0x000000a159b00000,0x000000a159c00000) (1024K)]
  0x0000020dc483b320 JavaThread "Handler for socket connection from /127.0.0.1:59480 to /127.0.0.1:59482"        [_thread_in_native, id=11388, stack(0x000000a159c00000,0x000000a159d00000) (1024K)]
  0x0000020dc489b0e0 JavaThread "Cancel handler"                    [_thread_blocked, id=14760, stack(0x000000a159d00000,0x000000a159e00000) (1024K)]
  0x0000020dc489b740 JavaThread "Daemon worker"                     [_thread_blocked, id=4808, stack(0x000000a159e00000,0x000000a159f00000) (1024K)]
  0x0000020dc4884ce0 JavaThread "Asynchronous log dispatcher for DefaultDaemonConnection: socket connection from /127.0.0.1:59480 to /127.0.0.1:59482"        [_thread_blocked, id=11612, stack(0x000000a159f00000,0x000000a15a000000) (1024K)]
  0x0000020dc4523730 JavaThread "Stdin handler"                     [_thread_blocked, id=6840, stack(0x000000a15a000000,0x000000a15a100000) (1024K)]
  0x0000020dc45241b0 JavaThread "Daemon client event forwarder"        [_thread_blocked, id=10184, stack(0x000000a15a100000,0x000000a15a200000) (1024K)]
  0x0000020dc4525bf0 JavaThread "Cache worker for journal cache (C:\Users\Usser\.gradle\caches\journal-1)"        [_thread_blocked, id=9716, stack(0x000000a15a200000,0x000000a15a300000) (1024K)]
  0x0000020dc4525560 JavaThread "File lock request listener"        [_thread_in_native, id=2868, stack(0x000000a15a300000,0x000000a15a400000) (1024K)]
  0x0000020dc4527630 JavaThread "File lock release action executor"        [_thread_blocked, id=11304, stack(0x000000a15a400000,0x000000a15a500000) (1024K)]
  0x0000020dc4526280 JavaThread "Cache worker for file hash cache (C:\Users\Usser\.gradle\caches\8.12.1\fileHashes)"        [_thread_blocked, id=5112, stack(0x000000a15a500000,0x000000a15a600000) (1024K)]
  0x0000020dc4526910 JavaThread "Cache worker for file hash cache (D:\Home\Home\MyJavaProject1\.gradle\8.12.1\fileHashes)"        [_thread_blocked, id=11628, stack(0x000000a15a600000,0x000000a15a700000) (1024K)]
  0x0000020dc4526fa0 JavaThread "Cache worker for Build Output Cleanup Cache (D:\Home\Home\MyJavaProject1\.gradle\buildOutputCleanup)"        [_thread_blocked, id=7212, stack(0x000000a15a700000,0x000000a15a800000) (1024K)]
  0x0000020dc4524ed0 JavaThread "File watcher server"        daemon [_thread_in_native, id=13592, stack(0x000000a15a800000,0x000000a15a900000) (1024K)]
  0x0000020dc4774df0 JavaThread "File watcher consumer"      daemon [_thread_blocked, id=3644, stack(0x000000a15a900000,0x000000a15aa00000) (1024K)]
  0x0000020da982b170 JavaThread "C2 CompilerThread1"         daemon [_thread_in_native, id=5580, stack(0x000000a15aa00000,0x000000a15ab00000) (1024K)]
Total: 30

Other Threads:
  0x0000020da97ff590 VMThread "VM Thread"                           [id=7204, stack(0x000000a158a00000,0x000000a158b00000) (1024K)]
  0x0000020da97ec990 WatcherThread "VM Periodic Task Thread"        [id=8228, stack(0x000000a158900000,0x000000a158a00000) (1024K)]
  0x0000020d8f4a7d30 WorkerThread "GC Thread#0"                     [id=7012, stack(0x000000a158400000,0x000000a158500000) (1024K)]
  0x0000020da9d0ade0 WorkerThread "GC Thread#1"                     [id=6492, stack(0x000000a159600000,0x000000a159700000) (1024K)]
  0x0000020da9d0b180 WorkerThread "GC Thread#2"                     [id=13152, stack(0x000000a159700000,0x000000a159800000) (1024K)]
  0x0000020da9d0b520 WorkerThread "GC Thread#3"                     [id=6960, stack(0x000000a159800000,0x000000a159900000) (1024K)]
  0x0000020d8f4accf0 ConcurrentGCThread "G1 Main Marker"            [id=6060, stack(0x000000a158500000,0x000000a158600000) (1024K)]
  0x0000020d8f4aed50 WorkerThread "G1 Conc#0"                       [id=14916, stack(0x000000a158600000,0x000000a158700000) (1024K)]
  0x0000020da96c01a0 ConcurrentGCThread "G1 Refine#0"               [id=3812, stack(0x000000a158700000,0x000000a158800000) (1024K)]
  0x0000020da96c09c0 ConcurrentGCThread "G1 Service"                [id=9172, stack(0x000000a158800000,0x000000a158900000) (1024K)]
Total: 10

Threads with active compile tasks:
C2 CompilerThread0    13734 4028       4       java.net.URLClassLoader$1::run (5 bytes)
C2 CompilerThread1    13734 4030   !   4       java.net.URLClassLoader$1::run (81 bytes)
Total: 2

VM state: not at safepoint (normal execution)

VM Mutex/Monitor currently owned by a thread: None

Heap address: 0x00000000e0000000, size: 512 MB, Compressed Oops mode: 32-bit

CDS archive(s) mapped at: [0x0000020daa000000-0x0000020daac90000-0x0000020daac90000), size 13172736, SharedBaseAddress: 0x0000020daa000000, ArchiveRelocationMode: 1.
Compressed class space mapped at: 0x0000020dab000000-0x0000020dbf000000, reserved size: 335544320
Narrow klass base: 0x0000020daa000000, Narrow klass shift: 0, Narrow klass range: 0x100000000

GC Precious Log:
 CardTable entry size: 512
 Card Set container configuration: InlinePtr #cards 5 size 8 Array Of Cards #cards 12 size 40 Howl #buckets 4 coarsen threshold 1843 Howl Bitmap #cards 512 size 80 coarsen threshold 460 Card regions per heap region 1 cards per card region 2048
 CPUs: 4 total, 4 available
 Memory: 8057M
 Large Page Support: Disabled
 NUMA Support: Disabled
 Compressed Oops: Enabled (32-bit)
 Heap Region Size: 1M
 Heap Min Capacity: 256M
 Heap Initial Capacity: 256M
 Heap Max Capacity: 512M
 Pre-touch: Disabled
 Parallel Workers: 4
 Concurrent Workers: 1
 Concurrent Refinement Workers: 4
 Periodic GC: Disabled

Heap:
 garbage-first heap   total 262144K, used 103893K [0x00000000e0000000, 0x0000000100000000)
  region size 1024K, 81 young (82944K), 2 survivors (2048K)
 Metaspace       used 31783K, committed 32768K, reserved 393216K
  class space    used 4399K, committed 4928K, reserved 327680K

Heap Regions: E=young(eden), S=young(survivor), O=old, HS=humongous(starts), HC=humongous(continues), CS=collection set, F=free, TAMS=top-at-mark-start, PB=parsable bottom
|   0|0x00000000e0000000, 0x00000000e0100000, 0x00000000e0100000|100%|HS|  |TAMS 0x00000000e0000000| PB 0x00000000e0000000| Complete 
|   1|0x00000000e0100000, 0x00000000e0200000, 0x00000000e0200000|100%|HC|  |TAMS 0x00000000e0100000| PB 0x00000000e0100000| Complete 
|   2|0x00000000e0200000, 0x00000000e0300000, 0x00000000e0300000|100%|HC|  |TAMS 0x00000000e0200000| PB 0x00000000e0200000| Complete 
|   3|0x00000000e0300000, 0x00000000e0400000, 0x00000000e0400000|100%| O|  |TAMS 0x00000000e0300000| PB 0x00000000e0300000| Untracked 
|   4|0x00000000e0400000, 0x00000000e0500000, 0x00000000e0500000|100%| O|  |TAMS 0x00000000e0400000| PB 0x00000000e0400000| Untracked 
|   5|0x00000000e0500000, 0x00000000e0600000, 0x00000000e0600000|100%| O|  |TAMS 0x00000000e0500000| PB 0x00000000e0500000| Untracked 
|   6|0x00000000e0600000, 0x00000000e0700000, 0x00000000e0700000|100%|HS|  |TAMS 0x00000000e0600000| PB 0x00000000e0600000| Complete 
|   7|0x00000000e0700000, 0x00000000e0800000, 0x00000000e0800000|100%| O|  |TAMS 0x00000000e0700000| PB 0x00000000e0700000| Untracked 
|   8|0x00000000e0800000, 0x00000000e0900000, 0x00000000e0900000|100%| O|  |TAMS 0x00000000e0800000| PB 0x00000000e0800000| Untracked 
|   9|0x00000000e0900000, 0x00000000e0a00000, 0x00000000e0a00000|100%| O|  |TAMS 0x00000000e0900000| PB 0x00000000e0900000| Untracked 
|  10|0x00000000e0a00000, 0x00000000e0b00000, 0x00000000e0b00000|100%| O|  |TAMS 0x00000000e0a00000| PB 0x00000000e0a00000| Untracked 
|  11|0x00000000e0b00000, 0x00000000e0c00000, 0x00000000e0c00000|100%| O|  |TAMS 0x00000000e0b00000| PB 0x00000000e0b00000| Untracked 
|  12|0x00000000e0c00000, 0x00000000e0d00000, 0x00000000e0d00000|100%| O|  |TAMS 0x00000000e0c00000| PB 0x00000000e0c00000| Untracked 
|  13|0x00000000e0d00000, 0x00000000e0e00000, 0x00000000e0e00000|100%| O|  |TAMS 0x00000000e0d00000| PB 0x00000000e0d00000| Untracked 
|  14|0x00000000e0e00000, 0x00000000e0f00000, 0x00000000e0f00000|100%| O|  |TAMS 0x00000000e0e00000| PB 0x00000000e0e00000| Untracked 
|  15|0x00000000e0f00000, 0x00000000e1000000, 0x00000000e1000000|100%| O|  |TAMS 0x00000000e0f00000| PB 0x00000000e0f00000| Untracked 
|  16|0x00000000e1000000, 0x00000000e1100000, 0x00000000e1100000|100%| O|  |TAMS 0x00000000e1000000| PB 0x00000000e1000000| Untracked 
|  17|0x00000000e1100000, 0x00000000e1200000, 0x00000000e1200000|100%| O|  |TAMS 0x00000000e1100000| PB 0x00000000e1100000| Untracked 
|  18|0x00000000e1200000, 0x00000000e1300000, 0x00000000e1300000|100%| O|  |TAMS 0x00000000e1200000| PB 0x00000000e1200000| Untracked 
|  19|0x00000000e1300000, 0x00000000e1400000, 0x00000000e1400000|100%| O|  |TAMS 0x00000000e1300000| PB 0x00000000e1300000| Untracked 
|  20|0x00000000e1400000, 0x00000000e1500000, 0x00000000e1500000|100%| O|  |TAMS 0x00000000e1400000| PB 0x00000000e1400000| Untracked 
|  21|0x00000000e1500000, 0x00000000e1600000, 0x00000000e1600000|100%| O|  |TAMS 0x00000000e1500000| PB 0x00000000e1500000| Untracked 
|  22|0x00000000e1600000, 0x00000000e1675600, 0x00000000e1700000| 45%| O|  |TAMS 0x00000000e1600000| PB 0x00000000e1600000| Untracked 
|  23|0x00000000e1700000, 0x00000000e1700000, 0x00000000e1800000|  0%| F|  |TAMS 0x00000000e1700000| PB 0x00000000e1700000| Untracked 
|  24|0x00000000e1800000, 0x00000000e1800000, 0x00000000e1900000|  0%| F|  |TAMS 0x00000000e1800000| PB 0x00000000e1800000| Untracked 
|  25|0x00000000e1900000, 0x00000000e1900000, 0x00000000e1a00000|  0%| F|  |TAMS 0x00000000e1900000| PB 0x00000000e1900000| Untracked 
|  26|0x00000000e1a00000, 0x00000000e1a00000, 0x00000000e1b00000|  0%| F|  |TAMS 0x00000000e1a00000| PB 0x00000000e1a00000| Untracked 
|  27|0x00000000e1b00000, 0x00000000e1b00000, 0x00000000e1c00000|  0%| F|  |TAMS 0x00000000e1b00000| PB 0x00000000e1b00000| Untracked 
|  28|0x00000000e1c00000, 0x00000000e1c00000, 0x00000000e1d00000|  0%| F|  |TAMS 0x00000000e1c00000| PB 0x00000000e1c00000| Untracked 
|  29|0x00000000e1d00000, 0x00000000e1d00000, 0x00000000e1e00000|  0%| F|  |TAMS 0x00000000e1d00000| PB 0x00000000e1d00000| Untracked 
|  30|0x00000000e1e00000, 0x00000000e1e00000, 0x00000000e1f00000|  0%| F|  |TAMS 0x00000000e1e00000| PB 0x00000000e1e00000| Untracked 
|  31|0x00000000e1f00000, 0x00000000e1f00000, 0x00000000e2000000|  0%| F|  |TAMS 0x00000000e1f00000| PB 0x00000000e1f00000| Untracked 
|  32|0x00000000e2000000, 0x00000000e2000000, 0x00000000e2100000|  0%| F|  |TAMS 0x00000000e2000000| PB 0x00000000e2000000| Untracked 
|  33|0x00000000e2100000, 0x00000000e2100000, 0x00000000e2200000|  0%| F|  |TAMS 0x00000000e2100000| PB 0x00000000e2100000| Untracked 
|  34|0x00000000e2200000, 0x00000000e2200000, 0x00000000e2300000|  0%| F|  |TAMS 0x00000000e2200000| PB 0x00000000e2200000| Untracked 
|  35|0x00000000e2300000, 0x00000000e2300000, 0x00000000e2400000|  0%| F|  |TAMS 0x00000000e2300000| PB 0x00000000e2300000| Untracked 
|  36|0x00000000e2400000, 0x00000000e2400000, 0x00000000e2500000|  0%| F|  |TAMS 0x00000000e2400000| PB 0x00000000e2400000| Untracked 
|  37|0x00000000e2500000, 0x00000000e2500000, 0x00000000e2600000|  0%| F|  |TAMS 0x00000000e2500000| PB 0x00000000e2500000| Untracked 
|  38|0x00000000e2600000, 0x00000000e2600000, 0x00000000e2700000|  0%| F|  |TAMS 0x00000000e2600000| PB 0x00000000e2600000| Untracked 
|  39|0x00000000e2700000, 0x00000000e2700000, 0x00000000e2800000|  0%| F|  |TAMS 0x00000000e2700000| PB 0x00000000e2700000| Untracked 
|  40|0x00000000e2800000, 0x00000000e2800000, 0x00000000e2900000|  0%| F|  |TAMS 0x00000000e2800000| PB 0x00000000e2800000| Untracked 
|  41|0x00000000e2900000, 0x00000000e2900000, 0x00000000e2a00000|  0%| F|  |TAMS 0x00000000e2900000| PB 0x00000000e2900000| Untracked 
|  42|0x00000000e2a00000, 0x00000000e2a00000, 0x00000000e2b00000|  0%| F|  |TAMS 0x00000000e2a00000| PB 0x00000000e2a00000| Untracked 
|  43|0x00000000e2b00000, 0x00000000e2b00000, 0x00000000e2c00000|  0%| F|  |TAMS 0x00000000e2b00000| PB 0x00000000e2b00000| Untracked 
|  44|0x00000000e2c00000, 0x00000000e2c00000, 0x00000000e2d00000|  0%| F|  |TAMS 0x00000000e2c00000| PB 0x00000000e2c00000| Untracked 
|  45|0x00000000e2d00000, 0x00000000e2d00000, 0x00000000e2e00000|  0%| F|  |TAMS 0x00000000e2d00000| PB 0x00000000e2d00000| Untracked 
|  46|0x00000000e2e00000, 0x00000000e2e00000, 0x00000000e2f00000|  0%| F|  |TAMS 0x00000000e2e00000| PB 0x00000000e2e00000| Untracked 
|  47|0x00000000e2f00000, 0x00000000e2f00000, 0x00000000e3000000|  0%| F|  |TAMS 0x00000000e2f00000| PB 0x00000000e2f00000| Untracked 
|  48|0x00000000e3000000, 0x00000000e3000000, 0x00000000e3100000|  0%| F|  |TAMS 0x00000000e3000000| PB 0x00000000e3000000| Untracked 
|  49|0x00000000e3100000, 0x00000000e3100000, 0x00000000e3200000|  0%| F|  |TAMS 0x00000000e3100000| PB 0x00000000e3100000| Untracked 
|  50|0x00000000e3200000, 0x00000000e3200000, 0x00000000e3300000|  0%| F|  |TAMS 0x00000000e3200000| PB 0x00000000e3200000| Untracked 
|  51|0x00000000e3300000, 0x00000000e3300000, 0x00000000e3400000|  0%| F|  |TAMS 0x00000000e3300000| PB 0x00000000e3300000| Untracked 
|  52|0x00000000e3400000, 0x00000000e3400000, 0x00000000e3500000|  0%| F|  |TAMS 0x00000000e3400000| PB 0x00000000e3400000| Untracked 
|  53|0x00000000e3500000, 0x00000000e3500000, 0x00000000e3600000|  0%| F|  |TAMS 0x00000000e3500000| PB 0x00000000e3500000| Untracked 
|  54|0x00000000e3600000, 0x00000000e3600000, 0x00000000e3700000|  0%| F|  |TAMS 0x00000000e3600000| PB 0x00000000e3600000| Untracked 
|  55|0x00000000e3700000, 0x00000000e3700000, 0x00000000e3800000|  0%| F|  |TAMS 0x00000000e3700000| PB 0x00000000e3700000| Untracked 
|  56|0x00000000e3800000, 0x00000000e3800000, 0x00000000e3900000|  0%| F|  |TAMS 0x00000000e3800000| PB 0x00000000e3800000| Untracked 
|  57|0x00000000e3900000, 0x00000000e3900000, 0x00000000e3a00000|  0%| F|  |TAMS 0x00000000e3900000| PB 0x00000000e3900000| Untracked 
|  58|0x00000000e3a00000, 0x00000000e3a00000, 0x00000000e3b00000|  0%| F|  |TAMS 0x00000000e3a00000| PB 0x00000000e3a00000| Untracked 
|  59|0x00000000e3b00000, 0x00000000e3b00000, 0x00000000e3c00000|  0%| F|  |TAMS 0x00000000e3b00000| PB 0x00000000e3b00000| Untracked 
|  60|0x00000000e3c00000, 0x00000000e3c00000, 0x00000000e3d00000|  0%| F|  |TAMS 0x00000000e3c00000| PB 0x00000000e3c00000| Untracked 
|  61|0x00000000e3d00000, 0x00000000e3d00000, 0x00000000e3e00000|  0%| F|  |TAMS 0x00000000e3d00000| PB 0x00000000e3d00000| Untracked 
|  62|0x00000000e3e00000, 0x00000000e3e00000, 0x00000000e3f00000|  0%| F|  |TAMS 0x00000000e3e00000| PB 0x00000000e3e00000| Untracked 
|  63|0x00000000e3f00000, 0x00000000e3f00000, 0x00000000e4000000|  0%| F|  |TAMS 0x00000000e3f00000| PB 0x00000000e3f00000| Untracked 
|  64|0x00000000e4000000, 0x00000000e4000000, 0x00000000e4100000|  0%| F|  |TAMS 0x00000000e4000000| PB 0x00000000e4000000| Untracked 
|  65|0x00000000e4100000, 0x00000000e4100000, 0x00000000e4200000|  0%| F|  |TAMS 0x00000000e4100000| PB 0x00000000e4100000| Untracked 
|  66|0x00000000e4200000, 0x00000000e4200000, 0x00000000e4300000|  0%| F|  |TAMS 0x00000000e4200000| PB 0x00000000e4200000| Untracked 
|  67|0x00000000e4300000, 0x00000000e4300000, 0x00000000e4400000|  0%| F|  |TAMS 0x00000000e4300000| PB 0x00000000e4300000| Untracked 
|  68|0x00000000e4400000, 0x00000000e4400000, 0x00000000e4500000|  0%| F|  |TAMS 0x00000000e4400000| PB 0x00000000e4400000| Untracked 
|  69|0x00000000e4500000, 0x00000000e4500000, 0x00000000e4600000|  0%| F|  |TAMS 0x00000000e4500000| PB 0x00000000e4500000| Untracked 
|  70|0x00000000e4600000, 0x00000000e4600000, 0x00000000e4700000|  0%| F|  |TAMS 0x00000000e4600000| PB 0x00000000e4600000| Untracked 
|  71|0x00000000e4700000, 0x00000000e4700000, 0x00000000e4800000|  0%| F|  |TAMS 0x00000000e4700000| PB 0x00000000e4700000| Untracked 
|  72|0x00000000e4800000, 0x00000000e4800000, 0x00000000e4900000|  0%| F|  |TAMS 0x00000000e4800000| PB 0x00000000e4800000| Untracked 
|  73|0x00000000e4900000, 0x00000000e4900000, 0x00000000e4a00000|  0%| F|  |TAMS 0x00000000e4900000| PB 0x00000000e4900000| Untracked 
|  74|0x00000000e4a00000, 0x00000000e4a00000, 0x00000000e4b00000|  0%| F|  |TAMS 0x00000000e4a00000| PB 0x00000000e4a00000| Untracked 
|  75|0x00000000e4b00000, 0x00000000e4b00000, 0x00000000e4c00000|  0%| F|  |TAMS 0x00000000e4b00000| PB 0x00000000e4b00000| Untracked 
|  76|0x00000000e4c00000, 0x00000000e4c00000, 0x00000000e4d00000|  0%| F|  |TAMS 0x00000000e4c00000| PB 0x00000000e4c00000| Untracked 
|  77|0x00000000e4d00000, 0x00000000e4d00000, 0x00000000e4e00000|  0%| F|  |TAMS 0x00000000e4d00000| PB 0x00000000e4d00000| Untracked 
|  78|0x00000000e4e00000, 0x00000000e4e00000, 0x00000000e4f00000|  0%| F|  |TAMS 0x00000000e4e00000| PB 0x00000000e4e00000| Untracked 
|  79|0x00000000e4f00000, 0x00000000e4f00000, 0x00000000e5000000|  0%| F|  |TAMS 0x00000000e4f00000| PB 0x00000000e4f00000| Untracked 
|  80|0x00000000e5000000, 0x00000000e5000000, 0x00000000e5100000|  0%| F|  |TAMS 0x00000000e5000000| PB 0x00000000e5000000| Untracked 
|  81|0x00000000e5100000, 0x00000000e5100000, 0x00000000e5200000|  0%| F|  |TAMS 0x00000000e5100000| PB 0x00000000e5100000| Untracked 
|  82|0x00000000e5200000, 0x00000000e5200000, 0x00000000e5300000|  0%| F|  |TAMS 0x00000000e5200000| PB 0x00000000e5200000| Untracked 
|  83|0x00000000e5300000, 0x00000000e5300000, 0x00000000e5400000|  0%| F|  |TAMS 0x00000000e5300000| PB 0x00000000e5300000| Untracked 
|  84|0x00000000e5400000, 0x00000000e5400000, 0x00000000e5500000|  0%| F|  |TAMS 0x00000000e5400000| PB 0x00000000e5400000| Untracked 
|  85|0x00000000e5500000, 0x00000000e5500000, 0x00000000e5600000|  0%| F|  |TAMS 0x00000000e5500000| PB 0x00000000e5500000| Untracked 
|  86|0x00000000e5600000, 0x00000000e5600000, 0x00000000e5700000|  0%| F|  |TAMS 0x00000000e5600000| PB 0x00000000e5600000| Untracked 
|  87|0x00000000e5700000, 0x00000000e5700000, 0x00000000e5800000|  0%| F|  |TAMS 0x00000000e5700000| PB 0x00000000e5700000| Untracked 
|  88|0x00000000e5800000, 0x00000000e5800000, 0x00000000e5900000|  0%| F|  |TAMS 0x00000000e5800000| PB 0x00000000e5800000| Untracked 
|  89|0x00000000e5900000, 0x00000000e5900000, 0x00000000e5a00000|  0%| F|  |TAMS 0x00000000e5900000| PB 0x00000000e5900000| Untracked 
|  90|0x00000000e5a00000, 0x00000000e5a00000, 0x00000000e5b00000|  0%| F|  |TAMS 0x00000000e5a00000| PB 0x00000000e5a00000| Untracked 
|  91|0x00000000e5b00000, 0x00000000e5b00000, 0x00000000e5c00000|  0%| F|  |TAMS 0x00000000e5b00000| PB 0x00000000e5b00000| Untracked 
|  92|0x00000000e5c00000, 0x00000000e5c00000, 0x00000000e5d00000|  0%| F|  |TAMS 0x00000000e5c00000| PB 0x00000000e5c00000| Untracked 
|  93|0x00000000e5d00000, 0x00000000e5d00000, 0x00000000e5e00000|  0%| F|  |TAMS 0x00000000e5d00000| PB 0x00000000e5d00000| Untracked 
|  94|0x00000000e5e00000, 0x00000000e5e00000, 0x00000000e5f00000|  0%| F|  |TAMS 0x00000000e5e00000| PB 0x00000000e5e00000| Untracked 
|  95|0x00000000e5f00000, 0x00000000e5f00000, 0x00000000e6000000|  0%| F|  |TAMS 0x00000000e5f00000| PB 0x00000000e5f00000| Untracked 
|  96|0x00000000e6000000, 0x00000000e6000000, 0x00000000e6100000|  0%| F|  |TAMS 0x00000000e6000000| PB 0x00000000e6000000| Untracked 
|  97|0x00000000e6100000, 0x00000000e6100000, 0x00000000e6200000|  0%| F|  |TAMS 0x00000000e6100000| PB 0x00000000e6100000| Untracked 
|  98|0x00000000e6200000, 0x00000000e6200000, 0x00000000e6300000|  0%| F|  |TAMS 0x00000000e6200000| PB 0x00000000e6200000| Untracked 
|  99|0x00000000e6300000, 0x00000000e6300000, 0x00000000e6400000|  0%| F|  |TAMS 0x00000000e6300000| PB 0x00000000e6300000| Untracked 
| 100|0x00000000e6400000, 0x00000000e6400000, 0x00000000e6500000|  0%| F|  |TAMS 0x00000000e6400000| PB 0x00000000e6400000| Untracked 
| 101|0x00000000e6500000, 0x00000000e6500000, 0x00000000e6600000|  0%| F|  |TAMS 0x00000000e6500000| PB 0x00000000e6500000| Untracked 
| 102|0x00000000e6600000, 0x00000000e6600000, 0x00000000e6700000|  0%| F|  |TAMS 0x00000000e6600000| PB 0x00000000e6600000| Untracked 
| 103|0x00000000e6700000, 0x00000000e6700000, 0x00000000e6800000|  0%| F|  |TAMS 0x00000000e6700000| PB 0x00000000e6700000| Untracked 
| 104|0x00000000e6800000, 0x00000000e6800000, 0x00000000e6900000|  0%| F|  |TAMS 0x00000000e6800000| PB 0x00000000e6800000| Untracked 
| 105|0x00000000e6900000, 0x00000000e6900000, 0x00000000e6a00000|  0%| F|  |TAMS 0x00000000e6900000| PB 0x00000000e6900000| Untracked 
| 106|0x00000000e6a00000, 0x00000000e6a00000, 0x00000000e6b00000|  0%| F|  |TAMS 0x00000000e6a00000| PB 0x00000000e6a00000| Untracked 
| 107|0x00000000e6b00000, 0x00000000e6b00000, 0x00000000e6c00000|  0%| F|  |TAMS 0x00000000e6b00000| PB 0x00000000e6b00000| Untracked 
| 108|0x00000000e6c00000, 0x00000000e6c00000, 0x00000000e6d00000|  0%| F|  |TAMS 0x00000000e6c00000| PB 0x00000000e6c00000| Untracked 
| 109|0x00000000e6d00000, 0x00000000e6d00000, 0x00000000e6e00000|  0%| F|  |TAMS 0x00000000e6d00000| PB 0x00000000e6d00000| Untracked 
| 110|0x00000000e6e00000, 0x00000000e6e00000, 0x00000000e6f00000|  0%| F|  |TAMS 0x00000000e6e00000| PB 0x00000000e6e00000| Untracked 
| 111|0x00000000e6f00000, 0x00000000e6f00000, 0x00000000e7000000|  0%| F|  |TAMS 0x00000000e6f00000| PB 0x00000000e6f00000| Untracked 
| 112|0x00000000e7000000, 0x00000000e7000000, 0x00000000e7100000|  0%| F|  |TAMS 0x00000000e7000000| PB 0x00000000e7000000| Untracked 
| 113|0x00000000e7100000, 0x00000000e7100000, 0x00000000e7200000|  0%| F|  |TAMS 0x00000000e7100000| PB 0x00000000e7100000| Untracked 
| 114|0x00000000e7200000, 0x00000000e7200000, 0x00000000e7300000|  0%| F|  |TAMS 0x00000000e7200000| PB 0x00000000e7200000| Untracked 
| 115|0x00000000e7300000, 0x00000000e7300000, 0x00000000e7400000|  0%| F|  |TAMS 0x00000000e7300000| PB 0x00000000e7300000| Untracked 
| 116|0x00000000e7400000, 0x00000000e7400000, 0x00000000e7500000|  0%| F|  |TAMS 0x00000000e7400000| PB 0x00000000e7400000| Untracked 
| 117|0x00000000e7500000, 0x00000000e7500000, 0x00000000e7600000|  0%| F|  |TAMS 0x00000000e7500000| PB 0x00000000e7500000| Untracked 
| 118|0x00000000e7600000, 0x00000000e7600000, 0x00000000e7700000|  0%| F|  |TAMS 0x00000000e7600000| PB 0x00000000e7600000| Untracked 
| 119|0x00000000e7700000, 0x00000000e7700000, 0x00000000e7800000|  0%| F|  |TAMS 0x00000000e7700000| PB 0x00000000e7700000| Untracked 
| 120|0x00000000e7800000, 0x00000000e7800000, 0x00000000e7900000|  0%| F|  |TAMS 0x00000000e7800000| PB 0x00000000e7800000| Untracked 
| 121|0x00000000e7900000, 0x00000000e7900000, 0x00000000e7a00000|  0%| F|  |TAMS 0x00000000e7900000| PB 0x00000000e7900000| Untracked 
| 122|0x00000000e7a00000, 0x00000000e7a00000, 0x00000000e7b00000|  0%| F|  |TAMS 0x00000000e7a00000| PB 0x00000000e7a00000| Untracked 
| 123|0x00000000e7b00000, 0x00000000e7b00000, 0x00000000e7c00000|  0%| F|  |TAMS 0x00000000e7b00000| PB 0x00000000e7b00000| Untracked 
| 124|0x00000000e7c00000, 0x00000000e7c00000, 0x00000000e7d00000|  0%| F|  |TAMS 0x00000000e7c00000| PB 0x00000000e7c00000| Untracked 
| 125|0x00000000e7d00000, 0x00000000e7d00000, 0x00000000e7e00000|  0%| F|  |TAMS 0x00000000e7d00000| PB 0x00000000e7d00000| Untracked 
| 126|0x00000000e7e00000, 0x00000000e7e00000, 0x00000000e7f00000|  0%| F|  |TAMS 0x00000000e7e00000| PB 0x00000000e7e00000| Untracked 
| 127|0x00000000e7f00000, 0x00000000e7f00000, 0x00000000e8000000|  0%| F|  |TAMS 0x00000000e7f00000| PB 0x00000000e7f00000| Untracked 
| 128|0x00000000e8000000, 0x00000000e8000000, 0x00000000e8100000|  0%| F|  |TAMS 0x00000000e8000000| PB 0x00000000e8000000| Untracked 
| 129|0x00000000e8100000, 0x00000000e8100000, 0x00000000e8200000|  0%| F|  |TAMS 0x00000000e8100000| PB 0x00000000e8100000| Untracked 
| 130|0x00000000e8200000, 0x00000000e8200000, 0x00000000e8300000|  0%| F|  |TAMS 0x00000000e8200000| PB 0x00000000e8200000| Untracked 
| 131|0x00000000e8300000, 0x00000000e8300000, 0x00000000e8400000|  0%| F|  |TAMS 0x00000000e8300000| PB 0x00000000e8300000| Untracked 
| 132|0x00000000e8400000, 0x00000000e8400000, 0x00000000e8500000|  0%| F|  |TAMS 0x00000000e8400000| PB 0x00000000e8400000| Untracked 
| 133|0x00000000e8500000, 0x00000000e8500000, 0x00000000e8600000|  0%| F|  |TAMS 0x00000000e8500000| PB 0x00000000e8500000| Untracked 
| 134|0x00000000e8600000, 0x00000000e8600000, 0x00000000e8700000|  0%| F|  |TAMS 0x00000000e8600000| PB 0x00000000e8600000| Untracked 
| 135|0x00000000e8700000, 0x00000000e8700000, 0x00000000e8800000|  0%| F|  |TAMS 0x00000000e8700000| PB 0x00000000e8700000| Untracked 
| 136|0x00000000e8800000, 0x00000000e8800000, 0x00000000e8900000|  0%| F|  |TAMS 0x00000000e8800000| PB 0x00000000e8800000| Untracked 
| 137|0x00000000e8900000, 0x00000000e8900000, 0x00000000e8a00000|  0%| F|  |TAMS 0x00000000e8900000| PB 0x00000000e8900000| Untracked 
| 138|0x00000000e8a00000, 0x00000000e8a00000, 0x00000000e8b00000|  0%| F|  |TAMS 0x00000000e8a00000| PB 0x00000000e8a00000| Untracked 
| 139|0x00000000e8b00000, 0x00000000e8b00000, 0x00000000e8c00000|  0%| F|  |TAMS 0x00000000e8b00000| PB 0x00000000e8b00000| Untracked 
| 140|0x00000000e8c00000, 0x00000000e8c00000, 0x00000000e8d00000|  0%| F|  |TAMS 0x00000000e8c00000| PB 0x00000000e8c00000| Untracked 
| 141|0x00000000e8d00000, 0x00000000e8d00000, 0x00000000e8e00000|  0%| F|  |TAMS 0x00000000e8d00000| PB 0x00000000e8d00000| Untracked 
| 142|0x00000000e8e00000, 0x00000000e8e00000, 0x00000000e8f00000|  0%| F|  |TAMS 0x00000000e8e00000| PB 0x00000000e8e00000| Untracked 
| 143|0x00000000e8f00000, 0x00000000e8f00000, 0x00000000e9000000|  0%| F|  |TAMS 0x00000000e8f00000| PB 0x00000000e8f00000| Untracked 
| 144|0x00000000e9000000, 0x00000000e9000000, 0x00000000e9100000|  0%| F|  |TAMS 0x00000000e9000000| PB 0x00000000e9000000| Untracked 
| 145|0x00000000e9100000, 0x00000000e9100000, 0x00000000e9200000|  0%| F|  |TAMS 0x00000000e9100000| PB 0x00000000e9100000| Untracked 
| 146|0x00000000e9200000, 0x00000000e9200000, 0x00000000e9300000|  0%| F|  |TAMS 0x00000000e9200000| PB 0x00000000e9200000| Untracked 
| 147|0x00000000e9300000, 0x00000000e9300000, 0x00000000e9400000|  0%| F|  |TAMS 0x00000000e9300000| PB 0x00000000e9300000| Untracked 
| 148|0x00000000e9400000, 0x00000000e9400000, 0x00000000e9500000|  0%| F|  |TAMS 0x00000000e9400000| PB 0x00000000e9400000| Untracked 
| 149|0x00000000e9500000, 0x00000000e9500000, 0x00000000e9600000|  0%| F|  |TAMS 0x00000000e9500000| PB 0x00000000e9500000| Untracked 
| 150|0x00000000e9600000, 0x00000000e9600000, 0x00000000e9700000|  0%| F|  |TAMS 0x00000000e9600000| PB 0x00000000e9600000| Untracked 
| 151|0x00000000e9700000, 0x00000000e9700000, 0x00000000e9800000|  0%| F|  |TAMS 0x00000000e9700000| PB 0x00000000e9700000| Untracked 
| 152|0x00000000e9800000, 0x00000000e9800000, 0x00000000e9900000|  0%| F|  |TAMS 0x00000000e9800000| PB 0x00000000e9800000| Untracked 
| 153|0x00000000e9900000, 0x00000000e9900000, 0x00000000e9a00000|  0%| F|  |TAMS 0x00000000e9900000| PB 0x00000000e9900000| Untracked 
| 154|0x00000000e9a00000, 0x00000000e9a00000, 0x00000000e9b00000|  0%| F|  |TAMS 0x00000000e9a00000| PB 0x00000000e9a00000| Untracked 
| 155|0x00000000e9b00000, 0x00000000e9b00000, 0x00000000e9c00000|  0%| F|  |TAMS 0x00000000e9b00000| PB 0x00000000e9b00000| Untracked 
| 156|0x00000000e9c00000, 0x00000000e9c00000, 0x00000000e9d00000|  0%| F|  |TAMS 0x00000000e9c00000| PB 0x00000000e9c00000| Untracked 
| 157|0x00000000e9d00000, 0x00000000e9d00000, 0x00000000e9e00000|  0%| F|  |TAMS 0x00000000e9d00000| PB 0x00000000e9d00000| Untracked 
| 158|0x00000000e9e00000, 0x00000000e9e00000, 0x00000000e9f00000|  0%| F|  |TAMS 0x00000000e9e00000| PB 0x00000000e9e00000| Untracked 
| 159|0x00000000e9f00000, 0x00000000e9f00000, 0x00000000ea000000|  0%| F|  |TAMS 0x00000000e9f00000| PB 0x00000000e9f00000| Untracked 
| 160|0x00000000ea000000, 0x00000000ea000000, 0x00000000ea100000|  0%| F|  |TAMS 0x00000000ea000000| PB 0x00000000ea000000| Untracked 
| 161|0x00000000ea100000, 0x00000000ea100000, 0x00000000ea200000|  0%| F|  |TAMS 0x00000000ea100000| PB 0x00000000ea100000| Untracked 
| 162|0x00000000ea200000, 0x00000000ea200000, 0x00000000ea300000|  0%| F|  |TAMS 0x00000000ea200000| PB 0x00000000ea200000| Untracked 
| 163|0x00000000ea300000, 0x00000000ea300000, 0x00000000ea400000|  0%| F|  |TAMS 0x00000000ea300000| PB 0x00000000ea300000| Untracked 
| 164|0x00000000ea400000, 0x00000000ea400000, 0x00000000ea500000|  0%| F|  |TAMS 0x00000000ea400000| PB 0x00000000ea400000| Untracked 
| 165|0x00000000ea500000, 0x00000000ea500000, 0x00000000ea600000|  0%| F|  |TAMS 0x00000000ea500000| PB 0x00000000ea500000| Untracked 
| 166|0x00000000ea600000, 0x00000000ea600000, 0x00000000ea700000|  0%| F|  |TAMS 0x00000000ea600000| PB 0x00000000ea600000| Untracked 
| 167|0x00000000ea700000, 0x00000000ea700000, 0x00000000ea800000|  0%| F|  |TAMS 0x00000000ea700000| PB 0x00000000ea700000| Untracked 
| 168|0x00000000ea800000, 0x00000000ea800000, 0x00000000ea900000|  0%| F|  |TAMS 0x00000000ea800000| PB 0x00000000ea800000| Untracked 
| 169|0x00000000ea900000, 0x00000000ea900000, 0x00000000eaa00000|  0%| F|  |TAMS 0x00000000ea900000| PB 0x00000000ea900000| Untracked 
| 170|0x00000000eaa00000, 0x00000000eaa00000, 0x00000000eab00000|  0%| F|  |TAMS 0x00000000eaa00000| PB 0x00000000eaa00000| Untracked 
| 171|0x00000000eab00000, 0x00000000eab00000, 0x00000000eac00000|  0%| F|  |TAMS 0x00000000eab00000| PB 0x00000000eab00000| Untracked 
| 172|0x00000000eac00000, 0x00000000eac00000, 0x00000000ead00000|  0%| F|  |TAMS 0x00000000eac00000| PB 0x00000000eac00000| Untracked 
| 173|0x00000000ead00000, 0x00000000ead00000, 0x00000000eae00000|  0%| F|  |TAMS 0x00000000ead00000| PB 0x00000000ead00000| Untracked 
| 174|0x00000000eae00000, 0x00000000eae00000, 0x00000000eaf00000|  0%| F|  |TAMS 0x00000000eae00000| PB 0x00000000eae00000| Untracked 
| 175|0x00000000eaf00000, 0x00000000eb000000, 0x00000000eb000000|100%| E|  |TAMS 0x00000000eaf00000| PB 0x00000000eaf00000| Complete 
| 176|0x00000000eb000000, 0x00000000eb100000, 0x00000000eb100000|100%| E|CS|TAMS 0x00000000eb000000| PB 0x00000000eb000000| Complete 
| 177|0x00000000eb100000, 0x00000000eb200000, 0x00000000eb200000|100%| E|CS|TAMS 0x00000000eb100000| PB 0x00000000eb100000| Complete 
| 178|0x00000000eb200000, 0x00000000eb300000, 0x00000000eb300000|100%| E|CS|TAMS 0x00000000eb200000| PB 0x00000000eb200000| Complete 
| 179|0x00000000eb300000, 0x00000000eb400000, 0x00000000eb400000|100%| E|CS|TAMS 0x00000000eb300000| PB 0x00000000eb300000| Complete 
| 180|0x00000000eb400000, 0x00000000eb500000, 0x00000000eb500000|100%| E|CS|TAMS 0x00000000eb400000| PB 0x00000000eb400000| Complete 
| 181|0x00000000eb500000, 0x00000000eb600000, 0x00000000eb600000|100%| E|CS|TAMS 0x00000000eb500000| PB 0x00000000eb500000| Complete 
| 182|0x00000000eb600000, 0x00000000eb700000, 0x00000000eb700000|100%| E|CS|TAMS 0x00000000eb600000| PB 0x00000000eb600000| Complete 
| 183|0x00000000eb700000, 0x00000000eb800000, 0x00000000eb800000|100%| E|CS|TAMS 0x00000000eb700000| PB 0x00000000eb700000| Complete 
| 184|0x00000000eb800000, 0x00000000eb900000, 0x00000000eb900000|100%| E|CS|TAMS 0x00000000eb800000| PB 0x00000000eb800000| Complete 
| 185|0x00000000eb900000, 0x00000000eba00000, 0x00000000eba00000|100%| E|CS|TAMS 0x00000000eb900000| PB 0x00000000eb900000| Complete 
| 186|0x00000000eba00000, 0x00000000ebb00000, 0x00000000ebb00000|100%| E|CS|TAMS 0x00000000eba00000| PB 0x00000000eba00000| Complete 
| 187|0x00000000ebb00000, 0x00000000ebc00000, 0x00000000ebc00000|100%| E|CS|TAMS 0x00000000ebb00000| PB 0x00000000ebb00000| Complete 
| 188|0x00000000ebc00000, 0x00000000ebd00000, 0x00000000ebd00000|100%| E|CS|TAMS 0x00000000ebc00000| PB 0x00000000ebc00000| Complete 
| 189|0x00000000ebd00000, 0x00000000ebe00000, 0x00000000ebe00000|100%| E|CS|TAMS 0x00000000ebd00000| PB 0x00000000ebd00000| Complete 
| 190|0x00000000ebe00000, 0x00000000ebf00000, 0x00000000ebf00000|100%| E|CS|TAMS 0x00000000ebe00000| PB 0x00000000ebe00000| Complete 
| 191|0x00000000ebf00000, 0x00000000ec000000, 0x00000000ec000000|100%| E|CS|TAMS 0x00000000ebf00000| PB 0x00000000ebf00000| Complete 
| 192|0x00000000ec000000, 0x00000000ec100000, 0x00000000ec100000|100%| E|CS|TAMS 0x00000000ec000000| PB 0x00000000ec000000| Complete 
| 193|0x00000000ec100000, 0x00000000ec200000, 0x00000000ec200000|100%| E|CS|TAMS 0x00000000ec100000| PB 0x00000000ec100000| Complete 
| 194|0x00000000ec200000, 0x00000000ec300000, 0x00000000ec300000|100%| E|CS|TAMS 0x00000000ec200000| PB 0x00000000ec200000| Complete 
| 195|0x00000000ec300000, 0x00000000ec400000, 0x00000000ec400000|100%| E|CS|TAMS 0x00000000ec300000| PB 0x00000000ec300000| Complete 
| 196|0x00000000ec400000, 0x00000000ec500000, 0x00000000ec500000|100%| E|CS|TAMS 0x00000000ec400000| PB 0x00000000ec400000| Complete 
| 197|0x00000000ec500000, 0x00000000ec600000, 0x00000000ec600000|100%| E|CS|TAMS 0x00000000ec500000| PB 0x00000000ec500000| Complete 
| 198|0x00000000ec600000, 0x00000000ec700000, 0x00000000ec700000|100%| E|CS|TAMS 0x00000000ec600000| PB 0x00000000ec600000| Complete 
| 199|0x00000000ec700000, 0x00000000ec800000, 0x00000000ec800000|100%| E|  |TAMS 0x00000000ec700000| PB 0x00000000ec700000| Complete 
| 200|0x00000000ec800000, 0x00000000ec900000, 0x00000000ec900000|100%| E|CS|TAMS 0x00000000ec800000| PB 0x00000000ec800000| Complete 
| 201|0x00000000ec900000, 0x00000000eca00000, 0x00000000eca00000|100%| E|CS|TAMS 0x00000000ec900000| PB 0x00000000ec900000| Complete 
| 202|0x00000000eca00000, 0x00000000ecb00000, 0x00000000ecb00000|100%| E|CS|TAMS 0x00000000eca00000| PB 0x00000000eca00000| Complete 
| 203|0x00000000ecb00000, 0x00000000ecc00000, 0x00000000ecc00000|100%| E|CS|TAMS 0x00000000ecb00000| PB 0x00000000ecb00000| Complete 
| 204|0x00000000ecc00000, 0x00000000ecd00000, 0x00000000ecd00000|100%| E|CS|TAMS 0x00000000ecc00000| PB 0x00000000ecc00000| Complete 
| 205|0x00000000ecd00000, 0x00000000ece00000, 0x00000000ece00000|100%| E|CS|TAMS 0x00000000ecd00000| PB 0x00000000ecd00000| Complete 
| 206|0x00000000ece00000, 0x00000000ecf00000, 0x00000000ecf00000|100%| E|CS|TAMS 0x00000000ece00000| PB 0x00000000ece00000| Complete 
| 207|0x00000000ecf00000, 0x00000000ed000000, 0x00000000ed000000|100%| E|CS|TAMS 0x00000000ecf00000| PB 0x00000000ecf00000| Complete 
| 208|0x00000000ed000000, 0x00000000ed100000, 0x00000000ed100000|100%| E|CS|TAMS 0x00000000ed000000| PB 0x00000000ed000000| Complete 
| 209|0x00000000ed100000, 0x00000000ed200000, 0x00000000ed200000|100%| E|CS|TAMS 0x00000000ed100000| PB 0x00000000ed100000| Complete 
| 210|0x00000000ed200000, 0x00000000ed300000, 0x00000000ed300000|100%| E|CS|TAMS 0x00000000ed200000| PB 0x00000000ed200000| Complete 
| 211|0x00000000ed300000, 0x00000000ed400000, 0x00000000ed400000|100%| E|CS|TAMS 0x00000000ed300000| PB 0x00000000ed300000| Complete 
| 212|0x00000000ed400000, 0x00000000ed500000, 0x00000000ed500000|100%| E|CS|TAMS 0x00000000ed400000| PB 0x00000000ed400000| Complete 
| 213|0x00000000ed500000, 0x00000000ed600000, 0x00000000ed600000|100%| E|CS|TAMS 0x00000000ed500000| PB 0x00000000ed500000| Complete 
| 214|0x00000000ed600000, 0x00000000ed700000, 0x00000000ed700000|100%| E|CS|TAMS 0x00000000ed600000| PB 0x00000000ed600000| Complete 
| 215|0x00000000ed700000, 0x00000000ed800000, 0x00000000ed800000|100%| E|CS|TAMS 0x00000000ed700000| PB 0x00000000ed700000| Complete 
| 216|0x00000000ed800000, 0x00000000ed900000, 0x00000000ed900000|100%| E|CS|TAMS 0x00000000ed800000| PB 0x00000000ed800000| Complete 
| 217|0x00000000ed900000, 0x00000000eda00000, 0x00000000eda00000|100%| E|CS|TAMS 0x00000000ed900000| PB 0x00000000ed900000| Complete 
| 218|0x00000000eda00000, 0x00000000edb00000, 0x00000000edb00000|100%| E|CS|TAMS 0x00000000eda00000| PB 0x00000000eda00000| Complete 
| 219|0x00000000edb00000, 0x00000000edc00000, 0x00000000edc00000|100%| E|CS|TAMS 0x00000000edb00000| PB 0x00000000edb00000| Complete 
| 220|0x00000000edc00000, 0x00000000edd00000, 0x00000000edd00000|100%| E|CS|TAMS 0x00000000edc00000| PB 0x00000000edc00000| Complete 
| 221|0x00000000edd00000, 0x00000000ede00000, 0x00000000ede00000|100%| E|CS|TAMS 0x00000000edd00000| PB 0x00000000edd00000| Complete 
| 222|0x00000000ede00000, 0x00000000edf00000, 0x00000000edf00000|100%| E|CS|TAMS 0x00000000ede00000| PB 0x00000000ede00000| Complete 
| 223|0x00000000edf00000, 0x00000000ee000000, 0x00000000ee000000|100%| E|CS|TAMS 0x00000000edf00000| PB 0x00000000edf00000| Complete 
| 224|0x00000000ee000000, 0x00000000ee100000, 0x00000000ee100000|100%| E|CS|TAMS 0x00000000ee000000| PB 0x00000000ee000000| Complete 
| 225|0x00000000ee100000, 0x00000000ee200000, 0x00000000ee200000|100%| E|CS|TAMS 0x00000000ee100000| PB 0x00000000ee100000| Complete 
| 226|0x00000000ee200000, 0x00000000ee300000, 0x00000000ee300000|100%| E|CS|TAMS 0x00000000ee200000| PB 0x00000000ee200000| Complete 
| 227|0x00000000ee300000, 0x00000000ee400000, 0x00000000ee400000|100%| E|CS|TAMS 0x00000000ee300000| PB 0x00000000ee300000| Complete 
| 228|0x00000000ee400000, 0x00000000ee500000, 0x00000000ee500000|100%| E|CS|TAMS 0x00000000ee400000| PB 0x00000000ee400000| Complete 
| 229|0x00000000ee500000, 0x00000000ee600000, 0x00000000ee600000|100%| E|CS|TAMS 0x00000000ee500000| PB 0x00000000ee500000| Complete 
| 230|0x00000000ee600000, 0x00000000ee700000, 0x00000000ee700000|100%| E|CS|TAMS 0x00000000ee600000| PB 0x00000000ee600000| Complete 
| 231|0x00000000ee700000, 0x00000000ee800000, 0x00000000ee800000|100%| E|CS|TAMS 0x00000000ee700000| PB 0x00000000ee700000| Complete 
| 232|0x00000000ee800000, 0x00000000ee900000, 0x00000000ee900000|100%| E|CS|TAMS 0x00000000ee800000| PB 0x00000000ee800000| Complete 
| 233|0x00000000ee900000, 0x00000000eea00000, 0x00000000eea00000|100%| E|CS|TAMS 0x00000000ee900000| PB 0x00000000ee900000| Complete 
| 234|0x00000000eea00000, 0x00000000eeb00000, 0x00000000eeb00000|100%| E|CS|TAMS 0x00000000eea00000| PB 0x00000000eea00000| Complete 
| 235|0x00000000eeb00000, 0x00000000eec00000, 0x00000000eec00000|100%| E|CS|TAMS 0x00000000eeb00000| PB 0x00000000eeb00000| Complete 
| 236|0x00000000eec00000, 0x00000000eed00000, 0x00000000eed00000|100%| E|CS|TAMS 0x00000000eec00000| PB 0x00000000eec00000| Complete 
| 237|0x00000000eed00000, 0x00000000eee00000, 0x00000000eee00000|100%| E|CS|TAMS 0x00000000eed00000| PB 0x00000000eed00000| Complete 
| 238|0x00000000eee00000, 0x00000000eef00000, 0x00000000eef00000|100%| E|CS|TAMS 0x00000000eee00000| PB 0x00000000eee00000| Complete 
| 239|0x00000000eef00000, 0x00000000ef000000, 0x00000000ef000000|100%| E|CS|TAMS 0x00000000eef00000| PB 0x00000000eef00000| Complete 
| 240|0x00000000ef000000, 0x00000000ef100000, 0x00000000ef100000|100%| E|CS|TAMS 0x00000000ef000000| PB 0x00000000ef000000| Complete 
| 241|0x00000000ef100000, 0x00000000ef200000, 0x00000000ef200000|100%| E|CS|TAMS 0x00000000ef100000| PB 0x00000000ef100000| Complete 
| 242|0x00000000ef200000, 0x00000000ef300000, 0x00000000ef300000|100%| E|CS|TAMS 0x00000000ef200000| PB 0x00000000ef200000| Complete 
| 243|0x00000000ef300000, 0x00000000ef400000, 0x00000000ef400000|100%| E|CS|TAMS 0x00000000ef300000| PB 0x00000000ef300000| Complete 
| 244|0x00000000ef400000, 0x00000000ef500000, 0x00000000ef500000|100%| E|CS|TAMS 0x00000000ef400000| PB 0x00000000ef400000| Complete 
| 245|0x00000000ef500000, 0x00000000ef600000, 0x00000000ef600000|100%| E|CS|TAMS 0x00000000ef500000| PB 0x00000000ef500000| Complete 
| 246|0x00000000ef600000, 0x00000000ef700000, 0x00000000ef700000|100%| E|CS|TAMS 0x00000000ef600000| PB 0x00000000ef600000| Complete 
| 247|0x00000000ef700000, 0x00000000ef800000, 0x00000000ef800000|100%| E|CS|TAMS 0x00000000ef700000| PB 0x00000000ef700000| Complete 
| 248|0x00000000ef800000, 0x00000000ef900000, 0x00000000ef900000|100%| E|CS|TAMS 0x00000000ef800000| PB 0x00000000ef800000| Complete 
| 249|0x00000000ef900000, 0x00000000efa00000, 0x00000000efa00000|100%| E|CS|TAMS 0x00000000ef900000| PB 0x00000000ef900000| Complete 
| 250|0x00000000efa00000, 0x00000000efb00000, 0x00000000efb00000|100%| E|CS|TAMS 0x00000000efa00000| PB 0x00000000efa00000| Complete 
| 251|0x00000000efb00000, 0x00000000efc00000, 0x00000000efc00000|100%| E|CS|TAMS 0x00000000efb00000| PB 0x00000000efb00000| Complete 
| 252|0x00000000efc00000, 0x00000000efd00000, 0x00000000efd00000|100%| S|CS|TAMS 0x00000000efc00000| PB 0x00000000efc00000| Complete 
| 253|0x00000000efd00000, 0x00000000efe00000, 0x00000000efe00000|100%| S|CS|TAMS 0x00000000efd00000| PB 0x00000000efd00000| Complete 
| 254|0x00000000efe00000, 0x00000000eff00000, 0x00000000eff00000|100%| E|CS|TAMS 0x00000000efe00000| PB 0x00000000efe00000| Complete 
| 255|0x00000000eff00000, 0x00000000f0000000, 0x00000000f0000000|100%| E|CS|TAMS 0x00000000eff00000| PB 0x00000000eff00000| Complete 

Card table byte_map: [0x0000020da6910000,0x0000020da6a10000] _byte_map_base: 0x0000020da6210000

Marking Bits: (CMBitMap*) 0x0000020d8f4a81e0
 Bits: [0x0000020da6a10000, 0x0000020da7210000)

Polling page: 0x0000020d8d420000

Metaspace:

Usage:
  Non-class:     26.74 MB used.
      Class:      4.30 MB used.
       Both:     31.04 MB used.

Virtual space:
  Non-class space:       64.00 MB reserved,      27.19 MB ( 42%) committed,  1 nodes.
      Class space:      320.00 MB reserved,       4.81 MB (  2%) committed,  1 nodes.
             Both:      384.00 MB reserved,      32.00 MB (  8%) committed. 

Chunk freelists:
   Non-Class:  4.27 MB
       Class:  11.05 MB
        Both:  15.31 MB

MaxMetaspaceSize: 384.00 MB
CompressedClassSpaceSize: 320.00 MB
Initial GC threshold: 21.00 MB
Current GC threshold: 35.25 MB
CDS: on
 - commit_granule_bytes: 65536.
 - commit_granule_words: 8192.
 - virtual_space_node_default_size: 8388608.
 - enlarge_chunks_in_place: 1.
 - use_allocation_guard: 0.


Internal statistics:

num_allocs_failed_limit: 3.
num_arena_births: 1476.
num_arena_deaths: 0.
num_vsnodes_births: 2.
num_vsnodes_deaths: 0.
num_space_committed: 512.
num_space_uncommitted: 0.
num_chunks_returned_to_freelist: 3.
num_chunks_taken_from_freelist: 2754.
num_chunk_merges: 0.
num_chunk_splits: 1794.
num_chunks_enlarged: 1153.
num_inconsistent_stats: 0.

CodeHeap 'non-profiled nmethods': size=120000Kb used=2369Kb max_used=2369Kb free=117631Kb
 bounds [0x0000020d9f3e0000, 0x0000020d9f650000, 0x0000020da6910000]
CodeHeap 'profiled nmethods': size=120000Kb used=8123Kb max_used=8123Kb free=111876Kb
 bounds [0x0000020d97910000, 0x0000020d98100000, 0x0000020d9ee40000]
CodeHeap 'non-nmethods': size=5760Kb used=1913Kb max_used=1995Kb free=3846Kb
 bounds [0x0000020d9ee40000, 0x0000020d9f0b0000, 0x0000020d9f3e0000]
 total_blobs=4729 nmethods=4044 adapters=589
 compilation: enabled
              stopped_count=0, restarted_count=0
 full_count=0

Compilation events (20 events):
Event: 12.449 Thread 0x0000020da9827610 4028       4       java.net.URLClassLoader$1::run (5 bytes)
Event: 12.449 Thread 0x0000020da982b170 4029       4       jdk.internal.loader.URLClassPath::getResource (74 bytes)
Event: 12.456 Thread 0x0000020da982b170 nmethod 4029 0x0000020d9f62f590 code [0x0000020d9f62f7c0, 0x0000020d9f62fc98]
Event: 12.457 Thread 0x0000020da982b170 4030   !   4       java.net.URLClassLoader$1::run (81 bytes)
Event: 12.635 Thread 0x0000020da982aaa0 4032   !   3       com.sun.beans.TypeResolver::resolve (268 bytes)
Event: 12.636 Thread 0x0000020da982aaa0 nmethod 4032 0x0000020d980ee310 code [0x0000020d980ee780, 0x0000020d980f0a10]
Event: 12.638 Thread 0x0000020da982aaa0 4033   !   3       java.lang.ClassLoader::loadClass (121 bytes)
Event: 12.639 Thread 0x0000020da982aaa0 nmethod 4033 0x0000020d980f1190 code [0x0000020d980f1460, 0x0000020d980f2100]
Event: 12.640 Thread 0x0000020da982aaa0 4034       1       org.codehaus.groovy.util.ComplexKeyHashMap$Entry::getValue (5 bytes)
Event: 12.640 Thread 0x0000020da982aaa0 nmethod 4034 0x0000020d9f630110 code [0x0000020d9f6302a0, 0x0000020d9f630368]
Event: 12.642 Thread 0x0000020da982aaa0 4035       3       com.google.common.collect.RegularImmutableList::size (6 bytes)
Event: 12.642 Thread 0x0000020da982aaa0 nmethod 4035 0x0000020d980f2790 code [0x0000020d980f2920, 0x0000020d980f2a38]
Event: 12.644 Thread 0x0000020da982aaa0 4036       3       org.gradle.internal.service.DefaultServiceRegistry$FactoryMethodService::getParameterTypes (10 bytes)
Event: 12.644 Thread 0x0000020da982aaa0 nmethod 4036 0x0000020d980f2b10 code [0x0000020d980f2cc0, 0x0000020d980f2ed0]
Event: 12.644 Thread 0x0000020da982aaa0 4039       3       org.gradle.internal.service.DefaultServiceRegistry::unwrap (75 bytes)
Event: 12.645 Thread 0x0000020da982aaa0 nmethod 4039 0x0000020d980f3010 code [0x0000020d980f3260, 0x0000020d980f3fe8]
Event: 12.645 Thread 0x0000020da982aaa0 4037       3       org.gradle.internal.service.DefaultServiceRegistry$FactoryMethodService::createServiceInstance (17 bytes)
Event: 12.645 Thread 0x0000020da982aaa0 nmethod 4037 0x0000020d980f4210 code [0x0000020d980f43e0, 0x0000020d980f4658]
Event: 12.645 Thread 0x0000020da982aaa0 4038   !   3       org.gradle.internal.service.DefaultServiceRegistry$FactoryMethodService::invokeMethod (147 bytes)
Event: 12.646 Thread 0x0000020da982aaa0 nmethod 4038 0x0000020d980f4790 code [0x0000020d980f4be0, 0x0000020d980f6ec0]

GC Heap History (8 events):
Event: 0.531 GC heap before
{Heap before GC invocations=0 (full 0):
 garbage-first heap   total 262144K, used 13312K [0x00000000e0000000, 0x0000000100000000)
  region size 1024K, 13 young (13312K), 0 survivors (0K)
 Metaspace       used 798K, committed 960K, reserved 393216K
  class space    used 68K, committed 128K, reserved 327680K
}
Event: 0.533 GC heap after
{Heap after GC invocations=1 (full 0):
 garbage-first heap   total 262144K, used 1280K [0x00000000e0000000, 0x0000000100000000)
  region size 1024K, 2 young (2048K), 2 survivors (2048K)
 Metaspace       used 798K, committed 960K, reserved 393216K
  class space    used 68K, committed 128K, reserved 327680K
}
Event: 1.160 GC heap before
{Heap before GC invocations=1 (full 0):
 garbage-first heap   total 262144K, used 28928K [0x00000000e0000000, 0x0000000100000000)
  region size 1024K, 27 young (27648K), 2 survivors (2048K)
 Metaspace       used 3594K, committed 3776K, reserved 393216K
  class space    used 447K, committed 512K, reserved 327680K
}
Event: 1.165 GC heap after
{Heap after GC invocations=2 (full 0):
 garbage-first heap   total 262144K, used 9897K [0x00000000e0000000, 0x0000000100000000)
  region size 1024K, 4 young (4096K), 4 survivors (4096K)
 Metaspace       used 3594K, committed 3776K, reserved 393216K
  class space    used 447K, committed 512K, reserved 327680K
}
Event: 8.462 GC heap before
{Heap before GC invocations=2 (full 0):
 garbage-first heap   total 262144K, used 163497K [0x00000000e0000000, 0x0000000100000000)
  region size 1024K, 153 young (156672K), 4 survivors (4096K)
 Metaspace       used 20746K, committed 21440K, reserved 393216K
  class space    used 2970K, committed 3328K, reserved 327680K
}
Event: 8.478 GC heap after
{Heap after GC invocations=3 (full 0):
 garbage-first heap   total 262144K, used 23209K [0x00000000e0000000, 0x0000000100000000)
  region size 1024K, 16 young (16384K), 16 survivors (16384K)
 Metaspace       used 20746K, committed 21440K, reserved 393216K
  class space    used 2970K, committed 3328K, reserved 327680K
}
Event: 8.505 GC heap before
{Heap before GC invocations=3 (full 0):
 garbage-first heap   total 262144K, used 24233K [0x00000000e0000000, 0x0000000100000000)
  region size 1024K, 18 young (18432K), 16 survivors (16384K)
 Metaspace       used 20843K, committed 21504K, reserved 393216K
  class space    used 2984K, committed 3328K, reserved 327680K
}
Event: 8.518 GC heap after
{Heap after GC invocations=4 (full 0):
 garbage-first heap   total 262144K, used 25045K [0x00000000e0000000, 0x0000000100000000)
  region size 1024K, 2 young (2048K), 2 survivors (2048K)
 Metaspace       used 20843K, committed 21504K, reserved 393216K
  class space    used 2984K, committed 3328K, reserved 327680K
}

Dll operation events (15 events):
Event: 0.030 Loaded shared library C:\Program Files\Java\jdk-21\bin\java.dll
Event: 0.099 Loaded shared library C:\Program Files\Java\jdk-21\bin\jsvml.dll
Event: 0.148 Loaded shared library C:\Program Files\Java\jdk-21\bin\zip.dll
Event: 0.151 Loaded shared library C:\Program Files\Java\jdk-21\bin\instrument.dll
Event: 0.154 Loaded shared library C:\Program Files\Java\jdk-21\bin\net.dll
Event: 0.155 Loaded shared library C:\Program Files\Java\jdk-21\bin\nio.dll
Event: 0.158 Loaded shared library C:\Program Files\Java\jdk-21\bin\zip.dll
Event: 0.600 Loaded shared library C:\Program Files\Java\jdk-21\bin\jimage.dll
Event: 0.787 Loaded shared library C:\Program Files\Java\jdk-21\bin\verify.dll
Event: 0.950 Loaded shared library C:\Users\Usser\.gradle\native\1def1411415f61bf3af743bc5b6707747c0891f09f0c88961ee8f79bc544acac\windows-amd64\native-platform.dll
Event: 0.958 Loaded shared library C:\Users\Usser\.gradle\native\0.2.6\x86_64-windows-gnu\gradle-fileevents.dll
Event: 3.352 Loaded shared library C:\Program Files\Java\jdk-21\bin\management.dll
Event: 3.355 Loaded shared library C:\Program Files\Java\jdk-21\bin\management_ext.dll
Event: 3.693 Loaded shared library C:\Program Files\Java\jdk-21\bin\extnet.dll
Event: 4.132 Loaded shared library C:\Program Files\Java\jdk-21\bin\sunmscapi.dll

Deoptimization events (20 events):
Event: 11.934 Thread 0x0000020dc489b740 Uncommon trap: trap_request=0xffffffc6 fr.pc=0x0000020d9f5e5fb4 relative=0x00000000000002d4
Event: 11.934 Thread 0x0000020dc489b740 Uncommon trap: reason=bimorphic_or_optimized_type_check action=maybe_recompile pc=0x0000020d9f5e5fb4 method=java.util.stream.MatchOps$1MatchSink.accept(Ljava/lang/Object;)V @ 12 c2
Event: 11.934 Thread 0x0000020dc489b740 DEOPT PACKING pc=0x0000020d9f5e5fb4 sp=0x000000a159ef86b0
Event: 11.934 Thread 0x0000020dc489b740 DEOPT UNPACKING pc=0x0000020d9ee946a2 sp=0x000000a159ef8658 mode 2
Event: 11.934 Thread 0x0000020dc489b740 Uncommon trap: trap_request=0xffffffc6 fr.pc=0x0000020d9f5e5fb4 relative=0x00000000000002d4
Event: 11.934 Thread 0x0000020dc489b740 Uncommon trap: reason=bimorphic_or_optimized_type_check action=maybe_recompile pc=0x0000020d9f5e5fb4 method=java.util.stream.MatchOps$1MatchSink.accept(Ljava/lang/Object;)V @ 12 c2
Event: 11.934 Thread 0x0000020dc489b740 DEOPT PACKING pc=0x0000020d9f5e5fb4 sp=0x000000a159ef86b0
Event: 11.934 Thread 0x0000020dc489b740 DEOPT UNPACKING pc=0x0000020d9ee946a2 sp=0x000000a159ef8658 mode 2
Event: 11.940 Thread 0x0000020dc489b740 Uncommon trap: trap_request=0xffffff45 fr.pc=0x0000020d9f4f1098 relative=0x00000000000000f8
Event: 11.940 Thread 0x0000020dc489b740 Uncommon trap: reason=unstable_if action=reinterpret pc=0x0000020d9f4f1098 method=java.lang.ClassLoader.getClassLoadingLock(Ljava/lang/String;)Ljava/lang/Object; @ 6 c2
Event: 11.941 Thread 0x0000020dc489b740 DEOPT PACKING pc=0x0000020d9f4f1098 sp=0x000000a159ef8cd0
Event: 11.941 Thread 0x0000020dc489b740 DEOPT UNPACKING pc=0x0000020d9ee946a2 sp=0x000000a159ef8c60 mode 2
Event: 11.944 Thread 0x0000020dc489b740 Uncommon trap: trap_request=0xffffff6e fr.pc=0x0000020d9f6022d0 relative=0x0000000000000810
Event: 11.944 Thread 0x0000020dc489b740 Uncommon trap: reason=loop_limit_check action=maybe_recompile pc=0x0000020d9f6022d0 method=java.util.regex.Pattern$Start.match(Ljava/util/regex/Matcher;ILjava/lang/CharSequence;)Z @ 34 c2
Event: 11.944 Thread 0x0000020dc489b740 DEOPT PACKING pc=0x0000020d9f6022d0 sp=0x000000a159ef8a50
Event: 11.944 Thread 0x0000020dc489b740 DEOPT UNPACKING pc=0x0000020d9ee946a2 sp=0x000000a159ef89a0 mode 2
Event: 12.639 Thread 0x0000020dc462b200 Uncommon trap: trap_request=0xffffffc6 fr.pc=0x0000020d9f61e6b8 relative=0x0000000000000298
Event: 12.639 Thread 0x0000020dc462b200 Uncommon trap: reason=bimorphic_or_optimized_type_check action=maybe_recompile pc=0x0000020d9f61e6b8 method=java.util.stream.Sink$ChainedReference.cancellationRequested()Z @ 4 c2
Event: 12.639 Thread 0x0000020dc462b200 DEOPT PACKING pc=0x0000020d9f61e6b8 sp=0x000000a1595fe9a0
Event: 12.639 Thread 0x0000020dc462b200 DEOPT UNPACKING pc=0x0000020d9ee946a2 sp=0x000000a1595fe8d0 mode 2

Classes loaded (20 events):
Event: 11.966 Loading class jdk/internal/jrtfs/SystemImage$1
Event: 11.966 Loading class jdk/internal/jrtfs/SystemImage$1 done
Event: 11.967 Loading class jdk/internal/jimage/ImageReader$SharedImageReader$LocationVisitor
Event: 11.967 Loading class jdk/internal/jimage/ImageReader$SharedImageReader$LocationVisitor done
Event: 11.967 Loading class java/nio/ByteBufferAsIntBufferL
Event: 11.993 Loading class java/nio/ByteBufferAsIntBufferL done
Event: 11.994 Loading class jdk/internal/jrtfs/JrtFileAttributes
Event: 12.000 Loading class jdk/internal/jrtfs/JrtFileAttributes done
Event: 12.000 Loading class jdk/internal/jrtfs/JrtDirectoryStream
Event: 12.010 Loading class jdk/internal/jrtfs/JrtDirectoryStream done
Event: 12.010 Loading class jdk/internal/jrtfs/JrtDirectoryStream$1
Event: 12.010 Loading class jdk/internal/jrtfs/JrtDirectoryStream$1 done
Event: 12.010 Loading class java/util/function/BooleanSupplier
Event: 12.011 Loading class java/util/function/BooleanSupplier done
Event: 12.011 Loading class jdk/internal/jimage/ImageReader$Resource
Event: 12.012 Loading class jdk/internal/jimage/ImageReader$Resource done
Event: 12.334 Loading class java/util/WeakHashMap$KeyIterator
Event: 12.357 Loading class java/util/WeakHashMap$HashIterator
Event: 12.441 Loading class java/util/WeakHashMap$HashIterator done
Event: 12.441 Loading class java/util/WeakHashMap$KeyIterator done

Classes unloaded (0 events):
No events

Classes redefined (0 events):
No events

Internal exceptions (20 events):
Event: 10.799 Thread 0x0000020dc489b740 Implicit null exception at 0x0000020d9f5aa9b1 to 0x0000020d9f5ab2b8
Event: 10.799 Thread 0x0000020dc489b740 Exception <a 'java/lang/NoSuchMethodError'{0x00000000ed62a438}: 'java.lang.reflect.Method[] java.lang.Class.getDeclaredMethods(java.lang.Class)'> (0x00000000ed62a438) 
thrown [s\open\src\hotspot\share\interpreter\linkResolver.cpp, line 773]
Event: 10.823 Thread 0x0000020dc489b740 Exception <a 'java/lang/NoSuchMethodError'{0x00000000ed68f8a8}: 'java.lang.Object java.lang.invoke.DirectMethodHandle$Holder.invokeStaticInit(java.lang.Object, java.lang.Object, java.lang.Object)'> (0x00000000ed68f8a8) 
thrown [s\open\src\hotspot\share\interpreter\linkResolver.cpp, line 773]
Event: 10.862 Thread 0x0000020dc489b740 Exception <a 'java/lang/NoSuchMethodError'{0x00000000ed570b50}: 'void java.lang.invoke.DirectMethodHandle$Holder.invokeStaticInit(java.lang.Object, java.lang.Object, java.lang.Object)'> (0x00000000ed570b50) 
thrown [s\open\src\hotspot\share\interpreter\linkResolver.cpp, line 773]
Event: 10.864 Thread 0x0000020dc489b740 Exception <a 'java/lang/NoSuchMethodError'{0x00000000ed577638}: 'void java.lang.invoke.DirectMethodHandle$Holder.invokeStaticInit(java.lang.Object, java.lang.Object, java.lang.Object, java.lang.Object)'> (0x00000000ed577638) 
thrown [s\open\src\hotspot\share\interpreter\linkResolver.cpp, line 773]
Event: 10.881 Thread 0x0000020dc489b740 Exception <a 'java/lang/NoSuchMethodError'{0x00000000ed5993c0}: 'void java.lang.invoke.DirectMethodHandle$Holder.invokeStaticInit(java.lang.Object, java.lang.Object, java.lang.Object, java.lang.Object, java.lang.Object)'> (0x00000000ed5993c0) 
thrown [s\open\src\hotspot\share\interpreter\linkResolver.cpp, line 773]
Event: 10.896 Thread 0x0000020dc489b740 Exception <a 'java/lang/NoSuchMethodError'{0x00000000ed5f1ad8}: 'int java.lang.invoke.DirectMethodHandle$Holder.invokeStaticInit(java.lang.Object, java.lang.Object, java.lang.Object, java.lang.Object)'> (0x00000000ed5f1ad8) 
thrown [s\open\src\hotspot\share\interpreter\linkResolver.cpp, line 773]
Event: 11.577 Thread 0x0000020dc489b740 Exception <a 'java/lang/ClassNotFoundException'{0x00000000ecce3048}: groovy/lang/ExpandoMetaClassBeanInfo> (0x00000000ecce3048) 
thrown [s\open\src\hotspot\share\classfile\systemDictionary.cpp, line 312]
Event: 11.577 Thread 0x0000020dc489b740 Exception <a 'java/lang/ClassNotFoundException'{0x00000000ecceb5f0}: groovy/lang/MetaClassImplBeanInfo> (0x00000000ecceb5f0) 
thrown [s\open\src\hotspot\share\classfile\systemDictionary.cpp, line 312]
Event: 11.577 Thread 0x0000020dc489b740 Exception <a 'java/lang/ClassNotFoundException'{0x00000000eccf00b8}: java/lang/ObjectBeanInfo> (0x00000000eccf00b8) 
thrown [s\open\src\hotspot\share\classfile\systemDictionary.cpp, line 312]
Event: 11.578 Thread 0x0000020dc489b740 Exception <a 'java/lang/ClassNotFoundException'{0x00000000eccf5d88}: java/lang/ObjectCustomizer> (0x00000000eccf5d88) 
thrown [s\open\src\hotspot\share\classfile\systemDictionary.cpp, line 312]
Event: 11.582 Thread 0x0000020dc489b740 Exception <a 'java/lang/IncompatibleClassChangeError'{0x00000000ecb06cc0}: Found class java.lang.Object, but interface was expected> (0x00000000ecb06cc0) 
thrown [s\open\src\hotspot\share\interpreter\linkResolver.cpp, line 840]
Event: 11.585 Thread 0x0000020dc489b740 Exception <a 'java/lang/ClassNotFoundException'{0x00000000ecb22738}: groovy/lang/MetaClassImplCustomizer> (0x00000000ecb22738) 
thrown [s\open\src\hotspot\share\classfile\systemDictionary.cpp, line 312]
Event: 11.587 Thread 0x0000020dc489b740 Exception <a 'java/lang/ClassNotFoundException'{0x00000000ecb4ac40}: groovy/lang/ExpandoMetaClassCustomizer> (0x00000000ecb4ac40) 
thrown [s\open\src\hotspot\share\classfile\systemDictionary.cpp, line 312]
Event: 11.908 Thread 0x0000020dc489b740 Exception <a 'java/lang/NoSuchMethodError'{0x00000000ec6cc5e0}: 'java.lang.Object java.lang.invoke.DirectMethodHandle$Holder.invokeStatic(java.lang.Object, int, java.lang.Object)'> (0x00000000ec6cc5e0) 
thrown [s\open\src\hotspot\share\interpreter\linkResolver.cpp, line 773]
Event: 12.628 Thread 0x0000020dc489b740 Exception <a 'java/lang/ClassNotFoundException'{0x00000000eb2a64e0}: org/gradle/internal/extensibility/DefaultExtraPropertiesExtensionBeanInfo> (0x00000000eb2a64e0) 
thrown [s\open\src\hotspot\share\classfile\systemDictionary.cpp, line 312]
Event: 12.634 Thread 0x0000020dc489b740 Exception <a 'java/lang/ClassNotFoundException'{0x00000000eb2aebe8}: groovy/lang/GroovyObjectSupportBeanInfo> (0x00000000eb2aebe8) 
thrown [s\open\src\hotspot\share\classfile\systemDictionary.cpp, line 312]
Event: 12.635 Thread 0x0000020dc489b740 Exception <a 'java/lang/ClassNotFoundException'{0x00000000eb2b7468}: groovy/lang/GroovyObjectSupportCustomizer> (0x00000000eb2b7468) 
thrown [s\open\src\hotspot\share\classfile\systemDictionary.cpp, line 312]
Event: 12.639 Thread 0x0000020dc489b740 Exception <a 'java/lang/ClassNotFoundException'{0x00000000eb2d1768}: org/gradle/internal/extensibility/DefaultExtraPropertiesExtensionCustomizer> (0x00000000eb2d1768) 
thrown [s\open\src\hotspot\share\classfile\systemDictionary.cpp, line 312]
Event: 12.642 Thread 0x0000020dc489b740 Exception <a 'java/lang/IncompatibleClassChangeError'{0x00000000eb2ec740}: Found class java.lang.Object, but interface was expected> (0x00000000eb2ec740) 
thrown [s\open\src\hotspot\share\interpreter\linkResolver.cpp, line 840]

ZGC Phase Switch (0 events):
No events

VM Operations (20 events):
Event: 9.717 Executing VM operation: HandshakeAllThreads (Deoptimize)
Event: 9.717 Executing VM operation: HandshakeAllThreads (Deoptimize) done
Event: 10.308 Executing VM operation: HandshakeAllThreads (Deoptimize)
Event: 10.308 Executing VM operation: HandshakeAllThreads (Deoptimize) done
Event: 10.754 Executing VM operation: HandshakeAllThreads (Deoptimize)
Event: 10.754 Executing VM operation: HandshakeAllThreads (Deoptimize) done
Event: 10.754 Executing VM operation: Cleanup
Event: 10.754 Executing VM operation: Cleanup done
Event: 11.302 Executing VM operation: HandshakeAllThreads (Deoptimize)
Event: 11.302 Executing VM operation: HandshakeAllThreads (Deoptimize) done
Event: 11.779 Executing VM operation: HandshakeAllThreads (Deoptimize)
Event: 11.779 Executing VM operation: HandshakeAllThreads (Deoptimize) done
Event: 11.779 Executing VM operation: Cleanup
Event: 11.779 Executing VM operation: Cleanup done
Event: 11.780 Executing VM operation: HandshakeAllThreads (Deoptimize)
Event: 11.780 Executing VM operation: HandshakeAllThreads (Deoptimize) done
Event: 11.831 Executing VM operation: HandshakeAllThreads (Deoptimize)
Event: 11.831 Executing VM operation: HandshakeAllThreads (Deoptimize) done
Event: 11.994 Executing VM operation: HandshakeAllThreads (Deoptimize)
Event: 11.994 Executing VM operation: HandshakeAllThreads (Deoptimize) done

Events (20 events):
Event: 4.177 Thread 0x0000020dc483a8f0 Thread added: 0x0000020dc483a8f0
Event: 4.182 Thread 0x0000020dc483b320 Thread added: 0x0000020dc483b320
Event: 4.304 Thread 0x0000020dc489b0e0 Thread added: 0x0000020dc489b0e0
Event: 4.316 Thread 0x0000020dc489b740 Thread added: 0x0000020dc489b740
Event: 4.351 Thread 0x0000020dc4884ce0 Thread added: 0x0000020dc4884ce0
Event: 4.359 Thread 0x0000020dc4523730 Thread added: 0x0000020dc4523730
Event: 4.362 Thread 0x0000020dc45241b0 Thread added: 0x0000020dc45241b0
Event: 5.647 Thread 0x0000020dc4525bf0 Thread added: 0x0000020dc4525bf0
Event: 5.656 Thread 0x0000020dc4525560 Thread added: 0x0000020dc4525560
Event: 6.032 Thread 0x0000020dc4527630 Thread added: 0x0000020dc4527630
Event: 6.084 Thread 0x0000020dc4526280 Thread added: 0x0000020dc4526280
Event: 6.270 Thread 0x0000020da9828890 Thread added: 0x0000020da9828890
Event: 8.105 Thread 0x0000020da9828890 Thread exited: 0x0000020da9828890
Event: 8.721 Thread 0x0000020dc4526910 Thread added: 0x0000020dc4526910
Event: 8.826 Thread 0x0000020dc4526fa0 Thread added: 0x0000020dc4526fa0
Event: 9.491 Thread 0x0000020dc4524ed0 Thread added: 0x0000020dc4524ed0
Event: 9.498 Thread 0x0000020dc4774df0 Thread added: 0x0000020dc4774df0
Event: 10.682 Thread 0x0000020da982a3d0 Thread added: 0x0000020da982a3d0
Event: 11.094 Thread 0x0000020da982a3d0 Thread exited: 0x0000020da982a3d0
Event: 12.056 Thread 0x0000020da982b170 Thread added: 0x0000020da982b170


Dynamic libraries:
0x00007ff6b26e0000 - 0x00007ff6b26f0000 	C:\Program Files\Java\jdk-21\bin\java.exe
0x00007ffdeb170000 - 0x00007ffdeb368000 	C:\WINDOWS\SYSTEM32\ntdll.dll
0x00007ffde98b0000 - 0x00007ffde9972000 	C:\WINDOWS\System32\KERNEL32.DLL
0x00007ffde89a0000 - 0x00007ffde8c9f000 	C:\WINDOWS\System32\KERNELBASE.dll
0x00007ffde9040000 - 0x00007ffde9140000 	C:\WINDOWS\System32\ucrtbase.dll
0x00007ffdc7de0000 - 0x00007ffdc7df9000 	C:\Program Files\Java\jdk-21\bin\jli.dll
0x00007ffdc78a0000 - 0x00007ffdc78bb000 	C:\Program Files\Java\jdk-21\bin\VCRUNTIME140.dll
0x00007ffdea2b0000 - 0x00007ffdea35f000 	C:\WINDOWS\System32\ADVAPI32.dll
0x00007ffde9f40000 - 0x00007ffde9fde000 	C:\WINDOWS\System32\msvcrt.dll
0x00007ffde99e0000 - 0x00007ffde9a7f000 	C:\WINDOWS\System32\sechost.dll
0x00007ffdea180000 - 0x00007ffdea2a3000 	C:\WINDOWS\System32\RPCRT4.dll
0x00007ffde9010000 - 0x00007ffde9037000 	C:\WINDOWS\System32\bcrypt.dll
0x00007ffde9710000 - 0x00007ffde98ad000 	C:\WINDOWS\System32\USER32.dll
0x00007ffde8d30000 - 0x00007ffde8d52000 	C:\WINDOWS\System32\win32u.dll
0x00007ffde9e60000 - 0x00007ffde9e8b000 	C:\WINDOWS\System32\GDI32.dll
0x00007ffde8880000 - 0x00007ffde899a000 	C:\WINDOWS\System32\gdi32full.dll
0x00007ffdd8740000 - 0x00007ffdd89da000 	C:\WINDOWS\WinSxS\amd64_microsoft.windows.common-controls_6595b64144ccf1df_6.0.19041.4355_none_60b8b9eb71f62e16\COMCTL32.dll
0x00007ffde8e10000 - 0x00007ffde8ead000 	C:\WINDOWS\System32\msvcp_win.dll
0x00007ffde6790000 - 0x00007ffde679a000 	C:\WINDOWS\SYSTEM32\VERSION.dll
0x00007ffde9260000 - 0x00007ffde928f000 	C:\WINDOWS\System32\IMM32.DLL
0x00007ffdd5f80000 - 0x00007ffdd5f8c000 	C:\Program Files\Java\jdk-21\bin\vcruntime140_1.dll
0x00007ffdb8060000 - 0x00007ffdb80ee000 	C:\Program Files\Java\jdk-21\bin\msvcp140.dll
0x00007ffda7460000 - 0x00007ffda817a000 	C:\Program Files\Java\jdk-21\bin\server\jvm.dll
0x00007ffde9ff0000 - 0x00007ffdea05b000 	C:\WINDOWS\System32\WS2_32.dll
0x00007ffde8670000 - 0x00007ffde86bb000 	C:\WINDOWS\SYSTEM32\POWRPROF.dll
0x00007ffdd8530000 - 0x00007ffdd8557000 	C:\WINDOWS\SYSTEM32\WINMM.dll
0x00007ffde8650000 - 0x00007ffde8662000 	C:\WINDOWS\SYSTEM32\UMPDC.dll
0x00007ffde6890000 - 0x00007ffde68a2000 	C:\WINDOWS\SYSTEM32\kernel.appcore.dll
0x00007ffdd3700000 - 0x00007ffdd370a000 	C:\Program Files\Java\jdk-21\bin\jimage.dll
0x00007ffde13d0000 - 0x00007ffde15b4000 	C:\WINDOWS\SYSTEM32\DBGHELP.DLL
0x00007ffde1310000 - 0x00007ffde1344000 	C:\WINDOWS\SYSTEM32\dbgcore.DLL
0x00007ffde8ca0000 - 0x00007ffde8d22000 	C:\WINDOWS\System32\bcryptPrimitives.dll
0x00007ffdd3570000 - 0x00007ffdd357f000 	C:\Program Files\Java\jdk-21\bin\instrument.dll
0x00007ffdc7800000 - 0x00007ffdc781f000 	C:\Program Files\Java\jdk-21\bin\java.dll
0x00007ffdea9c0000 - 0x00007ffdeb12d000 	C:\WINDOWS\System32\SHELL32.dll
0x00007ffde68b0000 - 0x00007ffde7054000 	C:\WINDOWS\SYSTEM32\windows.storage.dll
0x00007ffde9a80000 - 0x00007ffde9dd5000 	C:\WINDOWS\System32\combase.dll
0x00007ffde8170000 - 0x00007ffde819b000 	C:\WINDOWS\SYSTEM32\Wldp.dll
0x00007ffdea630000 - 0x00007ffdea6fd000 	C:\WINDOWS\System32\OLEAUT32.dll
0x00007ffdea0d0000 - 0x00007ffdea17d000 	C:\WINDOWS\System32\SHCORE.dll
0x00007ffde91f0000 - 0x00007ffde9245000 	C:\WINDOWS\System32\shlwapi.dll
0x00007ffde8740000 - 0x00007ffde8765000 	C:\WINDOWS\SYSTEM32\profapi.dll
0x00007ffdb74d0000 - 0x00007ffdb75a7000 	C:\Program Files\Java\jdk-21\bin\jsvml.dll
0x00007ffdc53d0000 - 0x00007ffdc53e8000 	C:\Program Files\Java\jdk-21\bin\zip.dll
0x00007ffdcfa50000 - 0x00007ffdcfa60000 	C:\Program Files\Java\jdk-21\bin\net.dll
0x00007ffde0f30000 - 0x00007ffde103a000 	C:\WINDOWS\SYSTEM32\WINHTTP.dll
0x00007ffde7ed0000 - 0x00007ffde7f3c000 	C:\WINDOWS\system32\mswsock.dll
0x00007ffdc2060000 - 0x00007ffdc2076000 	C:\Program Files\Java\jdk-21\bin\nio.dll
0x00007ffdcf9b0000 - 0x00007ffdcf9c0000 	C:\Program Files\Java\jdk-21\bin\verify.dll
0x00007ffdc8880000 - 0x00007ffdc88a7000 	C:\Users\Usser\.gradle\native\1def1411415f61bf3af743bc5b6707747c0891f09f0c88961ee8f79bc544acac\windows-amd64\native-platform.dll
0x00007ffdb79a0000 - 0x00007ffdb7a18000 	C:\Users\Usser\.gradle\native\0.2.6\x86_64-windows-gnu\gradle-fileevents.dll
0x00007ffdcf200000 - 0x00007ffdcf20a000 	C:\Program Files\Java\jdk-21\bin\management.dll
0x00007ffdcf020000 - 0x00007ffdcf02b000 	C:\Program Files\Java\jdk-21\bin\management_ext.dll
0x00007ffde9250000 - 0x00007ffde9258000 	C:\WINDOWS\System32\PSAPI.DLL
0x00007ffde7bb0000 - 0x00007ffde7beb000 	C:\WINDOWS\SYSTEM32\IPHLPAPI.DLL
0x00007ffdea0c0000 - 0x00007ffdea0c8000 	C:\WINDOWS\System32\NSI.dll
0x00007ffdceef0000 - 0x00007ffdceef9000 	C:\Program Files\Java\jdk-21\bin\extnet.dll
0x00007ffde80d0000 - 0x00007ffde80e8000 	C:\WINDOWS\SYSTEM32\CRYPTSP.dll
0x00007ffde77f0000 - 0x00007ffde7828000 	C:\WINDOWS\system32\rsaenh.dll
0x00007ffde8700000 - 0x00007ffde872e000 	C:\WINDOWS\SYSTEM32\USERENV.dll
0x00007ffde80c0000 - 0x00007ffde80cc000 	C:\WINDOWS\SYSTEM32\CRYPTBASE.dll
0x00007ffdceeb0000 - 0x00007ffdceebe000 	C:\Program Files\Java\jdk-21\bin\sunmscapi.dll
0x00007ffde8eb0000 - 0x00007ffde900c000 	C:\WINDOWS\System32\CRYPT32.dll
0x00007ffde81e0000 - 0x00007ffde8207000 	C:\WINDOWS\SYSTEM32\ncrypt.dll
0x00007ffde81a0000 - 0x00007ffde81db000 	C:\WINDOWS\SYSTEM32\NTASN1.dll
0x00007ffddfcc0000 - 0x00007ffddfcc7000 	C:\WINDOWS\system32\wshunix.dll

dbghelp: loaded successfully - version: 4.0.5 - missing functions: none
symbol engine: initialized successfully - sym options: 0x614 - pdb path: .;C:\Program Files\Java\jdk-21\bin;C:\WINDOWS\SYSTEM32;C:\WINDOWS\WinSxS\amd64_microsoft.windows.common-controls_6595b64144ccf1df_6.0.19041.4355_none_60b8b9eb71f62e16;C:\Program Files\Java\jdk-21\bin\server;C:\Users\Usser\.gradle\native\1def1411415f61bf3af743bc5b6707747c0891f09f0c88961ee8f79bc544acac\windows-amd64;C:\Users\Usser\.gradle\native\0.2.6\x86_64-windows-gnu

VM Arguments:
jvm_args: --add-opens=java.base/java.lang=ALL-UNNAMED --add-opens=java.base/java.lang.invoke=ALL-UNNAMED --add-opens=java.base/java.util=ALL-UNNAMED --add-opens=java.prefs/java.util.prefs=ALL-UNNAMED --add-exports=jdk.compiler/com.sun.tools.javac.api=ALL-UNNAMED --add-exports=jdk.compiler/com.sun.tools.javac.util=ALL-UNNAMED --add-opens=java.base/java.util=ALL-UNNAMED --add-opens=java.prefs/java.util.prefs=ALL-UNNAMED --add-opens=java.base/java.nio.charset=ALL-UNNAMED --add-opens=java.base/java.net=ALL-UNNAMED --add-opens=java.base/java.util.concurrent.atomic=ALL-UNNAMED --add-opens=java.xml/javax.xml.namespace=ALL-UNNAMED -XX:MaxMetaspaceSize=384m -XX:+HeapDumpOnOutOfMemoryError -Xms256m -Xmx512m -Dfile.encoding=UTF-8 -Duser.country=RU -Duser.language=ru -Duser.variant -javaagent:C:\Users\Usser\.gradle\wrapper\dists\gradle-8.12.1-bin\eumc4uhoysa37zql93vfjkxy0\gradle-8.12.1\lib\agents\gradle-instrumentation-agent-8.12.1.jar 
java_command: org.gradle.launcher.daemon.bootstrap.GradleDaemon 8.12.1
java_class_path (initial): C:\Users\Usser\.gradle\wrapper\dists\gradle-8.12.1-bin\eumc4uhoysa37zql93vfjkxy0\gradle-8.12.1\lib\gradle-daemon-main-8.12.1.jar
Launcher Type: SUN_STANDARD

[Global flags]
     intx CICompilerCount                          = 3                                         {product} {ergonomic}
   size_t CompressedClassSpaceSize                 = 335544320                                 {product} {ergonomic}
     uint ConcGCThreads                            = 1                                         {product} {ergonomic}
     uint G1ConcRefinementThreads                  = 4                                         {product} {ergonomic}
   size_t G1HeapRegionSize                         = 1048576                                   {product} {ergonomic}
    uintx GCDrainStackTargetSize                   = 64                                        {product} {ergonomic}
     bool HeapDumpOnOutOfMemoryError               = true                                   {manageable} {command line}
   size_t InitialHeapSize                          = 268435456                                 {product} {command line}
   size_t MarkStackSize                            = 4194304                                   {product} {ergonomic}
   size_t MaxHeapSize                              = 536870912                                 {product} {command line}
   size_t MaxMetaspaceSize                         = 402653184                                 {product} {command line}
   size_t MaxNewSize                               = 321912832                                 {product} {ergonomic}
   size_t MinHeapDeltaBytes                        = 1048576                                   {product} {ergonomic}
   size_t MinHeapSize                              = 268435456                                 {product} {command line}
    uintx NonNMethodCodeHeapSize                   = 5832780                                {pd product} {ergonomic}
    uintx NonProfiledCodeHeapSize                  = 122912730                              {pd product} {ergonomic}
    uintx ProfiledCodeHeapSize                     = 122912730                              {pd product} {ergonomic}
    uintx ReservedCodeCacheSize                    = 251658240                              {pd product} {ergonomic}
     bool SegmentedCodeCache                       = true                                      {product} {ergonomic}
   size_t SoftMaxHeapSize                          = 536870912                              {manageable} {ergonomic}
     bool UseCompressedOops                        = true                           {product lp64_product} {ergonomic}
     bool UseG1GC                                  = true                                      {product} {ergonomic}
     bool UseLargePagesIndividualAllocation        = false                                  {pd product} {ergonomic}

Logging:
Log output configuration:
 #0: stdout all=warning uptime,level,tags foldmultilines=false
 #1: stderr all=off uptime,level,tags foldmultilines=false

Environment Variables:
JAVA_HOME=C:\Program Files\Java\jdk-21
CLASSPATH=D:\Home\Home\MyJavaProject1\\gradle\wrapper\gradle-wrapper.jar
PATH=C:\Program Files\Common Files\Oracle\Java\javapath;C:\WINDOWS\system32;C:\WINDOWS;C:\WINDOWS\System32\Wbem;C:\WINDOWS\System32\WindowsPowerShell\v1.0\;C:\WINDOWS\System32\OpenSSH\;C:\Program Files\dotnet\;C:\Program Files\Git\cmd;C:\Program Files\Java\jdk-21\bin;C:\Program Files\MySQL\MySQL Shell 8.0\bin\;C:\Users\Usser\AppData\Local\Microsoft\WindowsApps;C:\Users\Usser\AppData\Local\GitHubDesktop\bin;C:\Users\Usser\.dotnet\tools;C:\Users\Usser\AppData\Local\Programs\Microsoft VS Code\bin
USERNAME=Usser
OS=Windows_NT
PROCESSOR_IDENTIFIER=Intel64 Family 6 Model 158 Stepping 9, GenuineIntel
TMP=C:\Users\Usser\AppData\Local\Temp
TEMP=C:\Users\Usser\AppData\Local\Temp




Periodic native trim disabled

---------------  S Y S T E M  ---------------

OS:
 Windows 10 , 64 bit Build 19041 (10.0.19041.5438)
OS uptime: 8 days 5:44 hours

CPU: total 4 (initial active 4) (2 cores per cpu, 2 threads per core) family 6 model 158 stepping 9 microcode 0xb4, cx8, cmov, fxsr, ht, mmx, 3dnowpref, sse, sse2, sse3, ssse3, sse4.1, sse4.2, popcnt, lzcnt, tsc, tscinvbit, avx, avx2, aes, erms, clmul, bmi1, bmi2, adx, fma, vzeroupper, clflush, clflushopt, rdtscp, f16c
Processor Information for all 4 processors :
  Max Mhz: 3900, Current Mhz: 3900, Mhz Limit: 3900

Memory: 4k page, system-wide physical 8057M (467M free)
TotalPageFile size 16249M (AvailPageFile size 7M)
current process WorkingSet (physical memory assigned to process): 331M, peak: 331M
current process commit charge ("private bytes"): 435M, peak: 436M

vm_info: Java HotSpot(TM) 64-Bit Server VM (21.0.6+8-LTS-188) for windows-amd64 JRE (21.0.6+8-LTS-188), built on 2024-12-03T10:50:54Z by "mach5one" with MS VC++ 17.6 (VS2022)

END.
