#
# There is insufficient memory for the Java Runtime Environment to continue.
# Native memory allocation (malloc) failed to allocate 1098608 bytes for Chunk::new
# Possible reasons:
#   The system is out of physical RAM or swap space
#   The process is running with CompressedOops enabled, and the Java Heap may be blocking the growth of the native heap
# Possible solutions:
#   Reduce memory load on the system
#   Increase physical memory or swap space
#   Check if swap backing store is full
#   Decrease Java heap size (-Xmx/-Xms)
#   Decrease number of Java threads
#   Decrease Java thread stack sizes (-Xss)
#   Set larger code cache with -XX:ReservedCodeCacheSize=
#   JVM is running with Unscaled Compressed Oops mode in which the Java heap is
#     placed in the first 4GB address space. The Java Heap base address is the
#     maximum limit for the native heap growth. Please use -XX:HeapBaseMinAddress
#     to set the Java Heap base and to place the Java Heap above 4GB virtual address.
# This output file may be truncated or incomplete.
#
#  Out of Memory Error (arena.cpp:168), pid=9620, tid=10752
#
# JRE version: Java(TM) SE Runtime Environment (21.0.6+8) (build 21.0.6+8-LTS-188)
# Java VM: Java HotSpot(TM) 64-Bit Server VM (21.0.6+8-LTS-188, mixed mode, sharing, tiered, compressed oops, compressed class ptrs, g1 gc, windows-amd64)
# No core dump will be written. Minidumps are not enabled by default on client versions of Windows
#

---------------  S U M M A R Y ------------

Command Line: --add-opens=java.base/java.lang=ALL-UNNAMED --add-opens=java.base/java.lang.invoke=ALL-UNNAMED --add-opens=java.base/java.util=ALL-UNNAMED --add-opens=java.prefs/java.util.prefs=ALL-UNNAMED --add-exports=jdk.compiler/com.sun.tools.javac.api=ALL-UNNAMED --add-exports=jdk.compiler/com.sun.tools.javac.util=ALL-UNNAMED --add-opens=java.base/java.util=ALL-UNNAMED --add-opens=java.prefs/java.util.prefs=ALL-UNNAMED --add-opens=java.base/java.nio.charset=ALL-UNNAMED --add-opens=java.base/java.net=ALL-UNNAMED --add-opens=java.base/java.util.concurrent.atomic=ALL-UNNAMED --add-opens=java.xml/javax.xml.namespace=ALL-UNNAMED -XX:MaxMetaspaceSize=384m -XX:+HeapDumpOnOutOfMemoryError -Xms256m -Xmx512m -Dfile.encoding=windows-1251 -Duser.country=RU -Duser.language=ru -Duser.variant -javaagent:C:\Users\Usser\.gradle\wrapper\dists\gradle-8.12.1-bin\eumc4uhoysa37zql93vfjkxy0\gradle-8.12.1\lib\agents\gradle-instrumentation-agent-8.12.1.jar org.gradle.launcher.daemon.bootstrap.GradleDaemon 8.12.1

Host: Intel(R) Core(TM) i3-7100 CPU @ 3.90GHz, 4 cores, 7G,  Windows 10 , 64 bit Build 19041 (10.0.19041.5438)
Time: Wed Apr  2 03:55:28 2025  Windows 10 , 64 bit Build 19041 (10.0.19041.5438) elapsed time: 15.725987 seconds (0d 0h 0m 15s)

---------------  T H R E A D  ---------------

Current thread (0x000002adf835daa0):  JavaThread "C2 CompilerThread0" daemon [_thread_in_native, id=10752, stack(0x000000d5e1700000,0x000000d5e1800000) (1024K)]


Current CompileTask:
C2:  15726 3701       4       java.lang.invoke.MethodType::makeImpl (109 bytes)

Stack: [0x000000d5e1700000,0x000000d5e1800000]
Native frames: (J=compiled Java code, j=interpreted, Vv=VM code, C=native code)
V  [jvm.dll+0x6ca6d9]
V  [jvm.dll+0x854f51]
V  [jvm.dll+0x85747e]
V  [jvm.dll+0x857b53]
V  [jvm.dll+0x27dcc6]
V  [jvm.dll+0xc4c2d]
V  [jvm.dll+0xc5163]
V  [jvm.dll+0x3b515c]
V  [jvm.dll+0x1df829]
V  [jvm.dll+0x246a72]
V  [jvm.dll+0x245eff]
V  [jvm.dll+0x1c6d2e]
V  [jvm.dll+0x2554f9]
V  [jvm.dll+0x253a8a]
V  [jvm.dll+0x3ee576]
V  [jvm.dll+0x7ff2fb]
V  [jvm.dll+0x6c8dbd]
C  [ucrtbase.dll+0x21bb2]
C  [KERNEL32.DLL+0x17374]
C  [ntdll.dll+0x4cc91]


---------------  P R O C E S S  ---------------

Threads class SMR info:
_java_thread_list=0x000002ad96562750, length=34, elements={
0x000002addbf242b0, 0x000002adf8349b80, 0x000002adf834a6d0, 0x000002adf834f8c0,
0x000002adf8350b20, 0x000002adf8351570, 0x000002adf8353fd0, 0x000002adf835daa0,
0x000002adf835ed40, 0x000002adf8564d10, 0x000002adf8721f50, 0x000002adf884cd30,
0x000002adfd7f3020, 0x000002adfda0f080, 0x000002adfe4db900, 0x000002adfe75a8d0,
0x000002adfe4913f0, 0x000002adfe491a50, 0x000002adfd04fc00, 0x000002adfd051820,
0x000002adfd063440, 0x000002adfd062db0, 0x000002adfd061370, 0x000002adfd05ffc0,
0x000002adfd062720, 0x000002adfd060650, 0x000002adfd060ce0, 0x000002adfd062090,
0x000002adfedaea60, 0x000002adfedb11c0, 0x000002adfedb0b30, 0x000002adfedaf780,
0x000002adfedadd40, 0x000002adff18bc40
}

Java Threads: ( => current thread )
  0x000002addbf242b0 JavaThread "main"                              [_thread_blocked, id=5164, stack(0x000000d5e0900000,0x000000d5e0a00000) (1024K)]
  0x000002adf8349b80 JavaThread "Reference Handler"          daemon [_thread_blocked, id=11036, stack(0x000000d5e1100000,0x000000d5e1200000) (1024K)]
  0x000002adf834a6d0 JavaThread "Finalizer"                  daemon [_thread_blocked, id=10092, stack(0x000000d5e1200000,0x000000d5e1300000) (1024K)]
  0x000002adf834f8c0 JavaThread "Signal Dispatcher"          daemon [_thread_blocked, id=8216, stack(0x000000d5e1300000,0x000000d5e1400000) (1024K)]
  0x000002adf8350b20 JavaThread "Attach Listener"            daemon [_thread_blocked, id=1080, stack(0x000000d5e1400000,0x000000d5e1500000) (1024K)]
  0x000002adf8351570 JavaThread "Service Thread"             daemon [_thread_blocked, id=12576, stack(0x000000d5e1500000,0x000000d5e1600000) (1024K)]
  0x000002adf8353fd0 JavaThread "Monitor Deflation Thread"   daemon [_thread_blocked, id=10392, stack(0x000000d5e1600000,0x000000d5e1700000) (1024K)]
=>0x000002adf835daa0 JavaThread "C2 CompilerThread0"         daemon [_thread_in_native, id=10752, stack(0x000000d5e1700000,0x000000d5e1800000) (1024K)]
  0x000002adf835ed40 JavaThread "C1 CompilerThread0"         daemon [_thread_blocked, id=14016, stack(0x000000d5e1800000,0x000000d5e1900000) (1024K)]
  0x000002adf8564d10 JavaThread "Common-Cleaner"             daemon [_thread_blocked, id=15012, stack(0x000000d5e1900000,0x000000d5e1a00000) (1024K)]
  0x000002adf8721f50 JavaThread "Notification Thread"        daemon [_thread_blocked, id=5832, stack(0x000000d5e1a00000,0x000000d5e1b00000) (1024K)]
  0x000002adf884cd30 JavaThread "Daemon health stats"               [_thread_blocked, id=8688, stack(0x000000d5e1e00000,0x000000d5e1f00000) (1024K)]
  0x000002adfd7f3020 JavaThread "Incoming local TCP Connector on port 59479"        [_thread_in_native, id=6460, stack(0x000000d5e1f00000,0x000000d5e2000000) (1024K)]
  0x000002adfda0f080 JavaThread "Daemon periodic checks"            [_thread_blocked, id=6932, stack(0x000000d5e2000000,0x000000d5e2100000) (1024K)]
  0x000002adfe4db900 JavaThread "Daemon"                            [_thread_blocked, id=12236, stack(0x000000d5e2100000,0x000000d5e2200000) (1024K)]
  0x000002adfe75a8d0 JavaThread "Handler for socket connection from /127.0.0.1:59479 to /127.0.0.1:59481"        [_thread_in_native, id=3860, stack(0x000000d5e2200000,0x000000d5e2300000) (1024K)]
  0x000002adfe4913f0 JavaThread "Cancel handler"                    [_thread_blocked, id=4432, stack(0x000000d5e2300000,0x000000d5e2400000) (1024K)]
  0x000002adfe491a50 JavaThread "Daemon worker"                     [_thread_in_vm, id=8352, stack(0x000000d5e2400000,0x000000d5e2500000) (1024K)]
  0x000002adfd04fc00 JavaThread "Asynchronous log dispatcher for DefaultDaemonConnection: socket connection from /127.0.0.1:59479 to /127.0.0.1:59481"        [_thread_blocked, id=15308, stack(0x000000d5e2500000,0x000000d5e2600000) (1024K)]
  0x000002adfd051820 JavaThread "Stdin handler"                     [_thread_blocked, id=6868, stack(0x000000d5e2600000,0x000000d5e2700000) (1024K)]
  0x000002adfd063440 JavaThread "Daemon client event forwarder"        [_thread_blocked, id=10772, stack(0x000000d5e2700000,0x000000d5e2800000) (1024K)]
  0x000002adfd062db0 JavaThread "Cache worker for journal cache (C:\Users\Usser\.gradle\caches\journal-1)"        [_thread_blocked, id=10504, stack(0x000000d5e2800000,0x000000d5e2900000) (1024K)]
  0x000002adfd061370 JavaThread "File lock request listener"        [_thread_blocked, id=14624, stack(0x000000d5e2900000,0x000000d5e2a00000) (1024K)]
  0x000002adfd05ffc0 JavaThread "Cache worker for file hash cache (C:\Users\Usser\.gradle\caches\8.12.1\fileHashes)"        [_thread_blocked, id=2664, stack(0x000000d5e2a00000,0x000000d5e2b00000) (1024K)]
  0x000002adfd062720 JavaThread "File lock release action executor"        [_thread_blocked, id=8256, stack(0x000000d5e2b00000,0x000000d5e2c00000) (1024K)]
  0x000002adfd060650 JavaThread "Cache worker for file hash cache (D:\Home\Home\MyJavaProject1\.gradle\8.12.1\fileHashes)"        [_thread_blocked, id=2288, stack(0x000000d5e2d00000,0x000000d5e2e00000) (1024K)]
  0x000002adfd060ce0 JavaThread "Cache worker for Build Output Cleanup Cache (D:\Home\Home\MyJavaProject1\.gradle\buildOutputCleanup)"        [_thread_blocked, id=5188, stack(0x000000d5e2e00000,0x000000d5e2f00000) (1024K)]
  0x000002adfd062090 JavaThread "File watcher server"        daemon [_thread_in_native, id=14296, stack(0x000000d5e2f00000,0x000000d5e3000000) (1024K)]
  0x000002adfedaea60 JavaThread "File watcher consumer"      daemon [_thread_blocked, id=9604, stack(0x000000d5e3000000,0x000000d5e3100000) (1024K)]
  0x000002adfedb11c0 JavaThread "jar transforms"                    [_thread_blocked, id=7568, stack(0x000000d5e3100000,0x000000d5e3200000) (1024K)]
  0x000002adfedb0b30 JavaThread "jar transforms Thread 2"           [_thread_blocked, id=14196, stack(0x000000d5e3200000,0x000000d5e3300000) (1024K)]
  0x000002adfedaf780 JavaThread "jar transforms Thread 3"           [_thread_blocked, id=7156, stack(0x000000d5e3300000,0x000000d5e3400000) (1024K)]
  0x000002adfedadd40 JavaThread "jar transforms Thread 4"           [_thread_blocked, id=13568, stack(0x000000d5e3400000,0x000000d5e3500000) (1024K)]
  0x000002adff18bc40 JavaThread "C2 CompilerThread1"         daemon [_thread_in_native, id=2844, stack(0x000000d5e2c00000,0x000000d5e2d00000) (1024K)]
Total: 34

Other Threads:
  0x000002adf8331fd0 VMThread "VM Thread"                           [id=9556, stack(0x000000d5e1000000,0x000000d5e1100000) (1024K)] _threads_hazard_ptr=0x000002ad96562750
  0x000002adf831fc40 WatcherThread "VM Periodic Task Thread"        [id=7636, stack(0x000000d5e0f00000,0x000000d5e1000000) (1024K)]
  0x000002addc0ab140 WorkerThread "GC Thread#0"                     [id=3380, stack(0x000000d5e0a00000,0x000000d5e0b00000) (1024K)]
  0x000002adf888dd00 WorkerThread "GC Thread#1"                     [id=10764, stack(0x000000d5e1b00000,0x000000d5e1c00000) (1024K)]
  0x000002adf888e0a0 WorkerThread "GC Thread#2"                     [id=6584, stack(0x000000d5e1c00000,0x000000d5e1d00000) (1024K)]
  0x000002adf880c500 WorkerThread "GC Thread#3"                     [id=5124, stack(0x000000d5e1d00000,0x000000d5e1e00000) (1024K)]
  0x000002addc0b1110 ConcurrentGCThread "G1 Main Marker"            [id=1732, stack(0x000000d5e0b00000,0x000000d5e0c00000) (1024K)]
  0x000002addc0b2160 WorkerThread "G1 Conc#0"                       [id=1088, stack(0x000000d5e0c00000,0x000000d5e0d00000) (1024K)]
  0x000002addc14e8c0 ConcurrentGCThread "G1 Refine#0"               [id=7512, stack(0x000000d5e0d00000,0x000000d5e0e00000) (1024K)]
  0x000002adf81f15a0 ConcurrentGCThread "G1 Service"                [id=4056, stack(0x000000d5e0e00000,0x000000d5e0f00000) (1024K)]
Total: 10

Threads with active compile tasks:
C2 CompilerThread0    16373 3701       4       java.lang.invoke.MethodType::makeImpl (109 bytes)
C2 CompilerThread1    16373 3687   !   4       java.lang.ClassLoader::loadClass (121 bytes)
Total: 2

VM state: synchronizing (normal execution)

VM Mutex/Monitor currently owned by a thread:  ([mutex/lock_event])
[0x00007ffda809be18] Metaspace_lock - owner thread: 0x000002adfe491a50
[0x00007ffda809de98] Threads_lock - owner thread: 0x000002adf8331fd0

Heap address: 0x00000000e0000000, size: 512 MB, Compressed Oops mode: 32-bit

CDS archive(s) mapped at: [0x000002ad80000000-0x000002ad80c90000-0x000002ad80c90000), size 13172736, SharedBaseAddress: 0x000002ad80000000, ArchiveRelocationMode: 1.
Compressed class space mapped at: 0x000002ad81000000-0x000002ad95000000, reserved size: 335544320
Narrow klass base: 0x000002ad80000000, Narrow klass shift: 0, Narrow klass range: 0x100000000

GC Precious Log:
 CardTable entry size: 512
 Card Set container configuration: InlinePtr #cards 5 size 8 Array Of Cards #cards 12 size 40 Howl #buckets 4 coarsen threshold 1843 Howl Bitmap #cards 512 size 80 coarsen threshold 460 Card regions per heap region 1 cards per card region 2048
 CPUs: 4 total, 4 available
 Memory: 8057M
 Large Page Support: Disabled
 NUMA Support: Disabled
 Compressed Oops: Enabled (32-bit)
 Heap Region Size: 1M
 Heap Min Capacity: 256M
 Heap Initial Capacity: 256M
 Heap Max Capacity: 512M
 Pre-touch: Disabled
 Parallel Workers: 4
 Concurrent Workers: 1
 Concurrent Refinement Workers: 4
 Periodic GC: Disabled

Heap:
 garbage-first heap   total 262144K, used 96533K [0x00000000e0000000, 0x0000000100000000)
  region size 1024K, 79 young (80896K), 17 survivors (17408K)
 Metaspace       used 28919K, committed 29888K, reserved 393216K
  class space    used 4280K, committed 4736K, reserved 327680K

Heap Regions: E=young(eden), S=young(survivor), O=old, HS=humongous(starts), HC=humongous(continues), CS=collection set, F=free, TAMS=top-at-mark-start, PB=parsable bottom
|   0|0x00000000e0000000, 0x00000000e0100000, 0x00000000e0100000|100%|HS|  |TAMS 0x00000000e0000000| PB 0x00000000e0000000| Complete 
|   1|0x00000000e0100000, 0x00000000e0200000, 0x00000000e0200000|100%|HC|  |TAMS 0x00000000e0100000| PB 0x00000000e0100000| Complete 
|   2|0x00000000e0200000, 0x00000000e0300000, 0x00000000e0300000|100%|HC|  |TAMS 0x00000000e0200000| PB 0x00000000e0200000| Complete 
|   3|0x00000000e0300000, 0x00000000e0400000, 0x00000000e0400000|100%| O|  |TAMS 0x00000000e0300000| PB 0x00000000e0300000| Untracked 
|   4|0x00000000e0400000, 0x00000000e0500000, 0x00000000e0500000|100%| O|  |TAMS 0x00000000e0400000| PB 0x00000000e0400000| Untracked 
|   5|0x00000000e0500000, 0x00000000e05be048, 0x00000000e0600000| 74%| O|  |TAMS 0x00000000e0500000| PB 0x00000000e0500000| Untracked 
|   6|0x00000000e0600000, 0x00000000e0700000, 0x00000000e0700000|100%|HS|  |TAMS 0x00000000e0600000| PB 0x00000000e0600000| Complete 
|   7|0x00000000e0700000, 0x00000000e0800000, 0x00000000e0800000|100%|HS|  |TAMS 0x00000000e0700000| PB 0x00000000e0700000| Complete 
|   8|0x00000000e0800000, 0x00000000e0900000, 0x00000000e0900000|100%|HC|  |TAMS 0x00000000e0800000| PB 0x00000000e0800000| Complete 
|   9|0x00000000e0900000, 0x00000000e0a00000, 0x00000000e0a00000|100%|HS|  |TAMS 0x00000000e0900000| PB 0x00000000e0900000| Complete 
|  10|0x00000000e0a00000, 0x00000000e0b00000, 0x00000000e0b00000|100%|HC|  |TAMS 0x00000000e0a00000| PB 0x00000000e0a00000| Complete 
|  11|0x00000000e0b00000, 0x00000000e0c00000, 0x00000000e0c00000|100%|HC|  |TAMS 0x00000000e0b00000| PB 0x00000000e0b00000| Complete 
|  12|0x00000000e0c00000, 0x00000000e0d00000, 0x00000000e0d00000|100%|HS|  |TAMS 0x00000000e0c00000| PB 0x00000000e0c00000| Complete 
|  13|0x00000000e0d00000, 0x00000000e0e00000, 0x00000000e0e00000|100%|HC|  |TAMS 0x00000000e0d00000| PB 0x00000000e0d00000| Complete 
|  14|0x00000000e0e00000, 0x00000000e0f00000, 0x00000000e0f00000|100%|HC|  |TAMS 0x00000000e0e00000| PB 0x00000000e0e00000| Complete 
|  15|0x00000000e0f00000, 0x00000000e1000000, 0x00000000e1000000|100%|HS|  |TAMS 0x00000000e0f00000| PB 0x00000000e0f00000| Complete 
|  16|0x00000000e1000000, 0x00000000e1100000, 0x00000000e1100000|100%|HC|  |TAMS 0x00000000e1000000| PB 0x00000000e1000000| Complete 
|  17|0x00000000e1100000, 0x00000000e1200000, 0x00000000e1200000|100%|HC|  |TAMS 0x00000000e1100000| PB 0x00000000e1100000| Complete 
|  18|0x00000000e1200000, 0x00000000e1200000, 0x00000000e1300000|  0%| F|  |TAMS 0x00000000e1200000| PB 0x00000000e1200000| Untracked 
|  19|0x00000000e1300000, 0x00000000e1300000, 0x00000000e1400000|  0%| F|  |TAMS 0x00000000e1300000| PB 0x00000000e1300000| Untracked 
|  20|0x00000000e1400000, 0x00000000e1400000, 0x00000000e1500000|  0%| F|  |TAMS 0x00000000e1400000| PB 0x00000000e1400000| Untracked 
|  21|0x00000000e1500000, 0x00000000e1500000, 0x00000000e1600000|  0%| F|  |TAMS 0x00000000e1500000| PB 0x00000000e1500000| Untracked 
|  22|0x00000000e1600000, 0x00000000e1600000, 0x00000000e1700000|  0%| F|  |TAMS 0x00000000e1600000| PB 0x00000000e1600000| Untracked 
|  23|0x00000000e1700000, 0x00000000e1700000, 0x00000000e1800000|  0%| F|  |TAMS 0x00000000e1700000| PB 0x00000000e1700000| Untracked 
|  24|0x00000000e1800000, 0x00000000e1800000, 0x00000000e1900000|  0%| F|  |TAMS 0x00000000e1800000| PB 0x00000000e1800000| Untracked 
|  25|0x00000000e1900000, 0x00000000e1900000, 0x00000000e1a00000|  0%| F|  |TAMS 0x00000000e1900000| PB 0x00000000e1900000| Untracked 
|  26|0x00000000e1a00000, 0x00000000e1a00000, 0x00000000e1b00000|  0%| F|  |TAMS 0x00000000e1a00000| PB 0x00000000e1a00000| Untracked 
|  27|0x00000000e1b00000, 0x00000000e1b00000, 0x00000000e1c00000|  0%| F|  |TAMS 0x00000000e1b00000| PB 0x00000000e1b00000| Untracked 
|  28|0x00000000e1c00000, 0x00000000e1c00000, 0x00000000e1d00000|  0%| F|  |TAMS 0x00000000e1c00000| PB 0x00000000e1c00000| Untracked 
|  29|0x00000000e1d00000, 0x00000000e1d00000, 0x00000000e1e00000|  0%| F|  |TAMS 0x00000000e1d00000| PB 0x00000000e1d00000| Untracked 
|  30|0x00000000e1e00000, 0x00000000e1e00000, 0x00000000e1f00000|  0%| F|  |TAMS 0x00000000e1e00000| PB 0x00000000e1e00000| Untracked 
|  31|0x00000000e1f00000, 0x00000000e1f00000, 0x00000000e2000000|  0%| F|  |TAMS 0x00000000e1f00000| PB 0x00000000e1f00000| Untracked 
|  32|0x00000000e2000000, 0x00000000e2000000, 0x00000000e2100000|  0%| F|  |TAMS 0x00000000e2000000| PB 0x00000000e2000000| Untracked 
|  33|0x00000000e2100000, 0x00000000e2100000, 0x00000000e2200000|  0%| F|  |TAMS 0x00000000e2100000| PB 0x00000000e2100000| Untracked 
|  34|0x00000000e2200000, 0x00000000e2200000, 0x00000000e2300000|  0%| F|  |TAMS 0x00000000e2200000| PB 0x00000000e2200000| Untracked 
|  35|0x00000000e2300000, 0x00000000e2300000, 0x00000000e2400000|  0%| F|  |TAMS 0x00000000e2300000| PB 0x00000000e2300000| Untracked 
|  36|0x00000000e2400000, 0x00000000e2400000, 0x00000000e2500000|  0%| F|  |TAMS 0x00000000e2400000| PB 0x00000000e2400000| Untracked 
|  37|0x00000000e2500000, 0x00000000e2500000, 0x00000000e2600000|  0%| F|  |TAMS 0x00000000e2500000| PB 0x00000000e2500000| Untracked 
|  38|0x00000000e2600000, 0x00000000e2600000, 0x00000000e2700000|  0%| F|  |TAMS 0x00000000e2600000| PB 0x00000000e2600000| Untracked 
|  39|0x00000000e2700000, 0x00000000e2700000, 0x00000000e2800000|  0%| F|  |TAMS 0x00000000e2700000| PB 0x00000000e2700000| Untracked 
|  40|0x00000000e2800000, 0x00000000e2800000, 0x00000000e2900000|  0%| F|  |TAMS 0x00000000e2800000| PB 0x00000000e2800000| Untracked 
|  41|0x00000000e2900000, 0x00000000e2900000, 0x00000000e2a00000|  0%| F|  |TAMS 0x00000000e2900000| PB 0x00000000e2900000| Untracked 
|  42|0x00000000e2a00000, 0x00000000e2a00000, 0x00000000e2b00000|  0%| F|  |TAMS 0x00000000e2a00000| PB 0x00000000e2a00000| Untracked 
|  43|0x00000000e2b00000, 0x00000000e2b00000, 0x00000000e2c00000|  0%| F|  |TAMS 0x00000000e2b00000| PB 0x00000000e2b00000| Untracked 
|  44|0x00000000e2c00000, 0x00000000e2c00000, 0x00000000e2d00000|  0%| F|  |TAMS 0x00000000e2c00000| PB 0x00000000e2c00000| Untracked 
|  45|0x00000000e2d00000, 0x00000000e2d00000, 0x00000000e2e00000|  0%| F|  |TAMS 0x00000000e2d00000| PB 0x00000000e2d00000| Untracked 
|  46|0x00000000e2e00000, 0x00000000e2e00000, 0x00000000e2f00000|  0%| F|  |TAMS 0x00000000e2e00000| PB 0x00000000e2e00000| Untracked 
|  47|0x00000000e2f00000, 0x00000000e2f00000, 0x00000000e3000000|  0%| F|  |TAMS 0x00000000e2f00000| PB 0x00000000e2f00000| Untracked 
|  48|0x00000000e3000000, 0x00000000e3000000, 0x00000000e3100000|  0%| F|  |TAMS 0x00000000e3000000| PB 0x00000000e3000000| Untracked 
|  49|0x00000000e3100000, 0x00000000e3100000, 0x00000000e3200000|  0%| F|  |TAMS 0x00000000e3100000| PB 0x00000000e3100000| Untracked 
|  50|0x00000000e3200000, 0x00000000e3200000, 0x00000000e3300000|  0%| F|  |TAMS 0x00000000e3200000| PB 0x00000000e3200000| Untracked 
|  51|0x00000000e3300000, 0x00000000e3300000, 0x00000000e3400000|  0%| F|  |TAMS 0x00000000e3300000| PB 0x00000000e3300000| Untracked 
|  52|0x00000000e3400000, 0x00000000e3400000, 0x00000000e3500000|  0%| F|  |TAMS 0x00000000e3400000| PB 0x00000000e3400000| Untracked 
|  53|0x00000000e3500000, 0x00000000e3500000, 0x00000000e3600000|  0%| F|  |TAMS 0x00000000e3500000| PB 0x00000000e3500000| Untracked 
|  54|0x00000000e3600000, 0x00000000e3600000, 0x00000000e3700000|  0%| F|  |TAMS 0x00000000e3600000| PB 0x00000000e3600000| Untracked 
|  55|0x00000000e3700000, 0x00000000e3700000, 0x00000000e3800000|  0%| F|  |TAMS 0x00000000e3700000| PB 0x00000000e3700000| Untracked 
|  56|0x00000000e3800000, 0x00000000e3800000, 0x00000000e3900000|  0%| F|  |TAMS 0x00000000e3800000| PB 0x00000000e3800000| Untracked 
|  57|0x00000000e3900000, 0x00000000e3900000, 0x00000000e3a00000|  0%| F|  |TAMS 0x00000000e3900000| PB 0x00000000e3900000| Untracked 
|  58|0x00000000e3a00000, 0x00000000e3a00000, 0x00000000e3b00000|  0%| F|  |TAMS 0x00000000e3a00000| PB 0x00000000e3a00000| Untracked 
|  59|0x00000000e3b00000, 0x00000000e3b00000, 0x00000000e3c00000|  0%| F|  |TAMS 0x00000000e3b00000| PB 0x00000000e3b00000| Untracked 
|  60|0x00000000e3c00000, 0x00000000e3c00000, 0x00000000e3d00000|  0%| F|  |TAMS 0x00000000e3c00000| PB 0x00000000e3c00000| Untracked 
|  61|0x00000000e3d00000, 0x00000000e3d00000, 0x00000000e3e00000|  0%| F|  |TAMS 0x00000000e3d00000| PB 0x00000000e3d00000| Untracked 
|  62|0x00000000e3e00000, 0x00000000e3e00000, 0x00000000e3f00000|  0%| F|  |TAMS 0x00000000e3e00000| PB 0x00000000e3e00000| Untracked 
|  63|0x00000000e3f00000, 0x00000000e3f00000, 0x00000000e4000000|  0%| F|  |TAMS 0x00000000e3f00000| PB 0x00000000e3f00000| Untracked 
|  64|0x00000000e4000000, 0x00000000e4000000, 0x00000000e4100000|  0%| F|  |TAMS 0x00000000e4000000| PB 0x00000000e4000000| Untracked 
|  65|0x00000000e4100000, 0x00000000e4100000, 0x00000000e4200000|  0%| F|  |TAMS 0x00000000e4100000| PB 0x00000000e4100000| Untracked 
|  66|0x00000000e4200000, 0x00000000e4200000, 0x00000000e4300000|  0%| F|  |TAMS 0x00000000e4200000| PB 0x00000000e4200000| Untracked 
|  67|0x00000000e4300000, 0x00000000e4300000, 0x00000000e4400000|  0%| F|  |TAMS 0x00000000e4300000| PB 0x00000000e4300000| Untracked 
|  68|0x00000000e4400000, 0x00000000e4400000, 0x00000000e4500000|  0%| F|  |TAMS 0x00000000e4400000| PB 0x00000000e4400000| Untracked 
|  69|0x00000000e4500000, 0x00000000e4500000, 0x00000000e4600000|  0%| F|  |TAMS 0x00000000e4500000| PB 0x00000000e4500000| Untracked 
|  70|0x00000000e4600000, 0x00000000e4600000, 0x00000000e4700000|  0%| F|  |TAMS 0x00000000e4600000| PB 0x00000000e4600000| Untracked 
|  71|0x00000000e4700000, 0x00000000e4700000, 0x00000000e4800000|  0%| F|  |TAMS 0x00000000e4700000| PB 0x00000000e4700000| Untracked 
|  72|0x00000000e4800000, 0x00000000e4800000, 0x00000000e4900000|  0%| F|  |TAMS 0x00000000e4800000| PB 0x00000000e4800000| Untracked 
|  73|0x00000000e4900000, 0x00000000e4900000, 0x00000000e4a00000|  0%| F|  |TAMS 0x00000000e4900000| PB 0x00000000e4900000| Untracked 
|  74|0x00000000e4a00000, 0x00000000e4a00000, 0x00000000e4b00000|  0%| F|  |TAMS 0x00000000e4a00000| PB 0x00000000e4a00000| Untracked 
|  75|0x00000000e4b00000, 0x00000000e4b00000, 0x00000000e4c00000|  0%| F|  |TAMS 0x00000000e4b00000| PB 0x00000000e4b00000| Untracked 
|  76|0x00000000e4c00000, 0x00000000e4c00000, 0x00000000e4d00000|  0%| F|  |TAMS 0x00000000e4c00000| PB 0x00000000e4c00000| Untracked 
|  77|0x00000000e4d00000, 0x00000000e4d00000, 0x00000000e4e00000|  0%| F|  |TAMS 0x00000000e4d00000| PB 0x00000000e4d00000| Untracked 
|  78|0x00000000e4e00000, 0x00000000e4e00000, 0x00000000e4f00000|  0%| F|  |TAMS 0x00000000e4e00000| PB 0x00000000e4e00000| Untracked 
|  79|0x00000000e4f00000, 0x00000000e4f00000, 0x00000000e5000000|  0%| F|  |TAMS 0x00000000e4f00000| PB 0x00000000e4f00000| Untracked 
|  80|0x00000000e5000000, 0x00000000e5000000, 0x00000000e5100000|  0%| F|  |TAMS 0x00000000e5000000| PB 0x00000000e5000000| Untracked 
|  81|0x00000000e5100000, 0x00000000e5100000, 0x00000000e5200000|  0%| F|  |TAMS 0x00000000e5100000| PB 0x00000000e5100000| Untracked 
|  82|0x00000000e5200000, 0x00000000e5200000, 0x00000000e5300000|  0%| F|  |TAMS 0x00000000e5200000| PB 0x00000000e5200000| Untracked 
|  83|0x00000000e5300000, 0x00000000e5300000, 0x00000000e5400000|  0%| F|  |TAMS 0x00000000e5300000| PB 0x00000000e5300000| Untracked 
|  84|0x00000000e5400000, 0x00000000e5400000, 0x00000000e5500000|  0%| F|  |TAMS 0x00000000e5400000| PB 0x00000000e5400000| Untracked 
|  85|0x00000000e5500000, 0x00000000e5500000, 0x00000000e5600000|  0%| F|  |TAMS 0x00000000e5500000| PB 0x00000000e5500000| Untracked 
|  86|0x00000000e5600000, 0x00000000e5600000, 0x00000000e5700000|  0%| F|  |TAMS 0x00000000e5600000| PB 0x00000000e5600000| Untracked 
|  87|0x00000000e5700000, 0x00000000e5700000, 0x00000000e5800000|  0%| F|  |TAMS 0x00000000e5700000| PB 0x00000000e5700000| Untracked 
|  88|0x00000000e5800000, 0x00000000e5887450, 0x00000000e5900000| 52%| S|CS|TAMS 0x00000000e5800000| PB 0x00000000e5800000| Complete 
|  89|0x00000000e5900000, 0x00000000e5a00000, 0x00000000e5a00000|100%| S|CS|TAMS 0x00000000e5900000| PB 0x00000000e5900000| Complete 
|  90|0x00000000e5a00000, 0x00000000e5b00000, 0x00000000e5b00000|100%| S|CS|TAMS 0x00000000e5a00000| PB 0x00000000e5a00000| Complete 
|  91|0x00000000e5b00000, 0x00000000e5c00000, 0x00000000e5c00000|100%| S|CS|TAMS 0x00000000e5b00000| PB 0x00000000e5b00000| Complete 
|  92|0x00000000e5c00000, 0x00000000e5d00000, 0x00000000e5d00000|100%| S|CS|TAMS 0x00000000e5c00000| PB 0x00000000e5c00000| Complete 
|  93|0x00000000e5d00000, 0x00000000e5e00000, 0x00000000e5e00000|100%| S|CS|TAMS 0x00000000e5d00000| PB 0x00000000e5d00000| Complete 
|  94|0x00000000e5e00000, 0x00000000e5f00000, 0x00000000e5f00000|100%| S|CS|TAMS 0x00000000e5e00000| PB 0x00000000e5e00000| Complete 
|  95|0x00000000e5f00000, 0x00000000e6000000, 0x00000000e6000000|100%| S|CS|TAMS 0x00000000e5f00000| PB 0x00000000e5f00000| Complete 
|  96|0x00000000e6000000, 0x00000000e6100000, 0x00000000e6100000|100%| S|CS|TAMS 0x00000000e6000000| PB 0x00000000e6000000| Complete 
|  97|0x00000000e6100000, 0x00000000e6200000, 0x00000000e6200000|100%| S|CS|TAMS 0x00000000e6100000| PB 0x00000000e6100000| Complete 
|  98|0x00000000e6200000, 0x00000000e6300000, 0x00000000e6300000|100%| S|CS|TAMS 0x00000000e6200000| PB 0x00000000e6200000| Complete 
|  99|0x00000000e6300000, 0x00000000e6400000, 0x00000000e6400000|100%| S|CS|TAMS 0x00000000e6300000| PB 0x00000000e6300000| Complete 
| 100|0x00000000e6400000, 0x00000000e6500000, 0x00000000e6500000|100%| S|CS|TAMS 0x00000000e6400000| PB 0x00000000e6400000| Complete 
| 101|0x00000000e6500000, 0x00000000e6600000, 0x00000000e6600000|100%| S|CS|TAMS 0x00000000e6500000| PB 0x00000000e6500000| Complete 
| 102|0x00000000e6600000, 0x00000000e6700000, 0x00000000e6700000|100%| S|CS|TAMS 0x00000000e6600000| PB 0x00000000e6600000| Complete 
| 103|0x00000000e6700000, 0x00000000e6800000, 0x00000000e6800000|100%| S|CS|TAMS 0x00000000e6700000| PB 0x00000000e6700000| Complete 
| 104|0x00000000e6800000, 0x00000000e6900000, 0x00000000e6900000|100%| S|CS|TAMS 0x00000000e6800000| PB 0x00000000e6800000| Complete 
| 105|0x00000000e6900000, 0x00000000e6900000, 0x00000000e6a00000|  0%| F|  |TAMS 0x00000000e6900000| PB 0x00000000e6900000| Untracked 
| 106|0x00000000e6a00000, 0x00000000e6a00000, 0x00000000e6b00000|  0%| F|  |TAMS 0x00000000e6a00000| PB 0x00000000e6a00000| Untracked 
| 107|0x00000000e6b00000, 0x00000000e6b00000, 0x00000000e6c00000|  0%| F|  |TAMS 0x00000000e6b00000| PB 0x00000000e6b00000| Untracked 
| 108|0x00000000e6c00000, 0x00000000e6c00000, 0x00000000e6d00000|  0%| F|  |TAMS 0x00000000e6c00000| PB 0x00000000e6c00000| Untracked 
| 109|0x00000000e6d00000, 0x00000000e6d00000, 0x00000000e6e00000|  0%| F|  |TAMS 0x00000000e6d00000| PB 0x00000000e6d00000| Untracked 
| 110|0x00000000e6e00000, 0x00000000e6e00000, 0x00000000e6f00000|  0%| F|  |TAMS 0x00000000e6e00000| PB 0x00000000e6e00000| Untracked 
| 111|0x00000000e6f00000, 0x00000000e6f00000, 0x00000000e7000000|  0%| F|  |TAMS 0x00000000e6f00000| PB 0x00000000e6f00000| Untracked 
| 112|0x00000000e7000000, 0x00000000e7000000, 0x00000000e7100000|  0%| F|  |TAMS 0x00000000e7000000| PB 0x00000000e7000000| Untracked 
| 113|0x00000000e7100000, 0x00000000e7100000, 0x00000000e7200000|  0%| F|  |TAMS 0x00000000e7100000| PB 0x00000000e7100000| Untracked 
| 114|0x00000000e7200000, 0x00000000e7200000, 0x00000000e7300000|  0%| F|  |TAMS 0x00000000e7200000| PB 0x00000000e7200000| Untracked 
| 115|0x00000000e7300000, 0x00000000e7300000, 0x00000000e7400000|  0%| F|  |TAMS 0x00000000e7300000| PB 0x00000000e7300000| Untracked 
| 116|0x00000000e7400000, 0x00000000e7400000, 0x00000000e7500000|  0%| F|  |TAMS 0x00000000e7400000| PB 0x00000000e7400000| Untracked 
| 117|0x00000000e7500000, 0x00000000e7500000, 0x00000000e7600000|  0%| F|  |TAMS 0x00000000e7500000| PB 0x00000000e7500000| Untracked 
| 118|0x00000000e7600000, 0x00000000e7600000, 0x00000000e7700000|  0%| F|  |TAMS 0x00000000e7600000| PB 0x00000000e7600000| Untracked 
| 119|0x00000000e7700000, 0x00000000e7700000, 0x00000000e7800000|  0%| F|  |TAMS 0x00000000e7700000| PB 0x00000000e7700000| Untracked 
| 120|0x00000000e7800000, 0x00000000e7800000, 0x00000000e7900000|  0%| F|  |TAMS 0x00000000e7800000| PB 0x00000000e7800000| Untracked 
| 121|0x00000000e7900000, 0x00000000e7900000, 0x00000000e7a00000|  0%| F|  |TAMS 0x00000000e7900000| PB 0x00000000e7900000| Untracked 
| 122|0x00000000e7a00000, 0x00000000e7a00000, 0x00000000e7b00000|  0%| F|  |TAMS 0x00000000e7a00000| PB 0x00000000e7a00000| Untracked 
| 123|0x00000000e7b00000, 0x00000000e7b00000, 0x00000000e7c00000|  0%| F|  |TAMS 0x00000000e7b00000| PB 0x00000000e7b00000| Untracked 
| 124|0x00000000e7c00000, 0x00000000e7c00000, 0x00000000e7d00000|  0%| F|  |TAMS 0x00000000e7c00000| PB 0x00000000e7c00000| Untracked 
| 125|0x00000000e7d00000, 0x00000000e7d00000, 0x00000000e7e00000|  0%| F|  |TAMS 0x00000000e7d00000| PB 0x00000000e7d00000| Untracked 
| 126|0x00000000e7e00000, 0x00000000e7e00000, 0x00000000e7f00000|  0%| F|  |TAMS 0x00000000e7e00000| PB 0x00000000e7e00000| Untracked 
| 127|0x00000000e7f00000, 0x00000000e7f00000, 0x00000000e8000000|  0%| F|  |TAMS 0x00000000e7f00000| PB 0x00000000e7f00000| Untracked 
| 128|0x00000000e8000000, 0x00000000e8000000, 0x00000000e8100000|  0%| F|  |TAMS 0x00000000e8000000| PB 0x00000000e8000000| Untracked 
| 129|0x00000000e8100000, 0x00000000e8100000, 0x00000000e8200000|  0%| F|  |TAMS 0x00000000e8100000| PB 0x00000000e8100000| Untracked 
| 130|0x00000000e8200000, 0x00000000e8200000, 0x00000000e8300000|  0%| F|  |TAMS 0x00000000e8200000| PB 0x00000000e8200000| Untracked 
| 131|0x00000000e8300000, 0x00000000e8300000, 0x00000000e8400000|  0%| F|  |TAMS 0x00000000e8300000| PB 0x00000000e8300000| Untracked 
| 132|0x00000000e8400000, 0x00000000e8400000, 0x00000000e8500000|  0%| F|  |TAMS 0x00000000e8400000| PB 0x00000000e8400000| Untracked 
| 133|0x00000000e8500000, 0x00000000e8500000, 0x00000000e8600000|  0%| F|  |TAMS 0x00000000e8500000| PB 0x00000000e8500000| Untracked 
| 134|0x00000000e8600000, 0x00000000e8600000, 0x00000000e8700000|  0%| F|  |TAMS 0x00000000e8600000| PB 0x00000000e8600000| Untracked 
| 135|0x00000000e8700000, 0x00000000e8700000, 0x00000000e8800000|  0%| F|  |TAMS 0x00000000e8700000| PB 0x00000000e8700000| Untracked 
| 136|0x00000000e8800000, 0x00000000e8800000, 0x00000000e8900000|  0%| F|  |TAMS 0x00000000e8800000| PB 0x00000000e8800000| Untracked 
| 137|0x00000000e8900000, 0x00000000e8900000, 0x00000000e8a00000|  0%| F|  |TAMS 0x00000000e8900000| PB 0x00000000e8900000| Untracked 
| 138|0x00000000e8a00000, 0x00000000e8a00000, 0x00000000e8b00000|  0%| F|  |TAMS 0x00000000e8a00000| PB 0x00000000e8a00000| Untracked 
| 139|0x00000000e8b00000, 0x00000000e8b00000, 0x00000000e8c00000|  0%| F|  |TAMS 0x00000000e8b00000| PB 0x00000000e8b00000| Untracked 
| 140|0x00000000e8c00000, 0x00000000e8c00000, 0x00000000e8d00000|  0%| F|  |TAMS 0x00000000e8c00000| PB 0x00000000e8c00000| Untracked 
| 141|0x00000000e8d00000, 0x00000000e8d00000, 0x00000000e8e00000|  0%| F|  |TAMS 0x00000000e8d00000| PB 0x00000000e8d00000| Untracked 
| 142|0x00000000e8e00000, 0x00000000e8e00000, 0x00000000e8f00000|  0%| F|  |TAMS 0x00000000e8e00000| PB 0x00000000e8e00000| Untracked 
| 143|0x00000000e8f00000, 0x00000000e8f00000, 0x00000000e9000000|  0%| F|  |TAMS 0x00000000e8f00000| PB 0x00000000e8f00000| Untracked 
| 144|0x00000000e9000000, 0x00000000e9000000, 0x00000000e9100000|  0%| F|  |TAMS 0x00000000e9000000| PB 0x00000000e9000000| Untracked 
| 145|0x00000000e9100000, 0x00000000e9100000, 0x00000000e9200000|  0%| F|  |TAMS 0x00000000e9100000| PB 0x00000000e9100000| Untracked 
| 146|0x00000000e9200000, 0x00000000e9200000, 0x00000000e9300000|  0%| F|  |TAMS 0x00000000e9200000| PB 0x00000000e9200000| Untracked 
| 147|0x00000000e9300000, 0x00000000e9300000, 0x00000000e9400000|  0%| F|  |TAMS 0x00000000e9300000| PB 0x00000000e9300000| Untracked 
| 148|0x00000000e9400000, 0x00000000e9400000, 0x00000000e9500000|  0%| F|  |TAMS 0x00000000e9400000| PB 0x00000000e9400000| Untracked 
| 149|0x00000000e9500000, 0x00000000e9500000, 0x00000000e9600000|  0%| F|  |TAMS 0x00000000e9500000| PB 0x00000000e9500000| Untracked 
| 150|0x00000000e9600000, 0x00000000e9600000, 0x00000000e9700000|  0%| F|  |TAMS 0x00000000e9600000| PB 0x00000000e9600000| Untracked 
| 151|0x00000000e9700000, 0x00000000e9700000, 0x00000000e9800000|  0%| F|  |TAMS 0x00000000e9700000| PB 0x00000000e9700000| Untracked 
| 152|0x00000000e9800000, 0x00000000e9800000, 0x00000000e9900000|  0%| F|  |TAMS 0x00000000e9800000| PB 0x00000000e9800000| Untracked 
| 153|0x00000000e9900000, 0x00000000e9900000, 0x00000000e9a00000|  0%| F|  |TAMS 0x00000000e9900000| PB 0x00000000e9900000| Untracked 
| 154|0x00000000e9a00000, 0x00000000e9a00000, 0x00000000e9b00000|  0%| F|  |TAMS 0x00000000e9a00000| PB 0x00000000e9a00000| Untracked 
| 155|0x00000000e9b00000, 0x00000000e9b00000, 0x00000000e9c00000|  0%| F|  |TAMS 0x00000000e9b00000| PB 0x00000000e9b00000| Untracked 
| 156|0x00000000e9c00000, 0x00000000e9c00000, 0x00000000e9d00000|  0%| F|  |TAMS 0x00000000e9c00000| PB 0x00000000e9c00000| Untracked 
| 157|0x00000000e9d00000, 0x00000000e9d00000, 0x00000000e9e00000|  0%| F|  |TAMS 0x00000000e9d00000| PB 0x00000000e9d00000| Untracked 
| 158|0x00000000e9e00000, 0x00000000e9e00000, 0x00000000e9f00000|  0%| F|  |TAMS 0x00000000e9e00000| PB 0x00000000e9e00000| Untracked 
| 159|0x00000000e9f00000, 0x00000000e9f00000, 0x00000000ea000000|  0%| F|  |TAMS 0x00000000e9f00000| PB 0x00000000e9f00000| Untracked 
| 160|0x00000000ea000000, 0x00000000ea000000, 0x00000000ea100000|  0%| F|  |TAMS 0x00000000ea000000| PB 0x00000000ea000000| Untracked 
| 161|0x00000000ea100000, 0x00000000ea100000, 0x00000000ea200000|  0%| F|  |TAMS 0x00000000ea100000| PB 0x00000000ea100000| Untracked 
| 162|0x00000000ea200000, 0x00000000ea200000, 0x00000000ea300000|  0%| F|  |TAMS 0x00000000ea200000| PB 0x00000000ea200000| Untracked 
| 163|0x00000000ea300000, 0x00000000ea300000, 0x00000000ea400000|  0%| F|  |TAMS 0x00000000ea300000| PB 0x00000000ea300000| Untracked 
| 164|0x00000000ea400000, 0x00000000ea400000, 0x00000000ea500000|  0%| F|  |TAMS 0x00000000ea400000| PB 0x00000000ea400000| Untracked 
| 165|0x00000000ea500000, 0x00000000ea500000, 0x00000000ea600000|  0%| F|  |TAMS 0x00000000ea500000| PB 0x00000000ea500000| Untracked 
| 166|0x00000000ea600000, 0x00000000ea600000, 0x00000000ea700000|  0%| F|  |TAMS 0x00000000ea600000| PB 0x00000000ea600000| Untracked 
| 167|0x00000000ea700000, 0x00000000ea700000, 0x00000000ea800000|  0%| F|  |TAMS 0x00000000ea700000| PB 0x00000000ea700000| Untracked 
| 168|0x00000000ea800000, 0x00000000ea800000, 0x00000000ea900000|  0%| F|  |TAMS 0x00000000ea800000| PB 0x00000000ea800000| Untracked 
| 169|0x00000000ea900000, 0x00000000ea900000, 0x00000000eaa00000|  0%| F|  |TAMS 0x00000000ea900000| PB 0x00000000ea900000| Untracked 
| 170|0x00000000eaa00000, 0x00000000eaa00000, 0x00000000eab00000|  0%| F|  |TAMS 0x00000000eaa00000| PB 0x00000000eaa00000| Untracked 
| 171|0x00000000eab00000, 0x00000000eab00000, 0x00000000eac00000|  0%| F|  |TAMS 0x00000000eab00000| PB 0x00000000eab00000| Untracked 
| 172|0x00000000eac00000, 0x00000000eac00000, 0x00000000ead00000|  0%| F|  |TAMS 0x00000000eac00000| PB 0x00000000eac00000| Untracked 
| 173|0x00000000ead00000, 0x00000000ead00000, 0x00000000eae00000|  0%| F|  |TAMS 0x00000000ead00000| PB 0x00000000ead00000| Untracked 
| 174|0x00000000eae00000, 0x00000000eae00000, 0x00000000eaf00000|  0%| F|  |TAMS 0x00000000eae00000| PB 0x00000000eae00000| Untracked 
| 175|0x00000000eaf00000, 0x00000000eaf00000, 0x00000000eb000000|  0%| F|  |TAMS 0x00000000eaf00000| PB 0x00000000eaf00000| Untracked 
| 176|0x00000000eb000000, 0x00000000eb000000, 0x00000000eb100000|  0%| F|  |TAMS 0x00000000eb000000| PB 0x00000000eb000000| Untracked 
| 177|0x00000000eb100000, 0x00000000eb100000, 0x00000000eb200000|  0%| F|  |TAMS 0x00000000eb100000| PB 0x00000000eb100000| Untracked 
| 178|0x00000000eb200000, 0x00000000eb200000, 0x00000000eb300000|  0%| F|  |TAMS 0x00000000eb200000| PB 0x00000000eb200000| Untracked 
| 179|0x00000000eb300000, 0x00000000eb300000, 0x00000000eb400000|  0%| F|  |TAMS 0x00000000eb300000| PB 0x00000000eb300000| Untracked 
| 180|0x00000000eb400000, 0x00000000eb400000, 0x00000000eb500000|  0%| F|  |TAMS 0x00000000eb400000| PB 0x00000000eb400000| Untracked 
| 181|0x00000000eb500000, 0x00000000eb500000, 0x00000000eb600000|  0%| F|  |TAMS 0x00000000eb500000| PB 0x00000000eb500000| Untracked 
| 182|0x00000000eb600000, 0x00000000eb600000, 0x00000000eb700000|  0%| F|  |TAMS 0x00000000eb600000| PB 0x00000000eb600000| Untracked 
| 183|0x00000000eb700000, 0x00000000eb700000, 0x00000000eb800000|  0%| F|  |TAMS 0x00000000eb700000| PB 0x00000000eb700000| Untracked 
| 184|0x00000000eb800000, 0x00000000eb800000, 0x00000000eb900000|  0%| F|  |TAMS 0x00000000eb800000| PB 0x00000000eb800000| Untracked 
| 185|0x00000000eb900000, 0x00000000eb900000, 0x00000000eba00000|  0%| F|  |TAMS 0x00000000eb900000| PB 0x00000000eb900000| Untracked 
| 186|0x00000000eba00000, 0x00000000eba00000, 0x00000000ebb00000|  0%| F|  |TAMS 0x00000000eba00000| PB 0x00000000eba00000| Untracked 
| 187|0x00000000ebb00000, 0x00000000ebb00000, 0x00000000ebc00000|  0%| F|  |TAMS 0x00000000ebb00000| PB 0x00000000ebb00000| Untracked 
| 188|0x00000000ebc00000, 0x00000000ebc00000, 0x00000000ebd00000|  0%| F|  |TAMS 0x00000000ebc00000| PB 0x00000000ebc00000| Untracked 
| 189|0x00000000ebd00000, 0x00000000ebd00000, 0x00000000ebe00000|  0%| F|  |TAMS 0x00000000ebd00000| PB 0x00000000ebd00000| Untracked 
| 190|0x00000000ebe00000, 0x00000000ebe00000, 0x00000000ebf00000|  0%| F|  |TAMS 0x00000000ebe00000| PB 0x00000000ebe00000| Untracked 
| 191|0x00000000ebf00000, 0x00000000ebf00000, 0x00000000ec000000|  0%| F|  |TAMS 0x00000000ebf00000| PB 0x00000000ebf00000| Untracked 
| 192|0x00000000ec000000, 0x00000000ec000000, 0x00000000ec100000|  0%| F|  |TAMS 0x00000000ec000000| PB 0x00000000ec000000| Untracked 
| 193|0x00000000ec100000, 0x00000000ec100000, 0x00000000ec200000|  0%| F|  |TAMS 0x00000000ec100000| PB 0x00000000ec100000| Untracked 
| 194|0x00000000ec200000, 0x00000000ec300000, 0x00000000ec300000|100%| E|  |TAMS 0x00000000ec200000| PB 0x00000000ec200000| Complete 
| 195|0x00000000ec300000, 0x00000000ec400000, 0x00000000ec400000|100%| E|CS|TAMS 0x00000000ec300000| PB 0x00000000ec300000| Complete 
| 196|0x00000000ec400000, 0x00000000ec500000, 0x00000000ec500000|100%| E|CS|TAMS 0x00000000ec400000| PB 0x00000000ec400000| Complete 
| 197|0x00000000ec500000, 0x00000000ec600000, 0x00000000ec600000|100%| E|CS|TAMS 0x00000000ec500000| PB 0x00000000ec500000| Complete 
| 198|0x00000000ec600000, 0x00000000ec700000, 0x00000000ec700000|100%| E|CS|TAMS 0x00000000ec600000| PB 0x00000000ec600000| Complete 
| 199|0x00000000ec700000, 0x00000000ec800000, 0x00000000ec800000|100%| E|CS|TAMS 0x00000000ec700000| PB 0x00000000ec700000| Complete 
| 200|0x00000000ec800000, 0x00000000ec900000, 0x00000000ec900000|100%| E|CS|TAMS 0x00000000ec800000| PB 0x00000000ec800000| Complete 
| 201|0x00000000ec900000, 0x00000000eca00000, 0x00000000eca00000|100%| E|CS|TAMS 0x00000000ec900000| PB 0x00000000ec900000| Complete 
| 202|0x00000000eca00000, 0x00000000ecb00000, 0x00000000ecb00000|100%| E|CS|TAMS 0x00000000eca00000| PB 0x00000000eca00000| Complete 
| 203|0x00000000ecb00000, 0x00000000ecc00000, 0x00000000ecc00000|100%| E|CS|TAMS 0x00000000ecb00000| PB 0x00000000ecb00000| Complete 
| 204|0x00000000ecc00000, 0x00000000ecd00000, 0x00000000ecd00000|100%| E|CS|TAMS 0x00000000ecc00000| PB 0x00000000ecc00000| Complete 
| 205|0x00000000ecd00000, 0x00000000ece00000, 0x00000000ece00000|100%| E|CS|TAMS 0x00000000ecd00000| PB 0x00000000ecd00000| Complete 
| 206|0x00000000ece00000, 0x00000000ecf00000, 0x00000000ecf00000|100%| E|CS|TAMS 0x00000000ece00000| PB 0x00000000ece00000| Complete 
| 207|0x00000000ecf00000, 0x00000000ed000000, 0x00000000ed000000|100%| E|CS|TAMS 0x00000000ecf00000| PB 0x00000000ecf00000| Complete 
| 208|0x00000000ed000000, 0x00000000ed100000, 0x00000000ed100000|100%| E|CS|TAMS 0x00000000ed000000| PB 0x00000000ed000000| Complete 
| 209|0x00000000ed100000, 0x00000000ed200000, 0x00000000ed200000|100%| E|CS|TAMS 0x00000000ed100000| PB 0x00000000ed100000| Complete 
| 210|0x00000000ed200000, 0x00000000ed300000, 0x00000000ed300000|100%| E|CS|TAMS 0x00000000ed200000| PB 0x00000000ed200000| Complete 
| 211|0x00000000ed300000, 0x00000000ed400000, 0x00000000ed400000|100%| E|CS|TAMS 0x00000000ed300000| PB 0x00000000ed300000| Complete 
| 212|0x00000000ed400000, 0x00000000ed500000, 0x00000000ed500000|100%| E|CS|TAMS 0x00000000ed400000| PB 0x00000000ed400000| Complete 
| 213|0x00000000ed500000, 0x00000000ed600000, 0x00000000ed600000|100%| E|CS|TAMS 0x00000000ed500000| PB 0x00000000ed500000| Complete 
| 214|0x00000000ed600000, 0x00000000ed700000, 0x00000000ed700000|100%| E|CS|TAMS 0x00000000ed600000| PB 0x00000000ed600000| Complete 
| 215|0x00000000ed700000, 0x00000000ed800000, 0x00000000ed800000|100%| E|CS|TAMS 0x00000000ed700000| PB 0x00000000ed700000| Complete 
| 216|0x00000000ed800000, 0x00000000ed900000, 0x00000000ed900000|100%| E|CS|TAMS 0x00000000ed800000| PB 0x00000000ed800000| Complete 
| 217|0x00000000ed900000, 0x00000000eda00000, 0x00000000eda00000|100%| E|CS|TAMS 0x00000000ed900000| PB 0x00000000ed900000| Complete 
| 218|0x00000000eda00000, 0x00000000edb00000, 0x00000000edb00000|100%| E|CS|TAMS 0x00000000eda00000| PB 0x00000000eda00000| Complete 
| 219|0x00000000edb00000, 0x00000000edc00000, 0x00000000edc00000|100%| E|CS|TAMS 0x00000000edb00000| PB 0x00000000edb00000| Complete 
| 220|0x00000000edc00000, 0x00000000edd00000, 0x00000000edd00000|100%| E|CS|TAMS 0x00000000edc00000| PB 0x00000000edc00000| Complete 
| 221|0x00000000edd00000, 0x00000000ede00000, 0x00000000ede00000|100%| E|CS|TAMS 0x00000000edd00000| PB 0x00000000edd00000| Complete 
| 222|0x00000000ede00000, 0x00000000edf00000, 0x00000000edf00000|100%| E|CS|TAMS 0x00000000ede00000| PB 0x00000000ede00000| Complete 
| 223|0x00000000edf00000, 0x00000000ee000000, 0x00000000ee000000|100%| E|CS|TAMS 0x00000000edf00000| PB 0x00000000edf00000| Complete 
| 224|0x00000000ee000000, 0x00000000ee100000, 0x00000000ee100000|100%| E|CS|TAMS 0x00000000ee000000| PB 0x00000000ee000000| Complete 
| 225|0x00000000ee100000, 0x00000000ee200000, 0x00000000ee200000|100%| E|  |TAMS 0x00000000ee100000| PB 0x00000000ee100000| Complete 
| 226|0x00000000ee200000, 0x00000000ee300000, 0x00000000ee300000|100%| E|CS|TAMS 0x00000000ee200000| PB 0x00000000ee200000| Complete 
| 227|0x00000000ee300000, 0x00000000ee400000, 0x00000000ee400000|100%| E|CS|TAMS 0x00000000ee300000| PB 0x00000000ee300000| Complete 
| 228|0x00000000ee400000, 0x00000000ee500000, 0x00000000ee500000|100%| E|CS|TAMS 0x00000000ee400000| PB 0x00000000ee400000| Complete 
| 229|0x00000000ee500000, 0x00000000ee600000, 0x00000000ee600000|100%| E|CS|TAMS 0x00000000ee500000| PB 0x00000000ee500000| Complete 
| 230|0x00000000ee600000, 0x00000000ee700000, 0x00000000ee700000|100%| E|CS|TAMS 0x00000000ee600000| PB 0x00000000ee600000| Complete 
| 231|0x00000000ee700000, 0x00000000ee800000, 0x00000000ee800000|100%| E|CS|TAMS 0x00000000ee700000| PB 0x00000000ee700000| Complete 
| 232|0x00000000ee800000, 0x00000000ee900000, 0x00000000ee900000|100%| E|CS|TAMS 0x00000000ee800000| PB 0x00000000ee800000| Complete 
| 233|0x00000000ee900000, 0x00000000eea00000, 0x00000000eea00000|100%| E|CS|TAMS 0x00000000ee900000| PB 0x00000000ee900000| Complete 
| 234|0x00000000eea00000, 0x00000000eeb00000, 0x00000000eeb00000|100%| E|CS|TAMS 0x00000000eea00000| PB 0x00000000eea00000| Complete 
| 235|0x00000000eeb00000, 0x00000000eec00000, 0x00000000eec00000|100%| E|CS|TAMS 0x00000000eeb00000| PB 0x00000000eeb00000| Complete 
| 236|0x00000000eec00000, 0x00000000eed00000, 0x00000000eed00000|100%| E|CS|TAMS 0x00000000eec00000| PB 0x00000000eec00000| Complete 
| 237|0x00000000eed00000, 0x00000000eee00000, 0x00000000eee00000|100%| E|CS|TAMS 0x00000000eed00000| PB 0x00000000eed00000| Complete 
| 238|0x00000000eee00000, 0x00000000eef00000, 0x00000000eef00000|100%| E|CS|TAMS 0x00000000eee00000| PB 0x00000000eee00000| Complete 
| 239|0x00000000eef00000, 0x00000000ef000000, 0x00000000ef000000|100%| E|CS|TAMS 0x00000000eef00000| PB 0x00000000eef00000| Complete 
| 240|0x00000000ef000000, 0x00000000ef100000, 0x00000000ef100000|100%| E|CS|TAMS 0x00000000ef000000| PB 0x00000000ef000000| Complete 
| 241|0x00000000ef100000, 0x00000000ef200000, 0x00000000ef200000|100%| E|CS|TAMS 0x00000000ef100000| PB 0x00000000ef100000| Complete 
| 242|0x00000000ef200000, 0x00000000ef300000, 0x00000000ef300000|100%| E|CS|TAMS 0x00000000ef200000| PB 0x00000000ef200000| Complete 
| 243|0x00000000ef300000, 0x00000000ef400000, 0x00000000ef400000|100%| E|CS|TAMS 0x00000000ef300000| PB 0x00000000ef300000| Complete 
| 244|0x00000000ef400000, 0x00000000ef500000, 0x00000000ef500000|100%| E|CS|TAMS 0x00000000ef400000| PB 0x00000000ef400000| Complete 
| 245|0x00000000ef500000, 0x00000000ef600000, 0x00000000ef600000|100%| E|CS|TAMS 0x00000000ef500000| PB 0x00000000ef500000| Complete 
| 246|0x00000000ef600000, 0x00000000ef700000, 0x00000000ef700000|100%| E|CS|TAMS 0x00000000ef600000| PB 0x00000000ef600000| Complete 
| 247|0x00000000ef700000, 0x00000000ef800000, 0x00000000ef800000|100%| E|CS|TAMS 0x00000000ef700000| PB 0x00000000ef700000| Complete 
| 248|0x00000000ef800000, 0x00000000ef900000, 0x00000000ef900000|100%| E|CS|TAMS 0x00000000ef800000| PB 0x00000000ef800000| Complete 
| 249|0x00000000ef900000, 0x00000000efa00000, 0x00000000efa00000|100%| E|CS|TAMS 0x00000000ef900000| PB 0x00000000ef900000| Complete 
| 250|0x00000000efa00000, 0x00000000efb00000, 0x00000000efb00000|100%| E|CS|TAMS 0x00000000efa00000| PB 0x00000000efa00000| Complete 
| 251|0x00000000efb00000, 0x00000000efc00000, 0x00000000efc00000|100%| E|CS|TAMS 0x00000000efb00000| PB 0x00000000efb00000| Complete 
| 252|0x00000000efc00000, 0x00000000efd00000, 0x00000000efd00000|100%| E|CS|TAMS 0x00000000efc00000| PB 0x00000000efc00000| Complete 
| 253|0x00000000efd00000, 0x00000000efe00000, 0x00000000efe00000|100%| E|CS|TAMS 0x00000000efd00000| PB 0x00000000efd00000| Complete 
| 254|0x00000000efe00000, 0x00000000eff00000, 0x00000000eff00000|100%| E|CS|TAMS 0x00000000efe00000| PB 0x00000000efe00000| Complete 
| 255|0x00000000eff00000, 0x00000000f0000000, 0x00000000f0000000|100%| E|CS|TAMS 0x00000000eff00000| PB 0x00000000eff00000| Complete 

Card table byte_map: [0x000002adf5420000,0x000002adf5520000] _byte_map_base: 0x000002adf4d20000

Marking Bits: (CMBitMap*) 0x000002addc0ab5f0
 Bits: [0x000002adf5520000, 0x000002adf5d20000)

Polling page: 0x000002ade5cc0000

Metaspace:

Usage:
  Non-class:     24.06 MB used.
      Class:      4.18 MB used.
       Both:     28.24 MB used.

Virtual space:
  Non-class space:       64.00 MB reserved,      24.56 MB ( 38%) committed,  1 nodes.
      Class space:      320.00 MB reserved,       4.62 MB (  1%) committed,  1 nodes.
             Both:      384.00 MB reserved,      29.19 MB (  8%) committed. 

Chunk freelists:
   Non-Class:  6.73 MB
       Class:  11.19 MB
        Both:  17.92 MB

MaxMetaspaceSize: 384.00 MB
CompressedClassSpaceSize: 320.00 MB
Initial GC threshold: 21.00 MB
Current GC threshold: 35.25 MB
CDS: on
 - commit_granule_bytes: 65536.
 - commit_granule_words: 8192.
 - virtual_space_node_default_size: 8388608.
 - enlarge_chunks_in_place: 1.
 - use_allocation_guard: 0.


Internal statistics:

num_allocs_failed_limit: 3.
num_arena_births: 1610.
num_arena_deaths: 0.
num_vsnodes_births: 2.
num_vsnodes_deaths: 0.
num_space_committed: 467.
num_space_uncommitted: 0.
num_chunks_returned_to_freelist: 3.
num_chunks_taken_from_freelist: 2921.
num_chunk_merges: 3.
num_chunk_splits: 1850.
num_chunks_enlarged: 1139.
num_inconsistent_stats: 0.

CodeHeap 'non-profiled nmethods': size=120000Kb used=2247Kb max_used=2247Kb free=117753Kb
 bounds [0x000002aded7b0000, 0x000002adeda20000, 0x000002adf4ce0000]
CodeHeap 'profiled nmethods': size=120000Kb used=7741Kb max_used=7741Kb free=112258Kb
 bounds [0x000002ade5ce0000, 0x000002ade6470000, 0x000002aded210000]
CodeHeap 'non-nmethods': size=5760Kb used=1521Kb max_used=1585Kb free=4238Kb
 bounds [0x000002aded210000, 0x000002aded480000, 0x000002aded7b0000]
 total_blobs=4294 nmethods=3703 adapters=495
 compilation: enabled
              stopped_count=0, restarted_count=0
 full_count=0

Compilation events (20 events):
Event: 15.048 Thread 0x000002adf835ed40 nmethod 3695 0x000002ade6469210 code [0x000002ade64693e0, 0x000002ade64696e8]
Event: 15.048 Thread 0x000002adf835ed40 3696       3       jdk.internal.loader.URLClassPath$JarLoader::findResource (18 bytes)
Event: 15.049 Thread 0x000002adf835ed40 nmethod 3696 0x000002ade6469890 code [0x000002ade6469a60, 0x000002ade6469cd0]
Event: 15.049 Thread 0x000002adf835daa0 3697       4       java.lang.Character::charCount (12 bytes)
Event: 15.050 Thread 0x000002adf835daa0 nmethod 3697 0x000002aded9e1910 code [0x000002aded9e1aa0, 0x000002aded9e1b30]
Event: 15.061 Thread 0x000002adf835ed40 3698       3       java.lang.Character::isJavaIdentifierPart (9 bytes)
Event: 15.061 Thread 0x000002adf835ed40 nmethod 3698 0x000002ade6469d90 code [0x000002ade6469f40, 0x000002ade646a138]
Event: 15.061 Thread 0x000002adf835ed40 3699       3       java.lang.CharacterDataLatin1::isJavaIdentifierPart (20 bytes)
Event: 15.061 Thread 0x000002adf835ed40 nmethod 3699 0x000002ade646a210 code [0x000002ade646a3c0, 0x000002ade646a5d0]
Event: 15.062 Thread 0x000002adf835ed40 3700       3       java.util.HashMap::remove (26 bytes)
Event: 15.062 Thread 0x000002adf835ed40 nmethod 3700 0x000002ade646a710 code [0x000002ade646a8e0, 0x000002ade646ac58]
Event: 15.066 Thread 0x000002adf835daa0 3701       4       java.lang.invoke.MethodType::makeImpl (109 bytes)
Event: 15.066 Thread 0x000002adf835ed40 3702       3       java.lang.reflect.AccessibleObject::verifyAccess (55 bytes)
Event: 15.067 Thread 0x000002adf835ed40 nmethod 3702 0x000002ade646ad90 code [0x000002ade646afe0, 0x000002ade646bb88]
Event: 15.067 Thread 0x000002adf835ed40 3703       3       java.lang.reflect.AccessibleObject::isAccessChecked (25 bytes)
Event: 15.067 Thread 0x000002adf835ed40 nmethod 3703 0x000002ade646be90 code [0x000002ade646c060, 0x000002ade646c530]
Event: 15.077 Thread 0x000002adf835ed40 3704   !   3       java.net.URLClassLoader::defineClass (224 bytes)
Event: 15.079 Thread 0x000002adf835ed40 nmethod 3704 0x000002ade646c690 code [0x000002ade646cac0, 0x000002ade646e6c8]
Event: 15.270 Thread 0x000002adf835ed40 3705       3       jdk.internal.loader.URLClassPath$JarLoader$2::getInputStream (15 bytes)
Event: 15.270 Thread 0x000002adf835ed40 nmethod 3705 0x000002ade646f090 code [0x000002ade646f240, 0x000002ade646f420]

GC Heap History (6 events):
Event: 0.483 GC heap before
{Heap before GC invocations=0 (full 0):
 garbage-first heap   total 262144K, used 13312K [0x00000000e0000000, 0x0000000100000000)
  region size 1024K, 13 young (13312K), 0 survivors (0K)
 Metaspace       used 800K, committed 960K, reserved 393216K
  class space    used 68K, committed 128K, reserved 327680K
}
Event: 0.486 GC heap after
{Heap after GC invocations=1 (full 0):
 garbage-first heap   total 262144K, used 1248K [0x00000000e0000000, 0x0000000100000000)
  region size 1024K, 2 young (2048K), 2 survivors (2048K)
 Metaspace       used 800K, committed 960K, reserved 393216K
  class space    used 68K, committed 128K, reserved 327680K
}
Event: 1.679 GC heap before
{Heap before GC invocations=1 (full 0):
 garbage-first heap   total 262144K, used 28896K [0x00000000e0000000, 0x0000000100000000)
  region size 1024K, 27 young (27648K), 2 survivors (2048K)
 Metaspace       used 3604K, committed 3776K, reserved 393216K
  class space    used 447K, committed 512K, reserved 327680K
}
Event: 1.683 GC heap after
{Heap after GC invocations=2 (full 0):
 garbage-first heap   total 262144K, used 9976K [0x00000000e0000000, 0x0000000100000000)
  region size 1024K, 4 young (4096K), 4 survivors (4096K)
 Metaspace       used 3604K, committed 3776K, reserved 393216K
  class space    used 447K, committed 512K, reserved 327680K
}
Event: 10.787 GC heap before
{Heap before GC invocations=2 (full 0):
 garbage-first heap   total 262144K, used 160504K [0x00000000e0000000, 0x0000000100000000)
  region size 1024K, 151 young (154624K), 4 survivors (4096K)
 Metaspace       used 20858K, committed 21504K, reserved 393216K
  class space    used 2986K, committed 3328K, reserved 327680K
}
Event: 10.804 GC heap after
{Heap after GC invocations=3 (full 0):
 garbage-first heap   total 262144K, used 23829K [0x00000000e0000000, 0x0000000100000000)
  region size 1024K, 17 young (17408K), 17 survivors (17408K)
 Metaspace       used 20858K, committed 21504K, reserved 393216K
  class space    used 2986K, committed 3328K, reserved 327680K
}

Dll operation events (15 events):
Event: 0.064 Loaded shared library C:\Program Files\Java\jdk-21\bin\java.dll
Event: 0.097 Loaded shared library C:\Program Files\Java\jdk-21\bin\jsvml.dll
Event: 0.182 Loaded shared library C:\Program Files\Java\jdk-21\bin\zip.dll
Event: 0.239 Loaded shared library C:\Program Files\Java\jdk-21\bin\instrument.dll
Event: 0.242 Loaded shared library C:\Program Files\Java\jdk-21\bin\net.dll
Event: 0.244 Loaded shared library C:\Program Files\Java\jdk-21\bin\nio.dll
Event: 0.247 Loaded shared library C:\Program Files\Java\jdk-21\bin\zip.dll
Event: 0.587 Loaded shared library C:\Program Files\Java\jdk-21\bin\jimage.dll
Event: 0.841 Loaded shared library C:\Program Files\Java\jdk-21\bin\verify.dll
Event: 1.033 Loaded shared library C:\Users\Usser\.gradle\native\1def1411415f61bf3af743bc5b6707747c0891f09f0c88961ee8f79bc544acac\windows-amd64\native-platform.dll
Event: 1.148 Loaded shared library C:\Users\Usser\.gradle\native\0.2.6\x86_64-windows-gnu\gradle-fileevents.dll
Event: 5.991 Loaded shared library C:\Program Files\Java\jdk-21\bin\management.dll
Event: 5.993 Loaded shared library C:\Program Files\Java\jdk-21\bin\management_ext.dll
Event: 6.333 Loaded shared library C:\Program Files\Java\jdk-21\bin\extnet.dll
Event: 6.750 Loaded shared library C:\Program Files\Java\jdk-21\bin\sunmscapi.dll

Deoptimization events (20 events):
Event: 14.513 Thread 0x000002adfe491a50 DEOPT PACKING pc=0x000002aded9408b8 sp=0x000000d5e24f9540
Event: 14.513 Thread 0x000002adfe491a50 DEOPT UNPACKING pc=0x000002aded2646a2 sp=0x000000d5e24f9440 mode 2
Event: 14.514 Thread 0x000002adfe491a50 Uncommon trap: trap_request=0xffffffde fr.pc=0x000002aded81c578 relative=0x00000000000010b8
Event: 14.514 Thread 0x000002adfe491a50 Uncommon trap: reason=class_check action=maybe_recompile pc=0x000002aded81c578 method=jdk.internal.loader.URLClassPath.getLoader(I)Ljdk/internal/loader/URLClassPath$Loader; @ 88 c2
Event: 14.514 Thread 0x000002adfe491a50 DEOPT PACKING pc=0x000002aded81c578 sp=0x000000d5e24f97b0
Event: 14.514 Thread 0x000002adfe491a50 DEOPT UNPACKING pc=0x000002aded2646a2 sp=0x000000d5e24f97a0 mode 2
Event: 14.514 Thread 0x000002adfe491a50 Uncommon trap: trap_request=0xffffffde fr.pc=0x000002aded824028 relative=0x00000000000000e8
Event: 14.514 Thread 0x000002adfe491a50 Uncommon trap: reason=class_check action=maybe_recompile pc=0x000002aded824028 method=jdk.internal.loader.URLClassPath.getResource(Ljava/lang/String;Z)Ljdk/internal/loader/Resource; @ 53 c2
Event: 14.514 Thread 0x000002adfe491a50 DEOPT PACKING pc=0x000002aded824028 sp=0x000000d5e24f9870
Event: 14.514 Thread 0x000002adfe491a50 DEOPT UNPACKING pc=0x000002aded2646a2 sp=0x000000d5e24f97f0 mode 2
Event: 14.517 Thread 0x000002adfe491a50 DEOPT PACKING pc=0x000002ade63d17a4 sp=0x000000d5e24f98c0
Event: 14.517 Thread 0x000002adfe491a50 DEOPT UNPACKING pc=0x000002aded264e42 sp=0x000000d5e24f8e38 mode 0
Event: 14.571 Thread 0x000002adfe491a50 Uncommon trap: trap_request=0xffffff45 fr.pc=0x000002aded8ce598 relative=0x00000000000000f8
Event: 14.571 Thread 0x000002adfe491a50 Uncommon trap: reason=unstable_if action=reinterpret pc=0x000002aded8ce598 method=java.lang.ClassLoader.getClassLoadingLock(Ljava/lang/String;)Ljava/lang/Object; @ 6 c2
Event: 14.571 Thread 0x000002adfe491a50 DEOPT PACKING pc=0x000002aded8ce598 sp=0x000000d5e24f7fc0
Event: 14.571 Thread 0x000002adfe491a50 DEOPT UNPACKING pc=0x000002aded2646a2 sp=0x000000d5e24f7f50 mode 2
Event: 14.573 Thread 0x000002adfe491a50 Uncommon trap: trap_request=0xffffff45 fr.pc=0x000002aded90e7d8 relative=0x0000000000000938
Event: 14.573 Thread 0x000002adfe491a50 Uncommon trap: reason=unstable_if action=reinterpret pc=0x000002aded90e7d8 method=java.lang.Class.getPackageName()Ljava/lang/String; @ 55 c2
Event: 14.573 Thread 0x000002adfe491a50 DEOPT PACKING pc=0x000002aded90e7d8 sp=0x000000d5e24f9650
Event: 14.573 Thread 0x000002adfe491a50 DEOPT UNPACKING pc=0x000002aded2646a2 sp=0x000000d5e24f9620 mode 2

Classes loaded (20 events):
Event: 14.170 Loading class java/nio/file/FileVisitResult
Event: 14.170 Loading class java/nio/file/FileVisitResult done
Event: 14.228 Loading class java/util/stream/Streams$RangeIntSpliterator
Event: 14.231 Loading class java/util/stream/Streams$RangeIntSpliterator done
Event: 14.492 Loading class jdk/internal/loader/URLClassPath$FileLoader
Event: 14.492 Loading class jdk/internal/loader/URLClassPath$FileLoader done
Event: 14.515 Loading class jdk/internal/loader/URLClassPath$FileLoader$1
Event: 14.515 Loading class jdk/internal/loader/URLClassPath$FileLoader$1 done
Event: 14.711 Loading class java/beans/Transient
Event: 14.712 Loading class java/beans/Transient done
Event: 14.723 Loading class java/util/stream/IntPipeline$1
Event: 14.723 Loading class java/util/stream/IntPipeline$1 done
Event: 14.723 Loading class java/util/stream/IntPipeline$1$1
Event: 14.723 Loading class java/util/stream/IntPipeline$1$1 done
Event: 14.772 Loading class java/lang/IllegalAccessError
Event: 14.773 Loading class java/lang/IllegalAccessError done
Event: 14.922 Loading class java/lang/Process
Event: 14.923 Loading class java/lang/Process done
Event: 14.923 Loading class java/lang/ProcessBuilder
Event: 14.968 Loading class java/lang/ProcessBuilder done

Classes unloaded (0 events):
No events

Classes redefined (0 events):
No events

Internal exceptions (20 events):
Event: 13.486 Thread 0x000002adfe491a50 Exception <a 'java/lang/NoSuchMethodError'{0x00000000edb1aee0}: static Lorg/gradle/tooling/internal/consumer/versioning/VersionDetails;.<clinit>()V> (0x00000000edb1aee0) 
thrown [s\open\src\hotspot\share\prims\jni.cpp, line 1111]
Event: 13.494 Thread 0x000002adfe491a50 Exception <a 'java/lang/NoSuchMethodError'{0x00000000edb1db50}: static Lorg/gradle/tooling/internal/consumer/versioning/VersionDetails$R26VersionDetails;.<clinit>()V> (0x00000000edb1db50) 
thrown [s\open\src\hotspot\share\prims\jni.cpp, line 1111]
Event: 13.494 Thread 0x000002adfe491a50 Exception <a 'java/lang/NoSuchMethodError'{0x00000000edb1f1e8}: static Lorg/gradle/tooling/internal/consumer/versioning/VersionDetails$R28VersionDetails;.<clinit>()V> (0x00000000edb1f1e8) 
thrown [s\open\src\hotspot\share\prims\jni.cpp, line 1111]
Event: 13.494 Thread 0x000002adfe491a50 Exception <a 'java/lang/NoSuchMethodError'{0x00000000edb20790}: static Lorg/gradle/tooling/internal/consumer/versioning/VersionDetails$R35VersionDetails;.<clinit>()V> (0x00000000edb20790) 
thrown [s\open\src\hotspot\share\prims\jni.cpp, line 1111]
Event: 13.495 Thread 0x000002adfe491a50 Exception <a 'java/lang/NoSuchMethodError'{0x00000000edb21f00}: static Lorg/gradle/tooling/internal/consumer/versioning/VersionDetails$R44VersionDetails;.<clinit>()V> (0x00000000edb21f00) 
thrown [s\open\src\hotspot\share\prims\jni.cpp, line 1111]
Event: 13.495 Thread 0x000002adfe491a50 Exception <a 'java/lang/NoSuchMethodError'{0x00000000edb235a8}: static Lorg/gradle/tooling/internal/consumer/versioning/VersionDetails$R48VersionDetails;.<clinit>()V> (0x00000000edb235a8) 
thrown [s\open\src\hotspot\share\prims\jni.cpp, line 1111]
Event: 13.495 Thread 0x000002adfe491a50 Exception <a 'java/lang/NoSuchMethodError'{0x00000000edb24840}: static Lorg/gradle/tooling/internal/consumer/versioning/VersionDetails$R51VersionDetails;.<clinit>()V> (0x00000000edb24840) 
thrown [s\open\src\hotspot\share\prims\jni.cpp, line 1111]
Event: 13.500 Thread 0x000002adfe491a50 Exception <a 'java/lang/NoSuchMethodError'{0x00000000edb42a18}: 'java.lang.Object java.lang.invoke.DirectMethodHandle$Holder.newInvokeSpecial(java.lang.Object, java.lang.Object, java.lang.Object, int)'> (0x00000000edb42a18) 
thrown [s\open\src\hotspot\share\interpreter\linkResolver.cpp, line 773]
Event: 13.500 Thread 0x000002adfe491a50 Exception <a 'java/lang/NoSuchMethodError'{0x00000000edb46e30}: 'java.lang.Object java.lang.invoke.DirectMethodHandle$Holder.invokeSpecial(java.lang.Object, java.lang.Object, java.lang.Object, java.lang.Object, int)'> (0x00000000edb46e30) 
thrown [s\open\src\hotspot\share\interpreter\linkResolver.cpp, line 773]
Event: 13.501 Thread 0x000002adfe491a50 Exception <a 'java/lang/NoSuchMethodError'{0x00000000edb4aa38}: 'java.lang.Object java.lang.invoke.Invokers$Holder.linkToTargetMethod(java.lang.Object, java.lang.Object, int, java.lang.Object)'> (0x00000000edb4aa38) 
thrown [s\open\src\hotspot\share\interpreter\linkResolver.cpp, line 773]
Event: 13.809 Thread 0x000002adfe491a50 Exception <a 'java/lang/NoSuchMethodError'{0x00000000ed8684d0}: 'void java.lang.invoke.DirectMethodHandle$Holder.invokeStaticInit(java.lang.Object, java.lang.Object, java.lang.Object, java.lang.Object)'> (0x00000000ed8684d0) 
thrown [s\open\src\hotspot\share\interpreter\linkResolver.cpp, line 773]
Event: 13.957 Thread 0x000002adfe491a50 Exception <a 'java/lang/NoSuchMethodError'{0x00000000ed3cd258}: 'void java.lang.invoke.DirectMethodHandle$Holder.invokeInterface(java.lang.Object, java.lang.Object, java.lang.Object, java.lang.Object, java.lang.Object)'> (0x00000000ed3cd258) 
thrown [s\open\src\hotspot\share\interpreter\linkResolver.cpp, line 773]
Event: 13.959 Thread 0x000002adfe491a50 Exception <a 'java/lang/NoSuchMethodError'{0x00000000ed20bb18}: 'void java.lang.invoke.DirectMethodHandle$Holder.invokeStatic(java.lang.Object, java.lang.Object, java.lang.Object, java.lang.Object, java.lang.Object, java.lang.Object)'> (0x00000000ed20bb18) 
thrown [s\open\src\hotspot\share\interpreter\linkResolver.cpp, line 773]
Event: 14.136 Thread 0x000002adfe491a50 Exception <a 'java/lang/IncompatibleClassChangeError'{0x00000000ecbeee48}: Found class java.lang.Object, but interface was expected> (0x00000000ecbeee48) 
thrown [s\open\src\hotspot\share\interpreter\linkResolver.cpp, line 840]
Event: 14.226 Thread 0x000002adfe491a50 Exception <a 'java/lang/NoSuchMethodError'{0x00000000ec994fa0}: 'java.lang.Object java.lang.invoke.DirectMethodHandle$Holder.invokeVirtual(java.lang.Object, java.lang.Object, int)'> (0x00000000ec994fa0) 
thrown [s\open\src\hotspot\share\interpreter\linkResolver.cpp, line 773]
Event: 14.233 Thread 0x000002adfe491a50 Exception <a 'java/lang/NoSuchMethodError'{0x00000000ec9bfe38}: 'void java.lang.invoke.DirectMethodHandle$Holder.invokeStatic(java.lang.Object, java.lang.Object, java.lang.Object, int)'> (0x00000000ec9bfe38) 
thrown [s\open\src\hotspot\share\interpreter\linkResolver.cpp, line 773]
Event: 14.490 Thread 0x000002adfe491a50 Exception <a 'java/lang/NoSuchMethodError'{0x00000000ec687cc8}: 'void java.lang.invoke.DirectMethodHandle$Holder.invokeInterface(java.lang.Object, java.lang.Object, java.lang.Object, java.lang.Object, java.lang.Object, java.lang.Object, java.lang.Object)'> (0x00000000ec687cc8) 
thrown [s\open\src\hotspot\share\interpreter\linkResolver.cpp, line 773]
Event: 14.490 Thread 0x000002adfe491a50 Exception <a 'java/lang/NoSuchMethodError'{0x00000000ec68c8e0}: 'void java.lang.invoke.DelegatingMethodHandle$Holder.reinvoke_L(java.lang.Object, java.lang.Object, java.lang.Object, java.lang.Object, java.lang.Object, java.lang.Object, java.lang.Object)'> (0x00000000ec68c8e0) 
thrown [s\open\src\hotspot\share\interpreter\linkResolver.cpp, line 773]
Event: 14.922 Thread 0x000002adfe491a50 Exception <a 'java/lang/NoSuchMethodError'{0x00000000ec4d5308}: 'java.lang.Object java.lang.invoke.DirectMethodHandle$Holder.invokeStaticInit(java.lang.Object, java.lang.Object, java.lang.Object, java.lang.Object, java.lang.Object, java.lang.Object, java.lang.Object)'> (0x00000000ec4d5308) 
thrown [s\open\src\hotspot\share\interpreter\linkResolver.cpp, line 773]
Event: 14.982 Thread 0x000002adfe491a50 Exception <a 'java/lang/NoSuchMethodError'{0x00000000ec4fc010}: 'java.lang.Object java.lang.invoke.DirectMethodHandle$Holder.invokeSpecial(java.lang.Object, java.lang.Object, java.lang.Object, int, java.lang.Object, java.lang.Object)'> (0x00000000ec4fc010) 
thrown [s\open\src\hotspot\share\interpreter\linkResolver.cpp, line 773]

ZGC Phase Switch (0 events):
No events

VM Operations (20 events):
Event: 10.818 Executing VM operation: G1PauseCleanup
Event: 10.818 Executing VM operation: G1PauseCleanup done
Event: 11.819 Executing VM operation: Cleanup
Event: 11.819 Executing VM operation: Cleanup done
Event: 12.449 Executing VM operation: HandshakeAllThreads (Deoptimize)
Event: 12.449 Executing VM operation: HandshakeAllThreads (Deoptimize) done
Event: 12.450 Executing VM operation: HandshakeAllThreads (Deoptimize)
Event: 12.450 Executing VM operation: HandshakeAllThreads (Deoptimize) done
Event: 13.452 Executing VM operation: Cleanup
Event: 13.453 Executing VM operation: Cleanup done
Event: 13.943 Executing VM operation: HandshakeAllThreads (Deoptimize)
Event: 13.943 Executing VM operation: HandshakeAllThreads (Deoptimize) done
Event: 14.138 Executing VM operation: HandshakeAllThreads (Deoptimize)
Event: 14.138 Executing VM operation: HandshakeAllThreads (Deoptimize) done
Event: 14.516 Executing VM operation: HandshakeAllThreads (Deoptimize)
Event: 14.516 Executing VM operation: HandshakeAllThreads (Deoptimize) done
Event: 14.516 Executing VM operation: Cleanup
Event: 14.516 Executing VM operation: Cleanup done
Event: 14.517 Executing VM operation: HandshakeAllThreads (Deoptimize)
Event: 14.517 Executing VM operation: HandshakeAllThreads (Deoptimize) done

Events (20 events):
Event: 8.294 Thread 0x000002adfd061370 Thread added: 0x000002adfd061370
Event: 8.735 Thread 0x000002adfd05ffc0 Thread added: 0x000002adfd05ffc0
Event: 8.801 Thread 0x000002adfd062720 Thread added: 0x000002adfd062720
Event: 8.927 Thread 0x000002adff18a7d0 Thread added: 0x000002adff18a7d0
Event: 9.422 Thread 0x000002adff18a7d0 Thread exited: 0x000002adff18a7d0
Event: 11.191 Thread 0x000002adff18c310 Thread added: 0x000002adff18c310
Event: 11.366 Thread 0x000002adfd060650 Thread added: 0x000002adfd060650
Event: 11.464 Thread 0x000002adfd060ce0 Thread added: 0x000002adfd060ce0
Event: 12.129 Thread 0x000002adfd062090 Thread added: 0x000002adfd062090
Event: 12.138 Thread 0x000002adfedaea60 Thread added: 0x000002adfedaea60
Event: 12.365 Thread 0x000002adff18c310 Thread exited: 0x000002adff18c310
Event: 12.455 Thread 0x000002adff18a100 Thread added: 0x000002adff18a100
Event: 12.497 Thread 0x000002adfedb11c0 Thread added: 0x000002adfedb11c0
Event: 12.498 Thread 0x000002adfedb0b30 Thread added: 0x000002adfedb0b30
Event: 12.498 Thread 0x000002adfedaf780 Thread added: 0x000002adfedaf780
Event: 12.498 Thread 0x000002adfedadd40 Thread added: 0x000002adfedadd40
Event: 12.726 Thread 0x000002adff18a100 Thread exited: 0x000002adff18a100
Event: 13.427 Thread 0x000002adff18b570 Thread added: 0x000002adff18b570
Event: 13.716 Thread 0x000002adff18b570 Thread exited: 0x000002adff18b570
Event: 14.670 Thread 0x000002adff18bc40 Thread added: 0x000002adff18bc40


Dynamic libraries:
0x00007ff6b26e0000 - 0x00007ff6b26f0000 	C:\Program Files\Java\jdk-21\bin\java.exe
0x00007ffdeb170000 - 0x00007ffdeb368000 	C:\WINDOWS\SYSTEM32\ntdll.dll
0x00007ffde98b0000 - 0x00007ffde9972000 	C:\WINDOWS\System32\KERNEL32.DLL
0x00007ffde89a0000 - 0x00007ffde8c9f000 	C:\WINDOWS\System32\KERNELBASE.dll
0x00007ffde9040000 - 0x00007ffde9140000 	C:\WINDOWS\System32\ucrtbase.dll
0x00007ffdc78a0000 - 0x00007ffdc78bb000 	C:\Program Files\Java\jdk-21\bin\VCRUNTIME140.dll
0x00007ffdc7de0000 - 0x00007ffdc7df9000 	C:\Program Files\Java\jdk-21\bin\jli.dll
0x00007ffdea2b0000 - 0x00007ffdea35f000 	C:\WINDOWS\System32\ADVAPI32.dll
0x00007ffde9f40000 - 0x00007ffde9fde000 	C:\WINDOWS\System32\msvcrt.dll
0x00007ffde99e0000 - 0x00007ffde9a7f000 	C:\WINDOWS\System32\sechost.dll
0x00007ffdea180000 - 0x00007ffdea2a3000 	C:\WINDOWS\System32\RPCRT4.dll
0x00007ffde9010000 - 0x00007ffde9037000 	C:\WINDOWS\System32\bcrypt.dll
0x00007ffde9710000 - 0x00007ffde98ad000 	C:\WINDOWS\System32\USER32.dll
0x00007ffdd8740000 - 0x00007ffdd89da000 	C:\WINDOWS\WinSxS\amd64_microsoft.windows.common-controls_6595b64144ccf1df_6.0.19041.4355_none_60b8b9eb71f62e16\COMCTL32.dll
0x00007ffde8d30000 - 0x00007ffde8d52000 	C:\WINDOWS\System32\win32u.dll
0x00007ffde9e60000 - 0x00007ffde9e8b000 	C:\WINDOWS\System32\GDI32.dll
0x00007ffde8880000 - 0x00007ffde899a000 	C:\WINDOWS\System32\gdi32full.dll
0x00007ffde8e10000 - 0x00007ffde8ead000 	C:\WINDOWS\System32\msvcp_win.dll
0x00007ffde6790000 - 0x00007ffde679a000 	C:\WINDOWS\SYSTEM32\VERSION.dll
0x00007ffde9260000 - 0x00007ffde928f000 	C:\WINDOWS\System32\IMM32.DLL
0x00007ffdd5f80000 - 0x00007ffdd5f8c000 	C:\Program Files\Java\jdk-21\bin\vcruntime140_1.dll
0x00007ffdb8060000 - 0x00007ffdb80ee000 	C:\Program Files\Java\jdk-21\bin\msvcp140.dll
0x00007ffda7460000 - 0x00007ffda817a000 	C:\Program Files\Java\jdk-21\bin\server\jvm.dll
0x00007ffde9ff0000 - 0x00007ffdea05b000 	C:\WINDOWS\System32\WS2_32.dll
0x00007ffde8670000 - 0x00007ffde86bb000 	C:\WINDOWS\SYSTEM32\POWRPROF.dll
0x00007ffdd8530000 - 0x00007ffdd8557000 	C:\WINDOWS\SYSTEM32\WINMM.dll
0x00007ffde8650000 - 0x00007ffde8662000 	C:\WINDOWS\SYSTEM32\UMPDC.dll
0x00007ffde6890000 - 0x00007ffde68a2000 	C:\WINDOWS\SYSTEM32\kernel.appcore.dll
0x00007ffdd3700000 - 0x00007ffdd370a000 	C:\Program Files\Java\jdk-21\bin\jimage.dll
0x00007ffde13d0000 - 0x00007ffde15b4000 	C:\WINDOWS\SYSTEM32\DBGHELP.DLL
0x00007ffde1310000 - 0x00007ffde1344000 	C:\WINDOWS\SYSTEM32\dbgcore.DLL
0x00007ffde8ca0000 - 0x00007ffde8d22000 	C:\WINDOWS\System32\bcryptPrimitives.dll
0x00007ffdd3570000 - 0x00007ffdd357f000 	C:\Program Files\Java\jdk-21\bin\instrument.dll
0x00007ffdc7800000 - 0x00007ffdc781f000 	C:\Program Files\Java\jdk-21\bin\java.dll
0x00007ffdea9c0000 - 0x00007ffdeb12d000 	C:\WINDOWS\System32\SHELL32.dll
0x00007ffde68b0000 - 0x00007ffde7054000 	C:\WINDOWS\SYSTEM32\windows.storage.dll
0x00007ffde9a80000 - 0x00007ffde9dd5000 	C:\WINDOWS\System32\combase.dll
0x00007ffde8170000 - 0x00007ffde819b000 	C:\WINDOWS\SYSTEM32\Wldp.dll
0x00007ffdea630000 - 0x00007ffdea6fd000 	C:\WINDOWS\System32\OLEAUT32.dll
0x00007ffdea0d0000 - 0x00007ffdea17d000 	C:\WINDOWS\System32\SHCORE.dll
0x00007ffde91f0000 - 0x00007ffde9245000 	C:\WINDOWS\System32\shlwapi.dll
0x00007ffde8740000 - 0x00007ffde8765000 	C:\WINDOWS\SYSTEM32\profapi.dll
0x00007ffdb74d0000 - 0x00007ffdb75a7000 	C:\Program Files\Java\jdk-21\bin\jsvml.dll
0x00007ffdc53d0000 - 0x00007ffdc53e8000 	C:\Program Files\Java\jdk-21\bin\zip.dll
0x00007ffdcfa50000 - 0x00007ffdcfa60000 	C:\Program Files\Java\jdk-21\bin\net.dll
0x00007ffde0f30000 - 0x00007ffde103a000 	C:\WINDOWS\SYSTEM32\WINHTTP.dll
0x00007ffde7ed0000 - 0x00007ffde7f3c000 	C:\WINDOWS\system32\mswsock.dll
0x00007ffdc2060000 - 0x00007ffdc2076000 	C:\Program Files\Java\jdk-21\bin\nio.dll
0x00007ffdcf9b0000 - 0x00007ffdcf9c0000 	C:\Program Files\Java\jdk-21\bin\verify.dll
0x00007ffdc8880000 - 0x00007ffdc88a7000 	C:\Users\Usser\.gradle\native\1def1411415f61bf3af743bc5b6707747c0891f09f0c88961ee8f79bc544acac\windows-amd64\native-platform.dll
0x00007ffdb79a0000 - 0x00007ffdb7a18000 	C:\Users\Usser\.gradle\native\0.2.6\x86_64-windows-gnu\gradle-fileevents.dll
0x00007ffdcf200000 - 0x00007ffdcf20a000 	C:\Program Files\Java\jdk-21\bin\management.dll
0x00007ffdcf020000 - 0x00007ffdcf02b000 	C:\Program Files\Java\jdk-21\bin\management_ext.dll
0x00007ffde9250000 - 0x00007ffde9258000 	C:\WINDOWS\System32\PSAPI.DLL
0x00007ffde7bb0000 - 0x00007ffde7beb000 	C:\WINDOWS\SYSTEM32\IPHLPAPI.DLL
0x00007ffdea0c0000 - 0x00007ffdea0c8000 	C:\WINDOWS\System32\NSI.dll
0x00007ffdceef0000 - 0x00007ffdceef9000 	C:\Program Files\Java\jdk-21\bin\extnet.dll
0x00007ffde80d0000 - 0x00007ffde80e8000 	C:\WINDOWS\SYSTEM32\CRYPTSP.dll
0x00007ffde77f0000 - 0x00007ffde7828000 	C:\WINDOWS\system32\rsaenh.dll
0x00007ffde8700000 - 0x00007ffde872e000 	C:\WINDOWS\SYSTEM32\USERENV.dll
0x00007ffde80c0000 - 0x00007ffde80cc000 	C:\WINDOWS\SYSTEM32\CRYPTBASE.dll
0x00007ffdceeb0000 - 0x00007ffdceebe000 	C:\Program Files\Java\jdk-21\bin\sunmscapi.dll
0x00007ffde8eb0000 - 0x00007ffde900c000 	C:\WINDOWS\System32\CRYPT32.dll
0x00007ffde81e0000 - 0x00007ffde8207000 	C:\WINDOWS\SYSTEM32\ncrypt.dll
0x00007ffde81a0000 - 0x00007ffde81db000 	C:\WINDOWS\SYSTEM32\NTASN1.dll
0x00007ffddfcc0000 - 0x00007ffddfcc7000 	C:\WINDOWS\system32\wshunix.dll

dbghelp: loaded successfully - version: 4.0.5 - missing functions: none
symbol engine: initialized successfully - sym options: 0x614 - pdb path: .;C:\Program Files\Java\jdk-21\bin;C:\WINDOWS\SYSTEM32;C:\WINDOWS\WinSxS\amd64_microsoft.windows.common-controls_6595b64144ccf1df_6.0.19041.4355_none_60b8b9eb71f62e16;C:\Program Files\Java\jdk-21\bin\server;C:\Users\Usser\.gradle\native\1def1411415f61bf3af743bc5b6707747c0891f09f0c88961ee8f79bc544acac\windows-amd64;C:\Users\Usser\.gradle\native\0.2.6\x86_64-windows-gnu

VM Arguments:
jvm_args: --add-opens=java.base/java.lang=ALL-UNNAMED --add-opens=java.base/java.lang.invoke=ALL-UNNAMED --add-opens=java.base/java.util=ALL-UNNAMED --add-opens=java.prefs/java.util.prefs=ALL-UNNAMED --add-exports=jdk.compiler/com.sun.tools.javac.api=ALL-UNNAMED --add-exports=jdk.compiler/com.sun.tools.javac.util=ALL-UNNAMED --add-opens=java.base/java.util=ALL-UNNAMED --add-opens=java.prefs/java.util.prefs=ALL-UNNAMED --add-opens=java.base/java.nio.charset=ALL-UNNAMED --add-opens=java.base/java.net=ALL-UNNAMED --add-opens=java.base/java.util.concurrent.atomic=ALL-UNNAMED --add-opens=java.xml/javax.xml.namespace=ALL-UNNAMED -XX:MaxMetaspaceSize=384m -XX:+HeapDumpOnOutOfMemoryError -Xms256m -Xmx512m -Dfile.encoding=windows-1251 -Duser.country=RU -Duser.language=ru -Duser.variant -javaagent:C:\Users\Usser\.gradle\wrapper\dists\gradle-8.12.1-bin\eumc4uhoysa37zql93vfjkxy0\gradle-8.12.1\lib\agents\gradle-instrumentation-agent-8.12.1.jar 
java_command: org.gradle.launcher.daemon.bootstrap.GradleDaemon 8.12.1
java_class_path (initial): C:\Users\Usser\.gradle\wrapper\dists\gradle-8.12.1-bin\eumc4uhoysa37zql93vfjkxy0\gradle-8.12.1\lib\gradle-daemon-main-8.12.1.jar
Launcher Type: SUN_STANDARD

[Global flags]
     intx CICompilerCount                          = 3                                         {product} {ergonomic}
   size_t CompressedClassSpaceSize                 = 335544320                                 {product} {ergonomic}
     uint ConcGCThreads                            = 1                                         {product} {ergonomic}
     uint G1ConcRefinementThreads                  = 4                                         {product} {ergonomic}
   size_t G1HeapRegionSize                         = 1048576                                   {product} {ergonomic}
    uintx GCDrainStackTargetSize                   = 64                                        {product} {ergonomic}
     bool HeapDumpOnOutOfMemoryError               = true                                   {manageable} {command line}
   size_t InitialHeapSize                          = 268435456                                 {product} {command line}
   size_t MarkStackSize                            = 4194304                                   {product} {ergonomic}
   size_t MaxHeapSize                              = 536870912                                 {product} {command line}
   size_t MaxMetaspaceSize                         = 402653184                                 {product} {command line}
   size_t MaxNewSize                               = 321912832                                 {product} {ergonomic}
   size_t MinHeapDeltaBytes                        = 1048576                                   {product} {ergonomic}
   size_t MinHeapSize                              = 268435456                                 {product} {command line}
    uintx NonNMethodCodeHeapSize                   = 5832780                                {pd product} {ergonomic}
    uintx NonProfiledCodeHeapSize                  = 122912730                              {pd product} {ergonomic}
    uintx ProfiledCodeHeapSize                     = 122912730                              {pd product} {ergonomic}
    uintx ReservedCodeCacheSize                    = 251658240                              {pd product} {ergonomic}
     bool SegmentedCodeCache                       = true                                      {product} {ergonomic}
   size_t SoftMaxHeapSize                          = 536870912                              {manageable} {ergonomic}
     bool UseCompressedOops                        = true                           {product lp64_product} {ergonomic}
     bool UseG1GC                                  = true                                      {product} {ergonomic}
     bool UseLargePagesIndividualAllocation        = false                                  {pd product} {ergonomic}

Logging:
Log output configuration:
 #0: stdout all=warning uptime,level,tags foldmultilines=false
 #1: stderr all=off uptime,level,tags foldmultilines=false

Environment Variables:
JAVA_HOME=C:\Program Files\Java\jdk-21
PATH=C:\Program Files\Common Files\Oracle\Java\javapath;C:\WINDOWS\system32;C:\WINDOWS;C:\WINDOWS\System32\Wbem;C:\WINDOWS\System32\WindowsPowerShell\v1.0\;C:\WINDOWS\System32\OpenSSH\;C:\Program Files\dotnet\;C:\Program Files\Git\cmd;C:\Program Files\Java\jdk-21\bin;C:\Program Files\MySQL\MySQL Shell 8.0\bin\;C:\Users\Usser\AppData\Local\Microsoft\WindowsApps;C:\Users\Usser\AppData\Local\GitHubDesktop\bin;C:\Users\Usser\.dotnet\tools;C:\Users\Usser\AppData\Local\Programs\Microsoft VS Code\bin
USERNAME=Usser
OS=Windows_NT
PROCESSOR_IDENTIFIER=Intel64 Family 6 Model 158 Stepping 9, GenuineIntel
TMP=C:\Users\Usser\AppData\Local\Temp
TEMP=C:\Users\Usser\AppData\Local\Temp




Periodic native trim disabled

---------------  S Y S T E M  ---------------

OS:
 Windows 10 , 64 bit Build 19041 (10.0.19041.5438)
OS uptime: 8 days 5:44 hours

CPU: total 4 (initial active 4) (2 cores per cpu, 2 threads per core) family 6 model 158 stepping 9 microcode 0xb4, cx8, cmov, fxsr, ht, mmx, 3dnowpref, sse, sse2, sse3, ssse3, sse4.1, sse4.2, popcnt, lzcnt, tsc, tscinvbit, avx, avx2, aes, erms, clmul, bmi1, bmi2, adx, fma, vzeroupper, clflush, clflushopt, rdtscp, f16c
Processor Information for all 4 processors :
  Max Mhz: 3900, Current Mhz: 3900, Mhz Limit: 3900

Memory: 4k page, system-wide physical 8057M (467M free)
TotalPageFile size 16249M (AvailPageFile size 7M)
current process WorkingSet (physical memory assigned to process): 336M, peak: 340M
current process commit charge ("private bytes"): 449M, peak: 455M

vm_info: Java HotSpot(TM) 64-Bit Server VM (21.0.6+8-LTS-188) for windows-amd64 JRE (21.0.6+8-LTS-188), built on 2024-12-03T10:50:54Z by "mach5one" with MS VC++ 17.6 (VS2022)

END.
