#
# There is insufficient memory for the Java Runtime Environment to continue.
# Native memory allocation (malloc) failed to allocate 32744 bytes for Chunk::new
# Possible reasons:
#   The system is out of physical RAM or swap space
#   The process is running with CompressedOops enabled, and the Java Heap may be blocking the growth of the native heap
# Possible solutions:
#   Reduce memory load on the system
#   Increase physical memory or swap space
#   Check if swap backing store is full
#   Decrease Java heap size (-Xmx/-Xms)
#   Decrease number of Java threads
#   Decrease Java thread stack sizes (-Xss)
#   Set larger code cache with -XX:ReservedCodeCacheSize=
#   JVM is running with Unscaled Compressed Oops mode in which the Java heap is
#     placed in the first 4GB address space. The Java Heap base address is the
#     maximum limit for the native heap growth. Please use -XX:HeapBaseMinAddress
#     to set the Java Heap base and to place the Java Heap above 4GB virtual address.
# This output file may be truncated or incomplete.
#
#  Out of Memory Error (arena.cpp:168), pid=2464, tid=5336
#
# JRE version: OpenJDK Runtime Environment (21.0.2+13) (build 21.0.2+13-58)
# Java VM: OpenJDK 64-Bit Server VM (21.0.2+13-58, mixed mode, sharing, tiered, compressed oops, compressed class ptrs, g1 gc, windows-amd64)
# No core dump will be written. Minidumps are not enabled by default on client versions of Windows
#

---------------  S U M M A R Y ------------

Command Line: -Dfile.encoding=windows-1251 -Duser.country=RU -Duser.language=ru -Duser.variant com.example.el_parus_springboot_project.ElParusApplication

Host: Intel(R) Core(TM) i3-7100 CPU @ 3.90GHz, 4 cores, 7G,  Windows 10 , 64 bit Build 19041 (10.0.19041.5438)
Time: Wed Apr  2 03:55:28 2025  Windows 10 , 64 bit Build 19041 (10.0.19041.5438) elapsed time: 1845.149156 seconds (0d 0h 30m 45s)

---------------  T H R E A D  ---------------

Current thread (0x0000029c3753a440):  JavaThread "C2 CompilerThread0" daemon [_thread_in_native, id=5336, stack(0x000000fd07400000,0x000000fd07500000) (1024K)]


Current CompileTask:
C2:1845189 16397       4       java.util.AbstractCollection::containsAll (38 bytes)

Stack: [0x000000fd07400000,0x000000fd07500000]
Native frames: (J=compiled Java code, j=interpreted, Vv=VM code, C=native code)
V  [jvm.dll+0x6cade9]
V  [jvm.dll+0x8569c1]
V  [jvm.dll+0x858d2e]
V  [jvm.dll+0x859413]
V  [jvm.dll+0x280e56]
V  [jvm.dll+0xc3f3d]
V  [jvm.dll+0xc4473]
V  [jvm.dll+0x282ab0]
V  [jvm.dll+0x24a487]
V  [jvm.dll+0x24885f]
V  [jvm.dll+0x1c9634]
V  [jvm.dll+0x258859]
V  [jvm.dll+0x256e3a]
V  [jvm.dll+0x3ef6c6]
V  [jvm.dll+0x7ff568]
V  [jvm.dll+0x6c953d]
C  [ucrtbase.dll+0x21bb2]
C  [KERNEL32.DLL+0x17374]
C  [ntdll.dll+0x4cc91]


---------------  P R O C E S S  ---------------

Threads class SMR info:
_java_thread_list=0x0000029c7f2bcb00, length=34, elements={
0x0000029c3752b4e0, 0x0000029c3752c400, 0x0000029c37530480, 0x0000029c37532ef0,
0x0000029c37536140, 0x0000029c375340f0, 0x0000029c3753a440, 0x0000029c3753f6a0,
0x0000029c377a32b0, 0x0000029c377af740, 0x0000029c008c56a0, 0x0000029c7e69fa80,
0x0000029c00eb7e90, 0x0000029c00ebda70, 0x0000029c00eb8520, 0x0000029c00ebd3e0,
0x0000029c00ebee20, 0x0000029c00eb9240, 0x0000029c00ebe100, 0x0000029c00eb98d0,
0x0000029c00ebb310, 0x0000029c00ebc030, 0x0000029c00ebb9a0, 0x0000029c00ebcd50,
0x0000029c7e6a2f00, 0x0000029c7e6a2870, 0x0000029c7e6a0110, 0x0000029c7e6a07a0,
0x0000029c7e6a14c0, 0x0000029c0710d910, 0x0000029c0710bed0, 0x0000029c0710b1b0,
0x0000029c0710b840, 0x0000029c0710f350
}

Java Threads: ( => current thread )
  0x0000029c3752b4e0 JavaThread "Reference Handler"          daemon [_thread_blocked, id=9308, stack(0x000000fd06e00000,0x000000fd06f00000) (1024K)]
  0x0000029c3752c400 JavaThread "Finalizer"                  daemon [_thread_blocked, id=8328, stack(0x000000fd06f00000,0x000000fd07000000) (1024K)]
  0x0000029c37530480 JavaThread "Signal Dispatcher"          daemon [_thread_blocked, id=15296, stack(0x000000fd07000000,0x000000fd07100000) (1024K)]
  0x0000029c37532ef0 JavaThread "Attach Listener"            daemon [_thread_blocked, id=13168, stack(0x000000fd07100000,0x000000fd07200000) (1024K)]
  0x0000029c37536140 JavaThread "Service Thread"             daemon [_thread_blocked, id=6780, stack(0x000000fd07200000,0x000000fd07300000) (1024K)]
  0x0000029c375340f0 JavaThread "Monitor Deflation Thread"   daemon [_thread_blocked, id=4736, stack(0x000000fd07300000,0x000000fd07400000) (1024K)]
=>0x0000029c3753a440 JavaThread "C2 CompilerThread0"         daemon [_thread_in_native, id=5336, stack(0x000000fd07400000,0x000000fd07500000) (1024K)]
  0x0000029c3753f6a0 JavaThread "C1 CompilerThread0"         daemon [_thread_blocked, id=2924, stack(0x000000fd07500000,0x000000fd07600000) (1024K)]
  0x0000029c377a32b0 JavaThread "Notification Thread"        daemon [_thread_blocked, id=13356, stack(0x000000fd07600000,0x000000fd07700000) (1024K)]
  0x0000029c377af740 JavaThread "Common-Cleaner"             daemon [_thread_blocked, id=1972, stack(0x000000fd07700000,0x000000fd07800000) (1024K)]
  0x0000029c008c56a0 JavaThread "mysql-cj-abandoned-connection-cleanup" daemon [_thread_blocked, id=9512, stack(0x000000fd08100000,0x000000fd08200000) (1024K)]
  0x0000029c7e69fa80 JavaThread "Live Reload Server"         daemon [_thread_in_native, id=12192, stack(0x000000fd08500000,0x000000fd08600000) (1024K)]
  0x0000029c00eb7e90 JavaThread "DestroyJavaVM"                     [_thread_blocked, id=5776, stack(0x000000fd06600000,0x000000fd06700000) (1024K)]
  0x0000029c00ebda70 JavaThread "File Watcher"               daemon [_thread_in_Java, id=11900, stack(0x000000fd06400000,0x000000fd06500000) (1024K)]
  0x0000029c00eb8520 JavaThread "File Watcher"               daemon [_thread_blocked, id=7044, stack(0x000000fd07c00000,0x000000fd07d00000) (1024K)]
  0x0000029c00ebd3e0 JavaThread "File Watcher"               daemon [_thread_blocked, id=14108, stack(0x000000fd07800000,0x000000fd07900000) (1024K)]
  0x0000029c00ebee20 JavaThread "Catalina-utility-1"                [_thread_blocked, id=9704, stack(0x000000fd07e00000,0x000000fd07f00000) (1024K)]
  0x0000029c00eb9240 JavaThread "Catalina-utility-2"                [_thread_blocked, id=10076, stack(0x000000fd07f00000,0x000000fd08000000) (1024K)]
  0x0000029c00ebe100 JavaThread "container-3"                       [_thread_blocked, id=14512, stack(0x000000fd08000000,0x000000fd08100000) (1024K)]
  0x0000029c00eb98d0 JavaThread "HikariPool-4 housekeeper"   daemon [_thread_blocked, id=14112, stack(0x000000fd08200000,0x000000fd08300000) (1024K)]
  0x0000029c00ebb310 JavaThread "File Watcher"               daemon [_thread_blocked, id=5960, stack(0x000000fd08600000,0x000000fd08700000) (1024K)]
  0x0000029c00ebc030 JavaThread "http-nio-0.0.0.0-8080-exec-1" daemon [_thread_blocked, id=11040, stack(0x000000fd08700000,0x000000fd08800000) (1024K)]
  0x0000029c00ebb9a0 JavaThread "http-nio-0.0.0.0-8080-exec-2" daemon [_thread_blocked, id=4468, stack(0x000000fd08800000,0x000000fd08900000) (1024K)]
  0x0000029c00ebcd50 JavaThread "http-nio-0.0.0.0-8080-exec-3" daemon [_thread_blocked, id=10684, stack(0x000000fd08900000,0x000000fd08a00000) (1024K)]
  0x0000029c7e6a2f00 JavaThread "http-nio-0.0.0.0-8080-exec-4" daemon [_thread_blocked, id=13012, stack(0x000000fd08a00000,0x000000fd08b00000) (1024K)]
  0x0000029c7e6a2870 JavaThread "http-nio-0.0.0.0-8080-exec-5" daemon [_thread_blocked, id=8828, stack(0x000000fd08b00000,0x000000fd08c00000) (1024K)]
  0x0000029c7e6a0110 JavaThread "http-nio-0.0.0.0-8080-exec-6" daemon [_thread_blocked, id=6984, stack(0x000000fd08c00000,0x000000fd08d00000) (1024K)]
  0x0000029c7e6a07a0 JavaThread "http-nio-0.0.0.0-8080-exec-7" daemon [_thread_blocked, id=13252, stack(0x000000fd08d00000,0x000000fd08e00000) (1024K)]
  0x0000029c7e6a14c0 JavaThread "http-nio-0.0.0.0-8080-exec-8" daemon [_thread_blocked, id=12412, stack(0x000000fd08e00000,0x000000fd08f00000) (1024K)]
  0x0000029c0710d910 JavaThread "http-nio-0.0.0.0-8080-exec-9" daemon [_thread_blocked, id=4892, stack(0x000000fd08f00000,0x000000fd09000000) (1024K)]
  0x0000029c0710bed0 JavaThread "http-nio-0.0.0.0-8080-exec-10" daemon [_thread_blocked, id=3236, stack(0x000000fd09000000,0x000000fd09100000) (1024K)]
  0x0000029c0710b1b0 JavaThread "http-nio-0.0.0.0-8080-Poller" daemon [_thread_in_native, id=1260, stack(0x000000fd09100000,0x000000fd09200000) (1024K)]
  0x0000029c0710b840 JavaThread "http-nio-0.0.0.0-8080-Acceptor" daemon [_thread_in_native, id=12832, stack(0x000000fd09200000,0x000000fd09300000) (1024K)]
  0x0000029c0710f350 JavaThread "scheduling-1"                      [_thread_blocked, id=13512, stack(0x000000fd09300000,0x000000fd09400000) (1024K)]
Total: 34

Other Threads:
  0x0000029c375094a0 VMThread "VM Thread"                           [id=7428, stack(0x000000fd06d00000,0x000000fd06e00000) (1024K)]
  0x0000029c374f2700 WatcherThread "VM Periodic Task Thread"        [id=11312, stack(0x000000fd06c00000,0x000000fd06d00000) (1024K)]
  0x0000029c1b502ff0 WorkerThread "GC Thread#0"                     [id=14272, stack(0x000000fd06700000,0x000000fd06800000) (1024K)]
  0x0000029c7d93e3f0 WorkerThread "GC Thread#1"                     [id=9232, stack(0x000000fd07900000,0x000000fd07a00000) (1024K)]
  0x0000029c7d93e790 WorkerThread "GC Thread#2"                     [id=8524, stack(0x000000fd07a00000,0x000000fd07b00000) (1024K)]
  0x0000029c7d2a6b90 WorkerThread "GC Thread#3"                     [id=13200, stack(0x000000fd07b00000,0x000000fd07c00000) (1024K)]
  0x0000029c1b513d80 ConcurrentGCThread "G1 Main Marker"            [id=3420, stack(0x000000fd06800000,0x000000fd06900000) (1024K)]
  0x0000029c1b515020 WorkerThread "G1 Conc#0"                       [id=14976, stack(0x000000fd06900000,0x000000fd06a00000) (1024K)]
  0x0000029c373c64e0 ConcurrentGCThread "G1 Refine#0"               [id=14592, stack(0x000000fd06a00000,0x000000fd06b00000) (1024K)]
  0x0000029c373c6e60 ConcurrentGCThread "G1 Service"                [id=8112, stack(0x000000fd06b00000,0x000000fd06c00000) (1024K)]
Total: 10

Threads with active compile tasks:
C2 CompilerThread0  1845789 16397       4       java.util.AbstractCollection::containsAll (38 bytes)
Total: 1

VM state: not at safepoint (normal execution)

VM Mutex/Monitor currently owned by a thread: None

Heap address: 0x0000000082000000, size: 2016 MB, Compressed Oops mode: 32-bit

CDS archive(s) mapped at: [0x0000029c38000000-0x0000029c38c90000-0x0000029c38c90000), size 13172736, SharedBaseAddress: 0x0000029c38000000, ArchiveRelocationMode: 1.
Compressed class space mapped at: 0x0000029c39000000-0x0000029c79000000, reserved size: 1073741824
Narrow klass base: 0x0000029c38000000, Narrow klass shift: 0, Narrow klass range: 0x100000000

GC Precious Log:
 CardTable entry size: 512
 Card Set container configuration: InlinePtr #cards 5 size 8 Array Of Cards #cards 12 size 40 Howl #buckets 4 coarsen threshold 1843 Howl Bitmap #cards 512 size 80 coarsen threshold 460 Card regions per heap region 1 cards per card region 2048
 CPUs: 4 total, 4 available
 Memory: 8057M
 Large Page Support: Disabled
 NUMA Support: Disabled
 Compressed Oops: Enabled (32-bit)
 Heap Region Size: 1M
 Heap Min Capacity: 8M
 Heap Initial Capacity: 126M
 Heap Max Capacity: 2016M
 Pre-touch: Disabled
 Parallel Workers: 4
 Concurrent Workers: 1
 Concurrent Refinement Workers: 4
 Periodic GC: Disabled

Heap:
 garbage-first heap   total 111616K, used 49721K [0x0000000082000000, 0x0000000100000000)
  region size 1024K, 16 young (16384K), 6 survivors (6144K)
 Metaspace       used 94074K, committed 95040K, reserved 1179648K
  class space    used 12258K, committed 12736K, reserved 1048576K

Heap Regions: E=young(eden), S=young(survivor), O=old, HS=humongous(starts), HC=humongous(continues), CS=collection set, F=free, TAMS=top-at-mark-start, PB=parsable bottom
|   0|0x0000000082000000, 0x0000000082100000, 0x0000000082100000|100%|HS|  |TAMS 0x0000000082000000| PB 0x0000000082000000| Complete 
|   1|0x0000000082100000, 0x0000000082200000, 0x0000000082200000|100%|HS|  |TAMS 0x0000000082100000| PB 0x0000000082100000| Complete 
|   2|0x0000000082200000, 0x0000000082300000, 0x0000000082300000|100%| O|  |TAMS 0x0000000082200000| PB 0x0000000082200000| Untracked 
|   3|0x0000000082300000, 0x0000000082400000, 0x0000000082400000|100%| O|  |TAMS 0x0000000082300000| PB 0x0000000082300000| Untracked 
|   4|0x0000000082400000, 0x00000000824fffd8, 0x0000000082500000| 99%| O|  |TAMS 0x0000000082400000| PB 0x0000000082400000| Untracked 
|   5|0x0000000082500000, 0x00000000825fffc0, 0x0000000082600000| 99%| O|  |TAMS 0x0000000082500000| PB 0x0000000082500000| Untracked 
|   6|0x0000000082600000, 0x00000000826ffff0, 0x0000000082700000| 99%| O|  |TAMS 0x0000000082600000| PB 0x0000000082600000| Untracked 
|   7|0x0000000082700000, 0x0000000082800000, 0x0000000082800000|100%| O|  |TAMS 0x0000000082700000| PB 0x0000000082700000| Untracked 
|   8|0x0000000082800000, 0x0000000082900000, 0x0000000082900000|100%| O|  |TAMS 0x0000000082800000| PB 0x0000000082800000| Untracked 
|   9|0x0000000082900000, 0x00000000829ffff0, 0x0000000082a00000| 99%| O|  |TAMS 0x0000000082900000| PB 0x0000000082900000| Untracked 
|  10|0x0000000082a00000, 0x0000000082b00000, 0x0000000082b00000|100%| O|  |TAMS 0x0000000082a00000| PB 0x0000000082a00000| Untracked 
|  11|0x0000000082b00000, 0x0000000082c00000, 0x0000000082c00000|100%| O|  |TAMS 0x0000000082b00000| PB 0x0000000082b00000| Untracked 
|  12|0x0000000082c00000, 0x0000000082d00000, 0x0000000082d00000|100%| O|  |TAMS 0x0000000082c00000| PB 0x0000000082c00000| Untracked 
|  13|0x0000000082d00000, 0x0000000082e00000, 0x0000000082e00000|100%| O|  |TAMS 0x0000000082d00000| PB 0x0000000082d00000| Untracked 
|  14|0x0000000082e00000, 0x0000000082efff88, 0x0000000082f00000| 99%| O|  |TAMS 0x0000000082e00000| PB 0x0000000082e00000| Untracked 
|  15|0x0000000082f00000, 0x0000000082ff9610, 0x0000000083000000| 97%| O|  |TAMS 0x0000000082f00000| PB 0x0000000082f00000| Untracked 
|  16|0x0000000083000000, 0x00000000830ffff0, 0x0000000083100000| 99%| O|  |TAMS 0x0000000083000000| PB 0x0000000083000000| Untracked 
|  17|0x0000000083100000, 0x00000000831ffff8, 0x0000000083200000| 99%| O|  |TAMS 0x0000000083100000| PB 0x0000000083100000| Untracked 
|  18|0x0000000083200000, 0x00000000832fffe8, 0x0000000083300000| 99%| O|  |TAMS 0x0000000083200000| PB 0x0000000083200000| Untracked 
|  19|0x0000000083300000, 0x00000000833fff78, 0x0000000083400000| 99%| O|  |TAMS 0x0000000083300000| PB 0x0000000083300000| Untracked 
|  20|0x0000000083400000, 0x00000000834ffff0, 0x0000000083500000| 99%| O|  |TAMS 0x0000000083400000| PB 0x0000000083400000| Untracked 
|  21|0x0000000083500000, 0x00000000835fffb8, 0x0000000083600000| 99%| O|  |TAMS 0x0000000083500000| PB 0x0000000083500000| Untracked 
|  22|0x0000000083600000, 0x00000000836fffc0, 0x0000000083700000| 99%| O|  |TAMS 0x0000000083600000| PB 0x0000000083600000| Untracked 
|  23|0x0000000083700000, 0x00000000837ffff0, 0x0000000083800000| 99%| O|  |TAMS 0x0000000083700000| PB 0x0000000083700000| Untracked 
|  24|0x0000000083800000, 0x00000000838fffb8, 0x0000000083900000| 99%| O|  |TAMS 0x0000000083800000| PB 0x0000000083800000| Untracked 
|  25|0x0000000083900000, 0x00000000839ffff0, 0x0000000083a00000| 99%| O|  |TAMS 0x0000000083900000| PB 0x0000000083900000| Untracked 
|  26|0x0000000083a00000, 0x0000000083afffc0, 0x0000000083b00000| 99%| O|  |TAMS 0x0000000083a00000| PB 0x0000000083a00000| Untracked 
|  27|0x0000000083b00000, 0x0000000083bfffd8, 0x0000000083c00000| 99%| O|  |TAMS 0x0000000083b00000| PB 0x0000000083b00000| Untracked 
|  28|0x0000000083c00000, 0x0000000083cffff0, 0x0000000083d00000| 99%| O|  |TAMS 0x0000000083c00000| PB 0x0000000083c00000| Untracked 
|  29|0x0000000083d00000, 0x0000000083dff838, 0x0000000083e00000| 99%| O|  |TAMS 0x0000000083d00000| PB 0x0000000083d00000| Untracked 
|  30|0x0000000083e00000, 0x0000000083efc238, 0x0000000083f00000| 98%| O|  |TAMS 0x0000000083e00000| PB 0x0000000083e00000| Untracked 
|  31|0x0000000083f00000, 0x0000000083ffffe8, 0x0000000084000000| 99%| O|  |TAMS 0x0000000083f00000| PB 0x0000000083f00000| Untracked 
|  32|0x0000000084000000, 0x00000000840ffff8, 0x0000000084100000| 99%| O|  |TAMS 0x0000000084000000| PB 0x0000000084000000| Untracked 
|  33|0x0000000084100000, 0x0000000084100000, 0x0000000084200000|  0%| F|  |TAMS 0x0000000084100000| PB 0x0000000084100000| Untracked 
|  34|0x0000000084200000, 0x000000008423b240, 0x0000000084300000| 23%| O|  |TAMS 0x0000000084200000| PB 0x0000000084200000| Untracked 
|  35|0x0000000084300000, 0x000000008432f1e0, 0x0000000084400000| 18%| O|  |TAMS 0x0000000084300000| PB 0x0000000084300000| Untracked 
|  36|0x0000000084400000, 0x000000008442f400, 0x0000000084500000| 18%| O|  |TAMS 0x0000000084400000| PB 0x0000000084400000| Untracked 
|  37|0x0000000084500000, 0x0000000084500000, 0x0000000084600000|  0%| F|  |TAMS 0x0000000084500000| PB 0x0000000084500000| Untracked 
|  38|0x0000000084600000, 0x0000000084600000, 0x0000000084700000|  0%| F|  |TAMS 0x0000000084600000| PB 0x0000000084600000| Untracked 
|  39|0x0000000084700000, 0x0000000084700000, 0x0000000084800000|  0%| F|  |TAMS 0x0000000084700000| PB 0x0000000084700000| Untracked 
|  40|0x0000000084800000, 0x0000000084800000, 0x0000000084900000|  0%| F|  |TAMS 0x0000000084800000| PB 0x0000000084800000| Untracked 
|  41|0x0000000084900000, 0x0000000084900000, 0x0000000084a00000|  0%| F|  |TAMS 0x0000000084900000| PB 0x0000000084900000| Untracked 
|  42|0x0000000084a00000, 0x0000000084a00000, 0x0000000084b00000|  0%| F|  |TAMS 0x0000000084a00000| PB 0x0000000084a00000| Untracked 
|  43|0x0000000084b00000, 0x0000000084c00000, 0x0000000084c00000|100%| S|CS|TAMS 0x0000000084b00000| PB 0x0000000084b00000| Complete 
|  44|0x0000000084c00000, 0x0000000084d00000, 0x0000000084d00000|100%| S|CS|TAMS 0x0000000084c00000| PB 0x0000000084c00000| Complete 
|  45|0x0000000084d00000, 0x0000000084e00000, 0x0000000084e00000|100%| S|CS|TAMS 0x0000000084d00000| PB 0x0000000084d00000| Complete 
|  46|0x0000000084e00000, 0x0000000084f00000, 0x0000000084f00000|100%| S|CS|TAMS 0x0000000084e00000| PB 0x0000000084e00000| Complete 
|  47|0x0000000084f00000, 0x0000000085000000, 0x0000000085000000|100%| S|CS|TAMS 0x0000000084f00000| PB 0x0000000084f00000| Complete 
|  48|0x0000000085000000, 0x0000000085100000, 0x0000000085100000|100%| S|CS|TAMS 0x0000000085000000| PB 0x0000000085000000| Complete 
|  49|0x0000000085100000, 0x0000000085100000, 0x0000000085200000|  0%| F|  |TAMS 0x0000000085100000| PB 0x0000000085100000| Untracked 
|  50|0x0000000085200000, 0x0000000085200000, 0x0000000085300000|  0%| F|  |TAMS 0x0000000085200000| PB 0x0000000085200000| Untracked 
|  51|0x0000000085300000, 0x0000000085300000, 0x0000000085400000|  0%| F|  |TAMS 0x0000000085300000| PB 0x0000000085300000| Untracked 
|  52|0x0000000085400000, 0x0000000085400000, 0x0000000085500000|  0%| F|  |TAMS 0x0000000085400000| PB 0x0000000085400000| Untracked 
|  53|0x0000000085500000, 0x0000000085500000, 0x0000000085600000|  0%| F|  |TAMS 0x0000000085500000| PB 0x0000000085500000| Untracked 
|  54|0x0000000085600000, 0x0000000085600000, 0x0000000085700000|  0%| F|  |TAMS 0x0000000085600000| PB 0x0000000085600000| Untracked 
|  55|0x0000000085700000, 0x0000000085700000, 0x0000000085800000|  0%| F|  |TAMS 0x0000000085700000| PB 0x0000000085700000| Untracked 
|  56|0x0000000085800000, 0x0000000085800000, 0x0000000085900000|  0%| F|  |TAMS 0x0000000085800000| PB 0x0000000085800000| Untracked 
|  57|0x0000000085900000, 0x0000000085900000, 0x0000000085a00000|  0%| F|  |TAMS 0x0000000085900000| PB 0x0000000085900000| Untracked 
|  58|0x0000000085a00000, 0x0000000085a00000, 0x0000000085b00000|  0%| F|  |TAMS 0x0000000085a00000| PB 0x0000000085a00000| Untracked 
|  59|0x0000000085b00000, 0x0000000085b00000, 0x0000000085c00000|  0%| F|  |TAMS 0x0000000085b00000| PB 0x0000000085b00000| Untracked 
|  60|0x0000000085c00000, 0x0000000085c00000, 0x0000000085d00000|  0%| F|  |TAMS 0x0000000085c00000| PB 0x0000000085c00000| Untracked 
|  61|0x0000000085d00000, 0x0000000085d00000, 0x0000000085e00000|  0%| F|  |TAMS 0x0000000085d00000| PB 0x0000000085d00000| Untracked 
|  62|0x0000000085e00000, 0x0000000085e00000, 0x0000000085f00000|  0%| F|  |TAMS 0x0000000085e00000| PB 0x0000000085e00000| Untracked 
|  63|0x0000000085f00000, 0x0000000085f00000, 0x0000000086000000|  0%| F|  |TAMS 0x0000000085f00000| PB 0x0000000085f00000| Untracked 
|  64|0x0000000086000000, 0x0000000086000000, 0x0000000086100000|  0%| F|  |TAMS 0x0000000086000000| PB 0x0000000086000000| Untracked 
|  65|0x0000000086100000, 0x0000000086100000, 0x0000000086200000|  0%| F|  |TAMS 0x0000000086100000| PB 0x0000000086100000| Untracked 
|  66|0x0000000086200000, 0x0000000086200000, 0x0000000086300000|  0%| F|  |TAMS 0x0000000086200000| PB 0x0000000086200000| Untracked 
|  67|0x0000000086300000, 0x0000000086300000, 0x0000000086400000|  0%| F|  |TAMS 0x0000000086300000| PB 0x0000000086300000| Untracked 
|  68|0x0000000086400000, 0x0000000086400000, 0x0000000086500000|  0%| F|  |TAMS 0x0000000086400000| PB 0x0000000086400000| Untracked 
|  69|0x0000000086500000, 0x0000000086500000, 0x0000000086600000|  0%| F|  |TAMS 0x0000000086500000| PB 0x0000000086500000| Untracked 
|  70|0x0000000086600000, 0x0000000086600000, 0x0000000086700000|  0%| F|  |TAMS 0x0000000086600000| PB 0x0000000086600000| Untracked 
|  71|0x0000000086700000, 0x0000000086700000, 0x0000000086800000|  0%| F|  |TAMS 0x0000000086700000| PB 0x0000000086700000| Untracked 
|  72|0x0000000086800000, 0x0000000086800000, 0x0000000086900000|  0%| F|  |TAMS 0x0000000086800000| PB 0x0000000086800000| Untracked 
|  73|0x0000000086900000, 0x0000000086900000, 0x0000000086a00000|  0%| F|  |TAMS 0x0000000086900000| PB 0x0000000086900000| Untracked 
|  74|0x0000000086a00000, 0x0000000086a00000, 0x0000000086b00000|  0%| F|  |TAMS 0x0000000086a00000| PB 0x0000000086a00000| Untracked 
|  75|0x0000000086b00000, 0x0000000086b00000, 0x0000000086c00000|  0%| F|  |TAMS 0x0000000086b00000| PB 0x0000000086b00000| Untracked 
|  76|0x0000000086c00000, 0x0000000086c00000, 0x0000000086d00000|  0%| F|  |TAMS 0x0000000086c00000| PB 0x0000000086c00000| Untracked 
|  77|0x0000000086d00000, 0x0000000086d00000, 0x0000000086e00000|  0%| F|  |TAMS 0x0000000086d00000| PB 0x0000000086d00000| Untracked 
|  78|0x0000000086e00000, 0x0000000086e00000, 0x0000000086f00000|  0%| F|  |TAMS 0x0000000086e00000| PB 0x0000000086e00000| Untracked 
|  79|0x0000000086f00000, 0x0000000086f00000, 0x0000000087000000|  0%| F|  |TAMS 0x0000000086f00000| PB 0x0000000086f00000| Untracked 
|  80|0x0000000087000000, 0x0000000087000000, 0x0000000087100000|  0%| F|  |TAMS 0x0000000087000000| PB 0x0000000087000000| Untracked 
|  81|0x0000000087100000, 0x0000000087100000, 0x0000000087200000|  0%| F|  |TAMS 0x0000000087100000| PB 0x0000000087100000| Untracked 
|  82|0x0000000087200000, 0x0000000087200000, 0x0000000087300000|  0%| F|  |TAMS 0x0000000087200000| PB 0x0000000087200000| Untracked 
|  83|0x0000000087300000, 0x0000000087300000, 0x0000000087400000|  0%| F|  |TAMS 0x0000000087300000| PB 0x0000000087300000| Untracked 
|  84|0x0000000087400000, 0x0000000087400000, 0x0000000087500000|  0%| F|  |TAMS 0x0000000087400000| PB 0x0000000087400000| Untracked 
|  85|0x0000000087500000, 0x0000000087500000, 0x0000000087600000|  0%| F|  |TAMS 0x0000000087500000| PB 0x0000000087500000| Untracked 
|  86|0x0000000087600000, 0x0000000087600000, 0x0000000087700000|  0%| F|  |TAMS 0x0000000087600000| PB 0x0000000087600000| Untracked 
|  87|0x0000000087700000, 0x0000000087700000, 0x0000000087800000|  0%| F|  |TAMS 0x0000000087700000| PB 0x0000000087700000| Untracked 
|  88|0x0000000087800000, 0x0000000087800000, 0x0000000087900000|  0%| F|  |TAMS 0x0000000087800000| PB 0x0000000087800000| Untracked 
|  89|0x0000000087900000, 0x0000000087900000, 0x0000000087a00000|  0%| F|  |TAMS 0x0000000087900000| PB 0x0000000087900000| Untracked 
|  90|0x0000000087a00000, 0x0000000087a00000, 0x0000000087b00000|  0%| F|  |TAMS 0x0000000087a00000| PB 0x0000000087a00000| Untracked 
|  91|0x0000000087b00000, 0x0000000087b00000, 0x0000000087c00000|  0%| F|  |TAMS 0x0000000087b00000| PB 0x0000000087b00000| Untracked 
|  92|0x0000000087c00000, 0x0000000087c00000, 0x0000000087d00000|  0%| F|  |TAMS 0x0000000087c00000| PB 0x0000000087c00000| Untracked 
|  93|0x0000000087d00000, 0x0000000087d00000, 0x0000000087e00000|  0%| F|  |TAMS 0x0000000087d00000| PB 0x0000000087d00000| Untracked 
|  94|0x0000000087e00000, 0x0000000087e00000, 0x0000000087f00000|  0%| F|  |TAMS 0x0000000087e00000| PB 0x0000000087e00000| Untracked 
|  95|0x0000000087f00000, 0x0000000087f00000, 0x0000000088000000|  0%| F|  |TAMS 0x0000000087f00000| PB 0x0000000087f00000| Untracked 
|  96|0x0000000088000000, 0x0000000088000000, 0x0000000088100000|  0%| F|  |TAMS 0x0000000088000000| PB 0x0000000088000000| Untracked 
|  97|0x0000000088100000, 0x0000000088100000, 0x0000000088200000|  0%| F|  |TAMS 0x0000000088100000| PB 0x0000000088100000| Untracked 
|  98|0x0000000088200000, 0x0000000088200000, 0x0000000088300000|  0%| F|  |TAMS 0x0000000088200000| PB 0x0000000088200000| Untracked 
|  99|0x0000000088300000, 0x000000008830a7e0, 0x0000000088400000|  4%| E|  |TAMS 0x0000000088300000| PB 0x0000000088300000| Complete 
| 100|0x0000000088400000, 0x0000000088500000, 0x0000000088500000|100%| E|CS|TAMS 0x0000000088400000| PB 0x0000000088400000| Complete 
| 101|0x0000000088500000, 0x0000000088600000, 0x0000000088600000|100%| E|CS|TAMS 0x0000000088500000| PB 0x0000000088500000| Complete 
| 102|0x0000000088600000, 0x0000000088700000, 0x0000000088700000|100%| E|CS|TAMS 0x0000000088600000| PB 0x0000000088600000| Complete 
| 103|0x0000000088700000, 0x0000000088800000, 0x0000000088800000|100%| E|CS|TAMS 0x0000000088700000| PB 0x0000000088700000| Complete 
| 104|0x0000000088800000, 0x0000000088900000, 0x0000000088900000|100%| E|CS|TAMS 0x0000000088800000| PB 0x0000000088800000| Complete 
| 105|0x0000000088900000, 0x0000000088a00000, 0x0000000088a00000|100%| E|CS|TAMS 0x0000000088900000| PB 0x0000000088900000| Complete 
| 106|0x0000000088a00000, 0x0000000088b00000, 0x0000000088b00000|100%| E|CS|TAMS 0x0000000088a00000| PB 0x0000000088a00000| Complete 
| 107|0x0000000088b00000, 0x0000000088c00000, 0x0000000088c00000|100%| E|CS|TAMS 0x0000000088b00000| PB 0x0000000088b00000| Complete 
| 125|0x0000000089d00000, 0x0000000089e00000, 0x0000000089e00000|100%| E|CS|TAMS 0x0000000089d00000| PB 0x0000000089d00000| Complete 

Card table byte_map: [0x0000029c32cf0000,0x0000029c330e0000] _byte_map_base: 0x0000029c328e0000

Marking Bits: (CMBitMap*) 0x0000029c1b5036f0
 Bits: [0x0000029c330e0000, 0x0000029c35060000)

Polling page: 0x0000029c1ac70000

Metaspace:

Usage:
  Non-class:     79.90 MB used.
      Class:     11.97 MB used.
       Both:     91.87 MB used.

Virtual space:
  Non-class space:      128.00 MB reserved,      80.38 MB ( 63%) committed,  2 nodes.
      Class space:        1.00 GB reserved,      12.44 MB (  1%) committed,  1 nodes.
             Both:        1.12 GB reserved,      92.81 MB (  8%) committed. 

Chunk freelists:
   Non-Class:  14.82 MB
       Class:  3.42 MB
        Both:  18.24 MB

MaxMetaspaceSize: unlimited
CompressedClassSpaceSize: 1.00 GB
Initial GC threshold: 21.00 MB
Current GC threshold: 152.31 MB
CDS: on
 - commit_granule_bytes: 65536.
 - commit_granule_words: 8192.
 - virtual_space_node_default_size: 8388608.
 - enlarge_chunks_in_place: 1.
 - use_allocation_guard: 0.


Internal statistics:

num_allocs_failed_limit: 12.
num_arena_births: 1390.
num_arena_deaths: 30.
num_vsnodes_births: 3.
num_vsnodes_deaths: 0.
num_space_committed: 1485.
num_space_uncommitted: 0.
num_chunks_returned_to_freelist: 55.
num_chunks_taken_from_freelist: 5029.
num_chunk_merges: 16.
num_chunk_splits: 3442.
num_chunks_enlarged: 2529.
num_inconsistent_stats: 0.

CodeHeap 'non-profiled nmethods': size=120000Kb used=7111Kb max_used=7111Kb free=112888Kb
 bounds [0x0000029c2b3d0000, 0x0000029c2bad0000, 0x0000029c32900000]
CodeHeap 'profiled nmethods': size=120000Kb used=18777Kb max_used=18777Kb free=101222Kb
 bounds [0x0000029c23900000, 0x0000029c24b70000, 0x0000029c2ae30000]
CodeHeap 'non-nmethods': size=5760Kb used=1779Kb max_used=1872Kb free=3980Kb
 bounds [0x0000029c2ae30000, 0x0000029c2b0a0000, 0x0000029c2b3d0000]
 total_blobs=9959 nmethods=9174 adapters=688
 compilation: enabled
              stopped_count=0, restarted_count=0
 full_count=0

Compilation events (20 events):
Event: 1824.306 Thread 0x0000029c3753f6a0 nmethod 16390 0x0000029c24b5db10 code [0x0000029c24b5dce0, 0x0000029c24b5e130]
Event: 1824.308 Thread 0x0000029c3753f6a0 16391       3       java.lang.Math::floorMod (8 bytes)
Event: 1824.308 Thread 0x0000029c3753f6a0 nmethod 16391 0x0000029c243b1090 code [0x0000029c243b1240, 0x0000029c243b1358]
Event: 1824.308 Thread 0x0000029c3753f6a0 16392       3       org.hibernate.query.internal.ParameterMetadataImpl::getRegistrations (13 bytes)
Event: 1824.309 Thread 0x0000029c3753f6a0 nmethod 16392 0x0000029c24b5e210 code [0x0000029c24b5e420, 0x0000029c24b5ea70]
Event: 1824.310 Thread 0x0000029c3753f6a0 16393       3       org.hibernate.sql.results.jdbc.internal.JdbcValuesResultSetImpl::determineResultCountEstimate (48 bytes)
Event: 1824.311 Thread 0x0000029c3753f6a0 nmethod 16393 0x0000029c24b5ec90 code [0x0000029c24b5ee80, 0x0000029c24b5f368]
Event: 1824.311 Thread 0x0000029c3753f6a0 16394       3       java.util.Arrays::copyOf (33 bytes)
Event: 1824.311 Thread 0x0000029c3753f6a0 nmethod 16394 0x0000029c24b5f510 code [0x0000029c24b5f700, 0x0000029c24b5fbf8]
Event: 1824.311 Thread 0x0000029c3753f6a0 16395       3       org.hibernate.internal.util.ImmutableBitSet::valueOf (25 bytes)
Event: 1824.311 Thread 0x0000029c3753f6a0 nmethod 16395 0x0000029c24b5fd90 code [0x0000029c24b5ff60, 0x0000029c24b602d0]
Event: 1824.311 Thread 0x0000029c3753f6a0 16396       3       java.util.BitSet::toLongArray (12 bytes)
Event: 1824.311 Thread 0x0000029c3753f6a0 nmethod 16396 0x0000029c243b1b90 code [0x0000029c243b1d40, 0x0000029c243b1e88]
Event: 1824.314 Thread 0x0000029c3753a440 nmethod 16383 0x0000029c2baac490 code [0x0000029c2baac7c0, 0x0000029c2baad958]
Event: 1824.314 Thread 0x0000029c3753a440 16384       4       org.springframework.context.event.EventListenerMethodProcessor$$Lambda/0x0000029c39add2f0::inspect (5 bytes)
Event: 1824.325 Thread 0x0000029c3753a440 nmethod 16384 0x0000029c2baae910 code [0x0000029c2baaeb80, 0x0000029c2baaf4d0]
Event: 1824.325 Thread 0x0000029c3753a440 16385       4       jdk.internal.misc.Unsafe::weakCompareAndSetLong (11 bytes)
Event: 1824.325 Thread 0x0000029c3753a440 nmethod 16385 0x0000029c2baafd90 code [0x0000029c2baaff20, 0x0000029c2baaffc0]
Event: 1824.495 Thread 0x0000029c00f104d0 nmethod 16189 0x0000029c2bab0090 code [0x0000029c2bab0d80, 0x0000029c2babadd0]
Event: 1844.648 Thread 0x0000029c3753a440 16397       4       java.util.AbstractCollection::containsAll (38 bytes)

GC Heap History (20 events):
Event: 1546.332 GC heap before
{Heap before GC invocations=40 (full 1):
 garbage-first heap   total 70656K, used 61306K [0x0000000082000000, 0x0000000100000000)
  region size 1024K, 25 young (25600K), 2 survivors (2048K)
 Metaspace       used 90290K, committed 91200K, reserved 1179648K
  class space    used 12066K, committed 12480K, reserved 1048576K
}
Event: 1546.337 GC heap after
{Heap after GC invocations=41 (full 1):
 garbage-first heap   total 70656K, used 40494K [0x0000000082000000, 0x0000000100000000)
  region size 1024K, 4 young (4096K), 4 survivors (4096K)
 Metaspace       used 90290K, committed 91200K, reserved 1179648K
  class space    used 12066K, committed 12480K, reserved 1048576K
}
Event: 1547.200 GC heap before
{Heap before GC invocations=42 (full 1):
 garbage-first heap   total 75776K, used 58926K [0x0000000082000000, 0x0000000100000000)
  region size 1024K, 22 young (22528K), 4 survivors (4096K)
 Metaspace       used 91056K, committed 91968K, reserved 1179648K
  class space    used 12101K, committed 12544K, reserved 1048576K
}
Event: 1547.217 GC heap after
{Heap after GC invocations=43 (full 1):
 garbage-first heap   total 75776K, used 41545K [0x0000000082000000, 0x0000000100000000)
  region size 1024K, 2 young (2048K), 2 survivors (2048K)
 Metaspace       used 91056K, committed 91968K, reserved 1179648K
  class space    used 12101K, committed 12544K, reserved 1048576K
}
Event: 1588.515 GC heap before
{Heap before GC invocations=43 (full 1):
 garbage-first heap   total 75776K, used 66121K [0x0000000082000000, 0x0000000100000000)
  region size 1024K, 26 young (26624K), 2 survivors (2048K)
 Metaspace       used 91123K, committed 92032K, reserved 1179648K
  class space    used 12103K, committed 12544K, reserved 1048576K
}
Event: 1588.548 GC heap after
{Heap after GC invocations=44 (full 1):
 garbage-first heap   total 75776K, used 42350K [0x0000000082000000, 0x0000000100000000)
  region size 1024K, 2 young (2048K), 2 survivors (2048K)
 Metaspace       used 91123K, committed 92032K, reserved 1179648K
  class space    used 12103K, committed 12544K, reserved 1048576K
}
Event: 1589.813 GC heap before
{Heap before GC invocations=44 (full 1):
 garbage-first heap   total 75776K, used 43374K [0x0000000082000000, 0x0000000100000000)
  region size 1024K, 4 young (4096K), 2 survivors (2048K)
 Metaspace       used 91134K, committed 92032K, reserved 1179648K
  class space    used 12104K, committed 12544K, reserved 1048576K
}
Event: 1589.930 GC heap after
{Heap after GC invocations=45 (full 2):
 garbage-first heap   total 75776K, used 33742K [0x0000000082000000, 0x0000000100000000)
  region size 1024K, 0 young (0K), 0 survivors (0K)
 Metaspace       used 91120K, committed 92032K, reserved 1179648K
  class space    used 12102K, committed 12544K, reserved 1048576K
}
Event: 1590.614 GC heap before
{Heap before GC invocations=45 (full 2):
 garbage-first heap   total 75776K, used 65486K [0x0000000082000000, 0x0000000100000000)
  region size 1024K, 32 young (32768K), 0 survivors (0K)
 Metaspace       used 91347K, committed 92224K, reserved 1179648K
  class space    used 12125K, committed 12544K, reserved 1048576K
}
Event: 1590.738 GC heap after
{Heap after GC invocations=46 (full 2):
 garbage-first heap   total 111616K, used 37133K [0x0000000082000000, 0x0000000100000000)
  region size 1024K, 4 young (4096K), 4 survivors (4096K)
 Metaspace       used 91347K, committed 92224K, reserved 1179648K
  class space    used 12125K, committed 12544K, reserved 1048576K
}
Event: 1592.933 GC heap before
{Heap before GC invocations=47 (full 2):
 garbage-first heap   total 111616K, used 92429K [0x0000000082000000, 0x0000000100000000)
  region size 1024K, 59 young (60416K), 4 survivors (4096K)
 Metaspace       used 92556K, committed 93440K, reserved 1179648K
  class space    used 12175K, committed 12608K, reserved 1048576K
}
Event: 1592.939 GC heap after
{Heap after GC invocations=48 (full 2):
 garbage-first heap   total 111616K, used 40702K [0x0000000082000000, 0x0000000100000000)
  region size 1024K, 7 young (7168K), 7 survivors (7168K)
 Metaspace       used 92556K, committed 93440K, reserved 1179648K
  class space    used 12175K, committed 12608K, reserved 1048576K
}
Event: 1771.042 GC heap before
{Heap before GC invocations=48 (full 2):
 garbage-first heap   total 111616K, used 82686K [0x0000000082000000, 0x0000000100000000)
  region size 1024K, 49 young (50176K), 7 survivors (7168K)
 Metaspace       used 92578K, committed 93568K, reserved 1179648K
  class space    used 12176K, committed 12608K, reserved 1048576K
}
Event: 1771.129 GC heap after
{Heap after GC invocations=49 (full 3):
 garbage-first heap   total 111616K, used 34342K [0x0000000082000000, 0x0000000100000000)
  region size 1024K, 0 young (0K), 0 survivors (0K)
 Metaspace       used 92562K, committed 93568K, reserved 1179648K
  class space    used 12174K, committed 12608K, reserved 1048576K
}
Event: 1813.927 GC heap before
{Heap before GC invocations=49 (full 3):
 garbage-first heap   total 111616K, used 95782K [0x0000000082000000, 0x0000000100000000)
  region size 1024K, 60 young (61440K), 0 survivors (0K)
 Metaspace       used 92760K, committed 93696K, reserved 1179648K
  class space    used 12187K, committed 12608K, reserved 1048576K
}
Event: 1813.934 GC heap after
{Heap after GC invocations=50 (full 3):
 garbage-first heap   total 111616K, used 39735K [0x0000000082000000, 0x0000000100000000)
  region size 1024K, 6 young (6144K), 6 survivors (6144K)
 Metaspace       used 92760K, committed 93696K, reserved 1179648K
  class space    used 12187K, committed 12608K, reserved 1048576K
}
Event: 1819.534 GC heap before
{Heap before GC invocations=51 (full 3):
 garbage-first heap   total 111616K, used 94007K [0x0000000082000000, 0x0000000100000000)
  region size 1024K, 60 young (61440K), 6 survivors (6144K)
 Metaspace       used 93023K, committed 94016K, reserved 1179648K
  class space    used 12208K, committed 12672K, reserved 1048576K
}
Event: 1819.538 GC heap after
{Heap after GC invocations=52 (full 3):
 garbage-first heap   total 111616K, used 38556K [0x0000000082000000, 0x0000000100000000)
  region size 1024K, 4 young (4096K), 4 survivors (4096K)
 Metaspace       used 93023K, committed 94016K, reserved 1179648K
  class space    used 12208K, committed 12672K, reserved 1048576K
}
Event: 1824.290 GC heap before
{Heap before GC invocations=52 (full 3):
 garbage-first heap   total 111616K, used 94876K [0x0000000082000000, 0x0000000100000000)
  region size 1024K, 60 young (61440K), 4 survivors (4096K)
 Metaspace       used 94068K, committed 95040K, reserved 1179648K
  class space    used 12258K, committed 12736K, reserved 1048576K
}
Event: 1824.296 GC heap after
{Heap after GC invocations=53 (full 3):
 garbage-first heap   total 111616K, used 40505K [0x0000000082000000, 0x0000000100000000)
  region size 1024K, 6 young (6144K), 6 survivors (6144K)
 Metaspace       used 94068K, committed 95040K, reserved 1179648K
  class space    used 12258K, committed 12736K, reserved 1048576K
}

Dll operation events (11 events):
Event: 0.005 Loaded shared library C:\Users\Usser\.jdks\openjdk-21.0.2\bin\java.dll
Event: 0.034 Loaded shared library C:\Users\Usser\.jdks\openjdk-21.0.2\bin\jsvml.dll
Event: 0.119 Loaded shared library C:\Users\Usser\.jdks\openjdk-21.0.2\bin\net.dll
Event: 0.120 Loaded shared library C:\Users\Usser\.jdks\openjdk-21.0.2\bin\nio.dll
Event: 0.124 Loaded shared library C:\Users\Usser\.jdks\openjdk-21.0.2\bin\zip.dll
Event: 0.378 Loaded shared library C:\Users\Usser\.jdks\openjdk-21.0.2\bin\jimage.dll
Event: 0.790 Loaded shared library C:\Users\Usser\.jdks\openjdk-21.0.2\bin\management.dll
Event: 0.806 Loaded shared library C:\Users\Usser\.jdks\openjdk-21.0.2\bin\management_ext.dll
Event: 2.018 Loaded shared library C:\Users\Usser\.jdks\openjdk-21.0.2\bin\sunmscapi.dll
Event: 5.705 Loaded shared library C:\Users\Usser\.jdks\openjdk-21.0.2\bin\verify.dll
Event: 6.395 Loaded shared library C:\Users\Usser\.jdks\openjdk-21.0.2\bin\extnet.dll

Deoptimization events (20 events):
Event: 1819.770 Thread 0x0000029c00ebc6c0 Uncommon trap: trap_request=0xffffffd6 fr.pc=0x0000029c2b47caac relative=0x00000000000004cc
Event: 1819.770 Thread 0x0000029c00ebc6c0 Uncommon trap: reason=array_check action=maybe_recompile pc=0x0000029c2b47caac method=java.util.LinkedHashMap.valuesToArray([Ljava/lang/Object;Z)[Ljava/lang/Object; @ 67 c2
Event: 1819.770 Thread 0x0000029c00ebc6c0 DEOPT PACKING pc=0x0000029c2b47caac sp=0x000000fd07dfdbc0
Event: 1819.770 Thread 0x0000029c00ebc6c0 DEOPT UNPACKING pc=0x0000029c2ae846a2 sp=0x000000fd07dfdaf8 mode 2
Event: 1819.770 Thread 0x0000029c00ebc6c0 Uncommon trap: trap_request=0xffffffd6 fr.pc=0x0000029c2b47caac relative=0x00000000000004cc
Event: 1819.770 Thread 0x0000029c00ebc6c0 Uncommon trap: reason=array_check action=maybe_recompile pc=0x0000029c2b47caac method=java.util.LinkedHashMap.valuesToArray([Ljava/lang/Object;Z)[Ljava/lang/Object; @ 67 c2
Event: 1819.770 Thread 0x0000029c00ebc6c0 DEOPT PACKING pc=0x0000029c2b47caac sp=0x000000fd07dfdae0
Event: 1819.770 Thread 0x0000029c00ebc6c0 DEOPT UNPACKING pc=0x0000029c2ae846a2 sp=0x000000fd07dfda18 mode 2
Event: 1819.770 Thread 0x0000029c00ebc6c0 Uncommon trap: trap_request=0xffffffd6 fr.pc=0x0000029c2b47caac relative=0x00000000000004cc
Event: 1819.770 Thread 0x0000029c00ebc6c0 Uncommon trap: reason=array_check action=maybe_recompile pc=0x0000029c2b47caac method=java.util.LinkedHashMap.valuesToArray([Ljava/lang/Object;Z)[Ljava/lang/Object; @ 67 c2
Event: 1819.770 Thread 0x0000029c00ebc6c0 DEOPT PACKING pc=0x0000029c2b47caac sp=0x000000fd07dfdae0
Event: 1819.770 Thread 0x0000029c00ebc6c0 DEOPT UNPACKING pc=0x0000029c2ae846a2 sp=0x000000fd07dfda18 mode 2
Event: 1819.883 Thread 0x0000029c00ebac80 DEOPT PACKING pc=0x0000029c24156033 sp=0x000000fd083fdac0
Event: 1819.883 Thread 0x0000029c00ebac80 DEOPT UNPACKING pc=0x0000029c2ae84e42 sp=0x000000fd083fcf30 mode 0
Event: 1820.533 Thread 0x0000029c00ebac80 DEOPT PACKING pc=0x0000029c23985f78 sp=0x000000fd083fdb70
Event: 1820.533 Thread 0x0000029c00ebac80 DEOPT UNPACKING pc=0x0000029c2ae84e42 sp=0x000000fd083fcff0 mode 0
Event: 1823.895 Thread 0x0000029c00ebc6c0 DEOPT PACKING pc=0x0000029c2490a674 sp=0x000000fd07dfa7b0
Event: 1823.895 Thread 0x0000029c00ebc6c0 DEOPT UNPACKING pc=0x0000029c2ae84e42 sp=0x000000fd07df9e98 mode 0
Event: 1831.097 Thread 0x0000029c00eb8520 DEOPT PACKING pc=0x0000029c23b05d6f sp=0x000000fd07cff210
Event: 1831.097 Thread 0x0000029c00eb8520 DEOPT UNPACKING pc=0x0000029c2ae84e42 sp=0x000000fd07cfe698 mode 0

Classes loaded (20 events):
Event: 1536.484 Loading class java/io/ObjectInputStream$HandleTable$HandleList
Event: 1536.485 Loading class java/io/ObjectInputStream$HandleTable$HandleList done
Event: 1536.485 Loading class java/io/ObjectInputStream$ValidationList
Event: 1536.485 Loading class java/io/ObjectInputStream$ValidationList done
Event: 1536.485 Loading class java/io/ObjectInputFilter$Config
Event: 1536.485 Loading class java/io/ObjectInputFilter$Config done
Event: 1536.485 Loading class java/io/ObjectInputFilter
Event: 1536.486 Loading class java/io/ObjectInputFilter done
Event: 1536.487 Loading class java/io/ObjectInputFilter$Config$BuiltinFilterFactory
Event: 1536.487 Loading class java/io/ObjectInputFilter$Config$BuiltinFilterFactory done
Event: 1536.487 Loading class jdk/internal/access/JavaObjectInputFilterAccess
Event: 1536.487 Loading class jdk/internal/access/JavaObjectInputFilterAccess done
Event: 1536.488 Loading class jdk/internal/event/DeserializationEvent
Event: 1536.502 Loading class jdk/internal/event/DeserializationEvent done
Event: 1536.502 Loading class java/io/ObjectInputStream$FieldValues
Event: 1536.503 Loading class java/io/ObjectInputStream$GetField
Event: 1536.503 Loading class java/io/ObjectInputStream$GetField done
Event: 1536.503 Loading class java/io/ObjectInputStream$FieldValues done
Event: 1589.725 Loading class sun/net/ConnectionResetException
Event: 1589.740 Loading class sun/net/ConnectionResetException done

Classes unloaded (15 events):
Event: 200.014 Thread 0x0000029c375094a0 Unloading class 0x0000029c39b64400 'java/lang/invoke/LambdaForm$DMH+0x0000029c39b64400'
Event: 200.014 Thread 0x0000029c375094a0 Unloading class 0x0000029c39a26400 'jdk/internal/reflect/GeneratedSerializationConstructorAccessor4'
Event: 200.014 Thread 0x0000029c375094a0 Unloading class 0x0000029c399c5400 'jdk/internal/reflect/GeneratedSerializationConstructorAccessor3'
Event: 200.014 Thread 0x0000029c375094a0 Unloading class 0x0000029c399c4c00 'jdk/internal/reflect/GeneratedSerializationConstructorAccessor2'
Event: 200.014 Thread 0x0000029c375094a0 Unloading class 0x0000029c399c4800 'jdk/internal/reflect/GeneratedSerializationConstructorAccessor1'
Event: 1546.429 Thread 0x0000029c375094a0 Unloading class 0x0000029c39c05000 'org/apache/catalina/loader/JdbcLeakPrevention'
Event: 1589.832 Thread 0x0000029c375094a0 Unloading class 0x0000029c39c25c00 'jdk/internal/reflect/GeneratedSerializationConstructorAccessor26'
Event: 1589.832 Thread 0x0000029c375094a0 Unloading class 0x0000029c39c19400 'jdk/internal/reflect/GeneratedSerializationConstructorAccessor25'
Event: 1589.832 Thread 0x0000029c375094a0 Unloading class 0x0000029c39c05400 'jdk/internal/reflect/GeneratedSerializationConstructorAccessor24'
Event: 1589.832 Thread 0x0000029c375094a0 Unloading class 0x0000029c39c05000 'jdk/internal/reflect/GeneratedSerializationConstructorAccessor23'
Event: 1771.066 Thread 0x0000029c375094a0 Unloading class 0x0000029c39c33400 'jdk/internal/reflect/GeneratedSerializationConstructorAccessor30'
Event: 1771.066 Thread 0x0000029c375094a0 Unloading class 0x0000029c39c30c00 'jdk/internal/reflect/GeneratedSerializationConstructorAccessor29'
Event: 1771.066 Thread 0x0000029c375094a0 Unloading class 0x0000029c39c30800 'jdk/internal/reflect/GeneratedSerializationConstructorAccessor28'
Event: 1771.066 Thread 0x0000029c375094a0 Unloading class 0x0000029c39c30400 'jdk/internal/reflect/GeneratedSerializationConstructorAccessor27'
Event: 1771.066 Thread 0x0000029c375094a0 Unloading class 0x0000029c39c26800 'org/apache/catalina/loader/JdbcLeakPrevention'

Classes redefined (0 events):
No events

Internal exceptions (20 events):
Event: 1813.989 Thread 0x0000029c00ebee20 Exception <a 'java/lang/NoClassDefFoundError'{0x0000000088bcf770}: org/flywaydb/core/Flyway> (0x0000000088bcf770) 
thrown [s\open\src\hotspot\share\oops\constantPool.cpp, line 871]
Event: 1813.989 Thread 0x0000029c00ebee20 Exception <a 'java/lang/NoClassDefFoundError'{0x0000000088bcfdd0}: liquibase/integration/spring/SpringLiquibase> (0x0000000088bcfdd0) 
thrown [s\open\src\hotspot\share\oops\constantPool.cpp, line 871]
Event: 1814.004 Thread 0x0000029c00ebee20 Exception <a 'java/lang/NoClassDefFoundError'{0x0000000088bed678}: org/springframework/batch/core/repository/JobRepository> (0x0000000088bed678) 
thrown [s\open\src\hotspot\share\oops\constantPool.cpp, line 871]
Event: 1814.004 Thread 0x0000029c00ebee20 Exception <a 'java/lang/NoClassDefFoundError'{0x0000000088bedcd0}: org/quartz/Scheduler> (0x0000000088bedcd0) 
thrown [s\open\src\hotspot\share\oops\constantPool.cpp, line 871]
Event: 1814.004 Thread 0x0000029c00ebee20 Exception <a 'java/lang/NoClassDefFoundError'{0x0000000088bee350}: org/springframework/session/jdbc/JdbcIndexedSessionRepository> (0x0000000088bee350) 
thrown [s\open\src\hotspot\share\oops\constantPool.cpp, line 871]
Event: 1814.042 Thread 0x0000029c00ebee20 Exception <a 'java/lang/NoClassDefFoundError'{0x0000000088a3e168}: org/jooq/DSLContext> (0x0000000088a3e168) 
thrown [s\open\src\hotspot\share\oops\constantPool.cpp, line 871]
Event: 1814.188 Thread 0x0000029c00ebee20 Exception <a 'java/io/FileNotFoundException'{0x00000000884fbef0}> (0x00000000884fbef0) 
thrown [s\open\src\hotspot\share\prims\jni.cpp, line 520]
Event: 1814.188 Thread 0x0000029c00ebee20 Exception <a 'java/io/FileNotFoundException'{0x00000000884fd2b8}> (0x00000000884fd2b8) 
thrown [s\open\src\hotspot\share\prims\jni.cpp, line 520]
Event: 1814.348 Thread 0x0000029c00ebc6c0 Exception <a 'java/lang/InterruptedException'{0x0000000088098e78}: sleep interrupted> (0x0000000088098e78) 
thrown [s\open\src\hotspot\share\prims\jvm.cpp, line 3074]
Event: 1814.351 Thread 0x0000029c00ebee20 Exception <a 'java/lang/NoClassDefFoundError'{0x00000000880d21f0}: jakarta/validation/ValidationException> (0x00000000880d21f0) 
thrown [s\open\src\hotspot\share\classfile\systemDictionary.cpp, line 301]
Event: 1814.351 Thread 0x0000029c00ebee20 Exception <a 'java/lang/NoClassDefFoundError'{0x00000000880d4300}: liquibase/exception/ChangeLogParseException> (0x00000000880d4300) 
thrown [s\open\src\hotspot\share\classfile\systemDictionary.cpp, line 301]
Event: 1817.634 Thread 0x0000029c00ebc6c0 Exception <a 'sun/nio/fs/WindowsException'{0x0000000087ece2c0}> (0x0000000087ece2c0) 
thrown [s\open\src\hotspot\share\prims\jni.cpp, line 520]
Event: 1819.002 Thread 0x0000029c00ebc6c0 Exception <a 'java/lang/NoClassDefFoundError'{0x000000008615efa8}: org/flywaydb/core/Flyway> (0x000000008615efa8) 
thrown [s\open\src\hotspot\share\oops\constantPool.cpp, line 871]
Event: 1819.002 Thread 0x0000029c00ebc6c0 Exception <a 'java/lang/NoClassDefFoundError'{0x000000008615f608}: liquibase/integration/spring/SpringLiquibase> (0x000000008615f608) 
thrown [s\open\src\hotspot\share\oops\constantPool.cpp, line 871]
Event: 1819.005 Thread 0x0000029c00ebc6c0 Exception <a 'java/lang/NoClassDefFoundError'{0x000000008617d1c0}: org/springframework/batch/core/repository/JobRepository> (0x000000008617d1c0) 
thrown [s\open\src\hotspot\share\oops\constantPool.cpp, line 871]
Event: 1819.005 Thread 0x0000029c00ebc6c0 Exception <a 'java/lang/NoClassDefFoundError'{0x000000008617d818}: org/quartz/Scheduler> (0x000000008617d818) 
thrown [s\open\src\hotspot\share\oops\constantPool.cpp, line 871]
Event: 1819.005 Thread 0x0000029c00ebc6c0 Exception <a 'java/lang/NoClassDefFoundError'{0x000000008617de98}: org/springframework/session/jdbc/JdbcIndexedSessionRepository> (0x000000008617de98) 
thrown [s\open\src\hotspot\share\oops\constantPool.cpp, line 871]
Event: 1819.010 Thread 0x0000029c00ebc6c0 Exception <a 'java/lang/NoClassDefFoundError'{0x00000000861cff90}: org/jooq/DSLContext> (0x00000000861cff90) 
thrown [s\open\src\hotspot\share\oops\constantPool.cpp, line 871]
Event: 1819.212 Thread 0x0000029c00ebc6c0 Exception <a 'java/io/FileNotFoundException'{0x0000000085a99fa0}> (0x0000000085a99fa0) 
thrown [s\open\src\hotspot\share\prims\jni.cpp, line 520]
Event: 1819.212 Thread 0x0000029c00ebc6c0 Exception <a 'java/io/FileNotFoundException'{0x0000000085a9b368}> (0x0000000085a9b368) 
thrown [s\open\src\hotspot\share\prims\jni.cpp, line 520]

ZGC Phase Switch (0 events):
No events

VM Operations (20 events):
Event: 1814.063 Executing VM operation: G1PauseCleanup
Event: 1814.064 Executing VM operation: G1PauseCleanup done
Event: 1815.073 Executing VM operation: Cleanup
Event: 1815.073 Executing VM operation: Cleanup done
Event: 1818.090 Executing VM operation: Cleanup
Event: 1818.090 Executing VM operation: Cleanup done
Event: 1819.101 Executing VM operation: Cleanup
Event: 1819.101 Executing VM operation: Cleanup done
Event: 1819.534 Executing VM operation: G1CollectForAllocation (G1 Evacuation Pause)
Event: 1819.543 Executing VM operation: G1CollectForAllocation (G1 Evacuation Pause) done
Event: 1820.557 Executing VM operation: Cleanup
Event: 1820.557 Executing VM operation: Cleanup done
Event: 1821.570 Executing VM operation: Cleanup
Event: 1821.570 Executing VM operation: Cleanup done
Event: 1824.290 Executing VM operation: G1CollectForAllocation (G1 Evacuation Pause)
Event: 1824.307 Executing VM operation: G1CollectForAllocation (G1 Evacuation Pause) done
Event: 1825.307 Executing VM operation: Cleanup
Event: 1825.308 Executing VM operation: Cleanup done
Event: 1826.320 Executing VM operation: Cleanup
Event: 1826.320 Executing VM operation: Cleanup done

Events (20 events):
Event: 1820.324 Thread 0x0000029c00f0fe00 Thread exited: 0x0000029c00f0fe00
Event: 1823.715 Thread 0x0000029c00f104d0 Thread added: 0x0000029c00f104d0
Event: 1824.278 Thread 0x0000029c00ebb310 Thread added: 0x0000029c00ebb310
Event: 1824.285 Thread 0x0000029c00ebc030 Thread added: 0x0000029c00ebc030
Event: 1824.286 Thread 0x0000029c00ebb9a0 Thread added: 0x0000029c00ebb9a0
Event: 1824.286 Thread 0x0000029c00ebcd50 Thread added: 0x0000029c00ebcd50
Event: 1824.286 Thread 0x0000029c7e6a2f00 Thread added: 0x0000029c7e6a2f00
Event: 1824.286 Thread 0x0000029c7e6a2870 Thread added: 0x0000029c7e6a2870
Event: 1824.286 Thread 0x0000029c7e6a0110 Thread added: 0x0000029c7e6a0110
Event: 1824.286 Thread 0x0000029c7e6a07a0 Thread added: 0x0000029c7e6a07a0
Event: 1824.287 Thread 0x0000029c7e6a14c0 Thread added: 0x0000029c7e6a14c0
Event: 1824.287 Thread 0x0000029c0710d910 Thread added: 0x0000029c0710d910
Event: 1824.287 Thread 0x0000029c0710bed0 Thread added: 0x0000029c0710bed0
Event: 1824.290 Thread 0x0000029c0710b1b0 Thread added: 0x0000029c0710b1b0
Event: 1824.290 Thread 0x0000029c0710b840 Thread added: 0x0000029c0710b840
Event: 1824.303 Thread 0x0000029c0710f350 Thread added: 0x0000029c0710f350
Event: 1824.306 Thread 0x0000029c00ebc6c0 Thread exited: 0x0000029c00ebc6c0
Event: 1824.306 Thread 0x0000029c00eba5f0 Thread exited: 0x0000029c00eba5f0
Event: 1825.574 Thread 0x0000029c00ebac80 Thread exited: 0x0000029c00ebac80
Event: 1829.511 Thread 0x0000029c00f104d0 Thread exited: 0x0000029c00f104d0


Dynamic libraries:
0x00007ff77acd0000 - 0x00007ff77acde000 	C:\Users\Usser\.jdks\openjdk-21.0.2\bin\java.exe
0x00007ffdeb170000 - 0x00007ffdeb368000 	C:\WINDOWS\SYSTEM32\ntdll.dll
0x00007ffde98b0000 - 0x00007ffde9972000 	C:\WINDOWS\System32\KERNEL32.DLL
0x00007ffde89a0000 - 0x00007ffde8c9f000 	C:\WINDOWS\System32\KERNELBASE.dll
0x00007ffde9040000 - 0x00007ffde9140000 	C:\WINDOWS\System32\ucrtbase.dll
0x00007ffdd64f0000 - 0x00007ffdd650b000 	C:\Users\Usser\.jdks\openjdk-21.0.2\bin\VCRUNTIME140.dll
0x00007ffdcf270000 - 0x00007ffdcf288000 	C:\Users\Usser\.jdks\openjdk-21.0.2\bin\jli.dll
0x00007ffde9710000 - 0x00007ffde98ad000 	C:\WINDOWS\System32\USER32.dll
0x00007ffdd8740000 - 0x00007ffdd89da000 	C:\WINDOWS\WinSxS\amd64_microsoft.windows.common-controls_6595b64144ccf1df_6.0.19041.4355_none_60b8b9eb71f62e16\COMCTL32.dll
0x00007ffde8d30000 - 0x00007ffde8d52000 	C:\WINDOWS\System32\win32u.dll
0x00007ffde9f40000 - 0x00007ffde9fde000 	C:\WINDOWS\System32\msvcrt.dll
0x00007ffde9e60000 - 0x00007ffde9e8b000 	C:\WINDOWS\System32\GDI32.dll
0x00007ffde8880000 - 0x00007ffde899a000 	C:\WINDOWS\System32\gdi32full.dll
0x00007ffde8e10000 - 0x00007ffde8ead000 	C:\WINDOWS\System32\msvcp_win.dll
0x00007ffde9260000 - 0x00007ffde928f000 	C:\WINDOWS\System32\IMM32.DLL
0x00007ffddef30000 - 0x00007ffddef3c000 	C:\Users\Usser\.jdks\openjdk-21.0.2\bin\vcruntime140_1.dll
0x00007ffdb85a0000 - 0x00007ffdb862e000 	C:\Users\Usser\.jdks\openjdk-21.0.2\bin\msvcp140.dll
0x00007ffda8180000 - 0x00007ffda8e97000 	C:\Users\Usser\.jdks\openjdk-21.0.2\bin\server\jvm.dll
0x00007ffdea2b0000 - 0x00007ffdea35f000 	C:\WINDOWS\System32\ADVAPI32.dll
0x00007ffde99e0000 - 0x00007ffde9a7f000 	C:\WINDOWS\System32\sechost.dll
0x00007ffdea180000 - 0x00007ffdea2a3000 	C:\WINDOWS\System32\RPCRT4.dll
0x00007ffde9010000 - 0x00007ffde9037000 	C:\WINDOWS\System32\bcrypt.dll
0x00007ffde9ff0000 - 0x00007ffdea05b000 	C:\WINDOWS\System32\WS2_32.dll
0x00007ffdd8530000 - 0x00007ffdd8557000 	C:\WINDOWS\SYSTEM32\WINMM.dll
0x00007ffde8670000 - 0x00007ffde86bb000 	C:\WINDOWS\SYSTEM32\POWRPROF.dll
0x00007ffde6790000 - 0x00007ffde679a000 	C:\WINDOWS\SYSTEM32\VERSION.dll
0x00007ffde8650000 - 0x00007ffde8662000 	C:\WINDOWS\SYSTEM32\UMPDC.dll
0x00007ffde6890000 - 0x00007ffde68a2000 	C:\WINDOWS\SYSTEM32\kernel.appcore.dll
0x00007ffddebd0000 - 0x00007ffddebda000 	C:\Users\Usser\.jdks\openjdk-21.0.2\bin\jimage.dll
0x00007ffde13d0000 - 0x00007ffde15b4000 	C:\WINDOWS\SYSTEM32\DBGHELP.DLL
0x00007ffde1310000 - 0x00007ffde1344000 	C:\WINDOWS\SYSTEM32\dbgcore.DLL
0x00007ffde8ca0000 - 0x00007ffde8d22000 	C:\WINDOWS\System32\bcryptPrimitives.dll
0x00007ffdced50000 - 0x00007ffdced6f000 	C:\Users\Usser\.jdks\openjdk-21.0.2\bin\java.dll
0x00007ffdea9c0000 - 0x00007ffdeb12d000 	C:\WINDOWS\System32\SHELL32.dll
0x00007ffde68b0000 - 0x00007ffde7054000 	C:\WINDOWS\SYSTEM32\windows.storage.dll
0x00007ffde9a80000 - 0x00007ffde9dd5000 	C:\WINDOWS\System32\combase.dll
0x00007ffde8170000 - 0x00007ffde819b000 	C:\WINDOWS\SYSTEM32\Wldp.dll
0x00007ffdea630000 - 0x00007ffdea6fd000 	C:\WINDOWS\System32\OLEAUT32.dll
0x00007ffdea0d0000 - 0x00007ffdea17d000 	C:\WINDOWS\System32\SHCORE.dll
0x00007ffde91f0000 - 0x00007ffde9245000 	C:\WINDOWS\System32\shlwapi.dll
0x00007ffde8740000 - 0x00007ffde8765000 	C:\WINDOWS\SYSTEM32\profapi.dll
0x00007ffdb73f0000 - 0x00007ffdb74c7000 	C:\Users\Usser\.jdks\openjdk-21.0.2\bin\jsvml.dll
0x00007ffdddb60000 - 0x00007ffdddb70000 	C:\Users\Usser\.jdks\openjdk-21.0.2\bin\net.dll
0x00007ffde0f30000 - 0x00007ffde103a000 	C:\WINDOWS\SYSTEM32\WINHTTP.dll
0x00007ffde7ed0000 - 0x00007ffde7f3c000 	C:\WINDOWS\system32\mswsock.dll
0x00007ffdcec40000 - 0x00007ffdcec56000 	C:\Users\Usser\.jdks\openjdk-21.0.2\bin\nio.dll
0x00007ffdceb20000 - 0x00007ffdceb38000 	C:\Users\Usser\.jdks\openjdk-21.0.2\bin\zip.dll
0x00007ffdcecd0000 - 0x00007ffdcecda000 	C:\Users\Usser\.jdks\openjdk-21.0.2\bin\management.dll
0x00007ffdcecc0000 - 0x00007ffdceccb000 	C:\Users\Usser\.jdks\openjdk-21.0.2\bin\management_ext.dll
0x00007ffde9250000 - 0x00007ffde9258000 	C:\WINDOWS\System32\PSAPI.DLL
0x00007ffdcecb0000 - 0x00007ffdcecbe000 	C:\Users\Usser\.jdks\openjdk-21.0.2\bin\sunmscapi.dll
0x00007ffde8eb0000 - 0x00007ffde900c000 	C:\WINDOWS\System32\CRYPT32.dll
0x00007ffde81e0000 - 0x00007ffde8207000 	C:\WINDOWS\SYSTEM32\ncrypt.dll
0x00007ffde81a0000 - 0x00007ffde81db000 	C:\WINDOWS\SYSTEM32\NTASN1.dll
0x00007ffde80d0000 - 0x00007ffde80e8000 	C:\WINDOWS\SYSTEM32\CRYPTSP.dll
0x00007ffde77f0000 - 0x00007ffde7828000 	C:\WINDOWS\system32\rsaenh.dll
0x00007ffde8700000 - 0x00007ffde872e000 	C:\WINDOWS\SYSTEM32\USERENV.dll
0x00007ffde80c0000 - 0x00007ffde80cc000 	C:\WINDOWS\SYSTEM32\CRYPTBASE.dll
0x00007ffde7bb0000 - 0x00007ffde7beb000 	C:\WINDOWS\SYSTEM32\IPHLPAPI.DLL
0x00007ffdea0c0000 - 0x00007ffdea0c8000 	C:\WINDOWS\System32\NSI.dll
0x00007ffdced40000 - 0x00007ffdced50000 	C:\Users\Usser\.jdks\openjdk-21.0.2\bin\verify.dll
0x00007ffde7bf0000 - 0x00007ffde7cba000 	C:\WINDOWS\SYSTEM32\DNSAPI.dll
0x00007ffde04d0000 - 0x00007ffde04da000 	C:\Windows\System32\rasadhlp.dll
0x00007ffde0eb0000 - 0x00007ffde0f30000 	C:\WINDOWS\System32\fwpuclnt.dll
0x00007ffdd8aa0000 - 0x00007ffdd8aa9000 	C:\Users\Usser\.jdks\openjdk-21.0.2\bin\extnet.dll
0x00007ffddfcc0000 - 0x00007ffddfcc7000 	C:\WINDOWS\system32\wshunix.dll

dbghelp: loaded successfully - version: 4.0.5 - missing functions: none
symbol engine: initialized successfully - sym options: 0x614 - pdb path: .;C:\Users\Usser\.jdks\openjdk-21.0.2\bin;C:\WINDOWS\SYSTEM32;C:\WINDOWS\WinSxS\amd64_microsoft.windows.common-controls_6595b64144ccf1df_6.0.19041.4355_none_60b8b9eb71f62e16;C:\Users\Usser\.jdks\openjdk-21.0.2\bin\server

VM Arguments:
jvm_args: -Dfile.encoding=windows-1251 -Duser.country=RU -Duser.language=ru -Duser.variant 
java_command: com.example.el_parus_springboot_project.ElParusApplication
java_class_path (initial): D:\Home\Home\MyJavaProject1\build\classes\java\main;D:\Home\Home\MyJavaProject1\build\resources\main;C:\Users\Usser\.gradle\caches\modules-2\files-2.1\org.springframework.boot\spring-boot-devtools\3.4.3\2ff7eda01cc1f445ddf1cc4a18fc4950634dbb33\spring-boot-devtools-3.4.3.jar;C:\Users\Usser\.gradle\caches\modules-2\files-2.1\org.springframework.boot\spring-boot-starter-data-jpa\3.4.3\29c90fec6e887dc01df09ea4c3548b5a04b7afb4\spring-boot-starter-data-jpa-3.4.3.jar;C:\Users\Usser\.gradle\caches\modules-2\files-2.1\org.springframework.boot\spring-boot-starter-thymeleaf\3.4.3\6bbf0643625e924632407b3b659c2a1bbff0bd4e\spring-boot-starter-thymeleaf-3.4.3.jar;C:\Users\Usser\.gradle\caches\modules-2\files-2.1\org.springframework.boot\spring-boot-starter-web\3.4.3\87e7a401e7d249fefc7f372f5681e8620234624c\spring-boot-starter-web-3.4.3.jar;C:\Users\Usser\.gradle\caches\modules-2\files-2.1\org.springframework.boot\spring-boot-starter-security\3.4.3\b474a2f9fdd7e46cfb662b13bb38d9da9e7682d0\spring-boot-starter-security-3.4.3.jar;C:\Users\Usser\.gradle\caches\modules-2\files-2.1\com.mysql\mysql-connector-j\9.1.0\5fb1d513278e1a9767dfa80ea9d8d7ee909f1a\mysql-connector-j-9.1.0.jar;C:\Users\Usser\.gradle\caches\modules-2\files-2.1\org.springframework.boot\spring-boot-starter-jdbc\3.4.3\87c09bd67ea27fcd30d6413fdbc5bfa1f688e5e8\spring-boot-starter-jdbc-3.4.3.jar;C:\Users\Usser\.gradle\caches\modules-2\files-2.1\org.springframework.boot\spring-boot-starter-json\3.4.3\7a4d63165404da67ed3802678994c21a0763723\spring-boot-starter-json-3.4.3.jar;C:\Users\Usser\.gradle\caches\modules-2\files-2.1\org.springframework.boot\spring-boot-starter\3.4.3\247fdc05cd6de013c3fd26628fa221dd095b391\spring-boot-starter-3.4.3.jar;C:\Users\Usser\.gradle\caches\modules-2\files-2.1\org.springframework.boot\spring-boot-autoconfigure\3.4.3\6172c599082196b340910d67c5c790c32f10e417\spring-boot-autoconfigure-3.4.3.jar;C:\Users\Usser\.gradle\caches\modules-2\files-2.1\org.springframework.boot\spring-boot\3.4.3\a7138bcecd59ed27660b3894a7812d65db4951e6\spring-boot-3.4.3.jar;C:\Users\Usser\.gradle\caches\modules-2\files-2.1\org.hibernate.orm\hibernate-core\6.6.8.Final\2738c642d5e505249faa2f923e03541aa6b96916\hibernate-core-6.6.8.Final.jar;C:\Users\Usser\.gradle\caches\modules-2\files-2.1\org.springframework.data\spring-data-jpa\3.4.3\7e4c0e9c14f4d971a9de6aff3c9beece2001480b\spring-data-jpa-3.4.3.jar;C:\Users\Usser\.gradle\caches\modules-2\files-2.1\org.springframework\spring-aspects\6.2.3\f90a794dd3f81a1addc0552bc091e3f85b2428de\spring-aspects-6.2.3.jar;C:\Users\Usser\.gradle\caches\modules-2\files-2.1\org.thymeleaf\thymeleaf-spring6\3.1.3.RELEASE\4b276ea2bd536a18e44b40ff1d9f4848965ff59c\thymeleaf-spring6-3.1.3.RELEASE.jar;C:\Users\Usser\.gradle\caches\modules-2\files-2.1\org.springframework.boot\spring-boot-starter-tomcat\3.4.3\40246b02bf8bf905dd5fb3d57f48bfc2c9b49bb9\spring-boot-starter-tomcat-3.4.3.jar;C:\Users\Usser\.gradle\caches\modules-2\files-2.1\org.springframework\spring-webmvc\6.2.3\485f6e351bba471fc8f841f39eaf6488896369ff\spring-webmvc-6.2.3.jar;C:\Users\Usser\.gradle\caches\modules-2\files-2.1\org.springframework.security\spring-security-web\6.4.3\7e0887e8fccda083d8bb4abb58997909480ea4a0\spring-security-web-6.4.3.jar;C:\Users\Usser\.gradle\caches\modules-2\files-2.1\org.springframework\spring-web\6.2.3\662ac5ee41af27d183f97032b2fec2b652d379f5\spring-web-6.2.3.jar;C:\Users\Usser\.gradle\caches\modules-2\files-2.1\org.springframework.security\spring-security-config\6.4.3\52d7cedfde4f9a4e78f27b754e8be89ec25e871\spring-security-config-6.4.3.jar;C:\Users\Usser\.gradle\caches\modules-2\files-2.1\org.springframework.security\spring-security-core\6.4.3\3023090cb32ecfe266726edc498ae8cb112f4e7f\spring-security-core-6.4.3.jar;C:\Users\Usser\.gradle\caches\modules-2\files-2.1\org.springframework\spring-context\6.2.3\35acadc000b8aaff77e3412dd9acb51aa70c8515\spring-context-6.2.3.jar;C:\Users\Usser\.gradle\caches\modules-2\files-2.1\org.springframework\spring-aop\6.2.3\7983418fa64505d144b60826fb1352ad336c60a0\spring-aop-6.2.3.jar;C:\Users\Usser\.gradle\caches\modules-2\files-2.1\org.springframework\spring-orm\6.2.3\b99b9917702591c2ef0cfa7a9bff6bf757015437\spring-orm-6.2.3.jar;C:\Users\Usser\.gradle\caches\modules-2\files-2.1\org.springframework\spring-jdbc\6.2.3\37a5f7fd424fe555a556138c8ac4f8d6dd312c19\spring-jdbc-6.2.3.jar;C:\Users\Usser\.gradle\caches\modules-2\files-2.1\org.springframework.data\spring-data-commons\3.4.3\2b61ff4aef4a81071ce7eaf1ec29ef9e553bf930\spring-data-commons-3.4.3.jar;C:\Users\Usser\.gradle\caches\modules-2\files-2.1\org.springframework\spring-tx\6.2.3\29c8703a756f9a41bc8e14e2aae7890658c54abf\spring-tx-6.2.3.jar;C:\Users\Usser\.gradle\caches\modules-2\files-2.1\org.springframework\spring-beans\6.2.3\de660324c90e9b015886d85c746860478fa7d99c\spring-beans-6.2.3.jar;C:\Users\Usser\.gradle\caches\modules-2\files-2.1\org.springframework\spring-expression\6.2.3\bda43c7be1bb69cce2a380c2bbaf05062631d42d\spring-expression-6.2.3.jar;C:\Users\Usser\.gradle\caches\modules-2\files-2.1\org.springframework\spring-core\6.2.3\13ec11e345b915d7ceea37446f1b1eefdcaad62c\spring-core-6.2.3.jar;C:\Users\Usser\.gradle\caches\modules-2\files-2.1\org.springframework.boot\spring-boot-starter-logging\3.4.3\e5aee6af32c2dbcc9fb379bcd6c5e5b931db93f1\spring-boot-starter-logging-3.4.3.jar;C:\Users\Usser\.gradle\caches\modules-2\files-2.1\jakarta.annotation\jakarta.annotation-api\2.1.1\48b9bda22b091b1f48b13af03fe36db3be6e1ae3\jakarta.annotation-api-2.1.1.jar;C:\Users\Usser\.gradle\caches\modules-2\files-2.1\org.yaml\snakeyaml\2.3\936b36210e27320f920536f695cf1af210c44586\snakeyaml-2.3.jar;C:\Users\Usser\.gradle\caches\modules-2\files-2.1\com.zaxxer\HikariCP\5.1.0\8c96e36c14461fc436bb02b264b96ef3ca5dca8c\HikariCP-5.1.0.jar;C:\Users\Usser\.gradle\caches\modules-2\files-2.1\jakarta.persistence\jakarta.persistence-api\3.1.0\66901fa1c373c6aff65c13791cc11da72060a8d6\jakarta.persistence-api-3.1.0.jar;C:\Users\Usser\.gradle\caches\modules-2\files-2.1\jakarta.transaction\jakarta.transaction-api\2.0.1\51a520e3fae406abb84e2e1148e6746ce3f80a1a\jakarta.transaction-api-2.0.1.jar;C:\Users\Usser\.gradle\caches\modules-2\files-2.1\org.jboss.logging\jboss-logging\3.6.1.Final\886afbb445b4016a37c8960a7aef6ebd769ce7e5\jboss-logging-3.6.1.Final.jar;C:\Users\Usser\.gradle\caches\modules-2\files-2.1\org.hibernate.common\hibernate-commons-annotations\7.0.3.Final\e183c4be8bb41d12e9f19b374e00c34a0a85f439\hibernate-commons-annotations-7.0.3.Final.jar;C:\Users\Usser\.gradle\caches\modules-2\files-2.1\io.smallrye\jandex\3.2.0\f17ad860f62a08487b9edabde608f8ac55c62fa7\jandex-3.2.0.jar;C:\Users\Usser\.gradle\caches\modules-2\files-2.1\com.fasterxml\classmate\1.7.0\e98374da1f2143ac8e6e0a95036994bb19137a3\classmate-1.7.0.jar;C:\Users\Usser\.gradle\caches\modules-2\files-2.1\net.bytebuddy\byte-buddy\1.15.11\f61886478e0f9ee4c21d09574736f0ff45e0a46c\byte-buddy-1.15.11.jar;C:\Users\Usser\.gradle\caches\modules-2\files-2.1\org.glassfish.jaxb\jaxb-runtime\4.0.5\ca84c2a7169b5293e232b9d00d1e4e36d4c3914a\jaxb-runtime-4.0.5.jar;C:\Users\Usser\.gradle\caches\modules-2\files-2.1\org.glassfish.jaxb\jaxb-core\4.0.5\7b4b11ea5542eea4ad55e1080b23be436795b3\jaxb-core-4.0.5.jar;C:\Users\Usser\.gradle\caches\modules-2\files-2.1\jakarta.xml.bind\jakarta.xml.bind-api\4.0.2\6cd5a999b834b63238005b7144136379dc36cad2\jakarta.xml.bind-api-4.0.2.jar;C:\Users\Usser\.gradle\caches\modules-2\files-2.1\jakarta.inject\jakarta.inject-api\2.0.1\4c28afe1991a941d7702fe1362c365f0a8641d1e\jakarta.inject-api-2.0.1.jar;C:\Users\Usser\.gradle\caches\modules-2\files-2.1\org.antlr\antlr4-runtime\4.13.0\5a02e48521624faaf5ff4d99afc88b01686af655\antlr4-runtime-4.13.0.jar;C:\Users\Usser\.gradle\caches\modules-2\files-2.1\org.thymeleaf\thymeleaf\3.1.3.RELEASE\51474f2a90b282ee97dabcd159c7faf24790f373\thymeleaf-3.1.3.RELEASE.jar;C:\Users\Usser\.gradle\caches\modules-2\files-2.1\ch.qos.logback\logback-classic\1.5.16\113979db51dfad6dc895b34460d7b7ff64ffe7d2\logback-classic-1.5.16.jar;C:\Users\Usser\.gradle\caches\modules-2\files-2.1\org.apache.logging.log4j\log4j-to-slf4j\2.24.3\da1143e2a2531ee1c2d90baa98eb50a28a39d5a7\log4j-to-slf4j-2.24.3.jar;C:\Users\Usser\.gradle\caches\modules-2\files-2.1\org.slf4j\jul-to-slf4j\2.0.16\6d57da3e961daac65bcca0dd3def6cd11e48a24a\jul-to-slf4j-2.0.16.jar;C:\Users\Usser\.gradle\caches\modules-2\files-2.1\org.slf4j\slf4j-api\2.0.16\172931663a09a1fa515567af5fbef00897d3c04\slf4j-api-2.0.16.jar;C:\Users\Usser\.gradle\caches\modules-2\files-2.1\org.aspectj\aspectjweaver\1.9.22.1\bca243d0af0db4758fbae45c5f4995cb5dabb612\aspectjweaver-1.9.22.1.jar;C:\Users\Usser\.gradle\caches\modules-2\files-2.1\com.fasterxml.jackson.datatype\jackson-datatype-jsr310\2.18.2\7b6ff96adf421f4c6edbd694e797dd8fe434510a\jackson-datatype-jsr310-2.18.2.jar;C:\Users\Usser\.gradle\caches\modules-2\files-2.1\com.fasterxml.jackson.module\jackson-module-parameter-names\2.18.2\72960cb3277347a748911d100c3302d60e8a616a\jackson-module-parameter-names-2.18.2.jar;C:\Users\Usser\.gradle\caches\modules-2\files-2.1\com.fasterxml.jackson.core\jackson-annotations\2.18.2\985d77751ebc7fce5db115a986bc9aa82f973f4a\jackson-annotations-2.18.2.jar;C:\Users\Usser\.gradle\caches\modules-2\files-2.1\com.fasterxml.jackson.core\jackson-core\2.18.2\fb64ccac5c27dca8819418eb4e443a9f496d9ee7\jackson-core-2.18.2.jar;C:\Users\Usser\.gradle\caches\modules-2\files-2.1\com.fasterxml.jackson.datatype\jackson-datatype-jdk8\2.18.2\9ed6d538ebcc66864e114a7040953dce6ab6ea53\jackson-datatype-jdk8-2.18.2.jar;C:\Users\Usser\.gradle\caches\modules-2\files-2.1\com.fasterxml.jackson.core\jackson-databind\2.18.2\deef8697b92141fb6caf7aa86966cff4eec9b04f\jackson-databind-2.18.2.jar;C:\Users\Usser\.gradle\caches\modules-2\files-2.1\org.apache.tomcat.embed\tomcat-embed-websocket\10.1.36\222960bc8895aa543e405382094c7fb118544d0d\tomcat-embed-websocket-10.1.36.jar;C:\Users\Usser\.gradle\caches\modules-2\files-2.1\org.apache.tomcat.embed\tomcat-embed-core\10.1.36\3ccaa558e32e317e35d6674d65d7d9aa182e082f\tomcat-embed-core-10.1.36.jar;C:\Users\Usser\.gradle\caches\modules-2\files-2.1\org.apache.tomcat.embed\tomcat-embed-el\10.1.36\4e4235a18244af30bb32d9b5a9400fb8edb3bc20\tomcat-embed-el-10.1.36.jar;C:\Users\Usser\.gradle\caches\modules-2\files-2.1\io.micrometer\micrometer-observation\1.14.4\c17efe9e6695a0a849a95d0e77422516a345e779\micrometer-observation-1.14.4.jar;C:\Users\Usser\.gradle\caches\modules-2\files-2.1\org.springframework\spring-jcl\6.2.3\ce8bf55aa240fdeab07b3da1f462c79112a33aff\spring-jcl-6.2.3.jar;C:\Users\Usser\.gradle\caches\modules-2\files-2.1\org.eclipse.angus\angus-activation\2.0.2\41f1e0ddd157c856926ed149ab837d110955a9fc\angus-activation-2.0.2.jar;C:\Users\Usser\.gradle\caches\modules-2\files-2.1\jakarta.activation\jakarta.activation-api\2.1.3\fa165bd70cda600368eee31555222776a46b881f\jakarta.activation-api-2.1.3.jar;C:\Users\Usser\.gradle\caches\modules-2\files-2.1\org.attoparser\attoparser\2.0.7.RELEASE\e5d0e988d9124139d645bb5872b24dfa23e283cc\attoparser-2.0.7.RELEASE.jar;C:\Users\Usser\.gradle\caches\modules-2\files-2.1\org.unbescape\unbescape\1.1.6.RELEASE\7b90360afb2b860e09e8347112800d12c12b2a13\unbescape-1.1.6.RELEASE.jar;C:\Users\Usser\.gradle\caches\modules-2\files-2.1\io.micrometer\micrometer-commons\1.14.4\3664f95586514d8f9adc81a5f7a5ef9f66b65599\micrometer-commons-1.14.4.jar;C:\Users\Usser\.gradle\caches\modules-2\files-2.1\org.springframework.security\spring-security-crypto\6.4.3\157bf3d0173f12882938e244ba5c1359d72908d9\spring-security-crypto-6.4.3.jar;C:\Users\Usser\.gradle\caches\modules-2\files-2.1\ch.qos.logback\logback-core\1.5.16\4f17700f046900aea2fadf115e2d67fec921f7fd\logback-core-1.5.16.jar;C:\Users\Usser\.gradle\caches\modules-2\files-2.1\org.apache.logging.log4j\log4j-api\2.24.3\b02c125db8b6d295adf72ae6e71af5d83bce2370\log4j-api-2.24.3.jar;C:\Users\Usser\.gradle\caches\modules-2\files-2.1\org.glassfish.jaxb\txw2\4.0.5\f36a4ef12120a9bb06d766d6a0e54b144fd7ed98\txw2-4.0.5.jar;C:\Users\Usser\.gradle\caches\modules-2\files-2.1\com.sun.istack\istack-commons-runtime\4.1.2\18ec117c85f3ba0ac65409136afa8e42bc74e739\istack-commons-runtime-4.1.2.jar
Launcher Type: SUN_STANDARD

[Global flags]
     intx CICompilerCount                          = 3                                         {product} {ergonomic}
     uint ConcGCThreads                            = 1                                         {product} {ergonomic}
     uint G1ConcRefinementThreads                  = 4                                         {product} {ergonomic}
   size_t G1HeapRegionSize                         = 1048576                                   {product} {ergonomic}
    uintx GCDrainStackTargetSize                   = 64                                        {product} {ergonomic}
   size_t InitialHeapSize                          = 132120576                                 {product} {ergonomic}
   size_t MarkStackSize                            = 4194304                                   {product} {ergonomic}
   size_t MaxHeapSize                              = 2113929216                                {product} {ergonomic}
   size_t MaxNewSize                               = 1267728384                                {product} {ergonomic}
   size_t MinHeapDeltaBytes                        = 1048576                                   {product} {ergonomic}
   size_t MinHeapSize                              = 8388608                                   {product} {ergonomic}
    uintx NonNMethodCodeHeapSize                   = 5832780                                {pd product} {ergonomic}
    uintx NonProfiledCodeHeapSize                  = 122912730                              {pd product} {ergonomic}
    uintx ProfiledCodeHeapSize                     = 122912730                              {pd product} {ergonomic}
    uintx ReservedCodeCacheSize                    = 251658240                              {pd product} {ergonomic}
     bool SegmentedCodeCache                       = true                                      {product} {ergonomic}
   size_t SoftMaxHeapSize                          = 2113929216                             {manageable} {ergonomic}
     bool UseCompressedOops                        = true                           {product lp64_product} {ergonomic}
     bool UseG1GC                                  = true                                      {product} {ergonomic}
     bool UseLargePagesIndividualAllocation        = false                                  {pd product} {ergonomic}

Logging:
Log output configuration:
 #0: stdout all=warning uptime,level,tags foldmultilines=false
 #1: stderr all=off uptime,level,tags foldmultilines=false

Environment Variables:
JAVA_HOME=C:\Program Files\Java\jdk-21
PATH=C:\Program Files\Common Files\Oracle\Java\javapath;C:\WINDOWS\system32;C:\WINDOWS;C:\WINDOWS\System32\Wbem;C:\WINDOWS\System32\WindowsPowerShell\v1.0\;C:\WINDOWS\System32\OpenSSH\;C:\Program Files\dotnet\;C:\Program Files\Git\cmd;C:\Program Files\Java\jdk-21\bin;C:\Program Files\MySQL\MySQL Shell 8.0\bin\;C:\Users\Usser\AppData\Local\Microsoft\WindowsApps;C:\Users\Usser\AppData\Local\GitHubDesktop\bin;C:\Users\Usser\.dotnet\tools;C:\Users\Usser\AppData\Local\Programs\Microsoft VS Code\bin
USERNAME=Usser
OS=Windows_NT
PROCESSOR_IDENTIFIER=Intel64 Family 6 Model 158 Stepping 9, GenuineIntel
TMP=C:\Users\Usser\AppData\Local\Temp
TEMP=C:\Users\Usser\AppData\Local\Temp




Periodic native trim disabled

---------------  S Y S T E M  ---------------

OS:
 Windows 10 , 64 bit Build 19041 (10.0.19041.5438)
OS uptime: 8 days 5:44 hours

CPU: total 4 (initial active 4) (2 cores per cpu, 2 threads per core) family 6 model 158 stepping 9 microcode 0xb4, cx8, cmov, fxsr, ht, mmx, 3dnowpref, sse, sse2, sse3, ssse3, sse4.1, sse4.2, popcnt, lzcnt, tsc, tscinvbit, avx, avx2, aes, erms, clmul, bmi1, bmi2, adx, fma, vzeroupper, clflush, clflushopt, rdtscp, f16c
Processor Information for all 4 processors :
  Max Mhz: 3900, Current Mhz: 3900, Mhz Limit: 3900

Memory: 4k page, system-wide physical 8057M (467M free)
TotalPageFile size 16249M (AvailPageFile size 7M)
current process WorkingSet (physical memory assigned to process): 291M, peak: 328M
current process commit charge ("private bytes"): 360M, peak: 393M

vm_info: OpenJDK 64-Bit Server VM (21.0.2+13-58) for windows-amd64 JRE (21.0.2+13-58), built on 2024-01-05T18:32:24Z by "mach5one" with MS VC++ 17.1 (VS2022)

END.
